#
# There is insufficient memory for the Java Runtime Environment to continue.
# Native memory allocation (mmap) failed to map 49283072 bytes for Failed to commit area from 0x000000008ea00000 to 0x0000000091900000 of length 49283072.
# Possible reasons:
#   The system is out of physical RAM or swap space
#   The process is running with CompressedOops enabled, and the Java Heap may be blocking the growth of the native heap
# Possible solutions:
#   Reduce memory load on the system
#   Increase physical memory or swap space
#   Check if swap backing store is full
#   Decrease Java heap size (-Xmx/-Xms)
#   Decrease number of Java threads
#   Decrease Java thread stack sizes (-Xss)
#   Set larger code cache with -XX:ReservedCodeCacheSize=
#   JVM is running with Unscaled Compressed Oops mode in which the Java heap is
#     placed in the first 4GB address space. The Java Heap base address is the
#     maximum limit for the native heap growth. Please use -XX:HeapBaseMinAddress
#     to set the Java Heap base and to place the Java Heap above 4GB virtual address.
# This output file may be truncated or incomplete.
#
#  Out of Memory Error (./src/hotspot/os/windows/os_windows.cpp:3521), pid=9752, tid=5128
#
# JRE version: OpenJDK Runtime Environment (11.0.12+7) (build 11.0.12+7-b1504.28-7817840)
# Java VM: OpenJDK 64-Bit Server VM (11.0.12+7-b1504.28-7817840, mixed mode, tiered, compressed oops, g1 gc, windows-amd64)
# No core dump will be written. Minidumps are not enabled by default on client versions of Windows
#

---------------  S U M M A R Y ------------

Command Line: --add-opens=java.base/java.util=ALL-UNNAMED --add-opens=java.base/java.lang=ALL-UNNAMED --add-opens=java.base/java.lang.invoke=ALL-UNNAMED --add-opens=java.base/java.util=ALL-UNNAMED --add-opens=java.prefs/java.util.prefs=ALL-UNNAMED --add-opens=java.prefs/java.util.prefs=ALL-UNNAMED --add-opens=java.base/java.nio.charset=ALL-UNNAMED --add-opens=java.base/java.net=ALL-UNNAMED --add-opens=java.base/java.util.concurrent.atomic=ALL-UNNAMED -Xmx2048m -Dfile.encoding=UTF-8 -Duser.country=UA -Duser.language=uk -Duser.variant org.gradle.launcher.daemon.bootstrap.GradleDaemon 7.3.3

Host: Intel(R) Core(TM) i3-9100F CPU @ 3.60GHz, 4 cores, 3G,  Windows 10 , 64 bit Build 19041 (10.0.19041.1889)
Time: Thu Oct 13 11:32:43 2022 Ô³íëÿíä³ÿ (ë³òî) elapsed time: 21.208296 seconds (0d 0h 0m 21s)

---------------  T H R E A D  ---------------

Current thread (0x000001644006e000):  VMThread "VM Thread" [stack: 0x00000048ec400000,0x00000048ec500000] [id=5128]

Stack: [0x00000048ec400000,0x00000048ec500000]
[error occurred during error reporting (printing stack bounds), id 0xc0000005, EXCEPTION_ACCESS_VIOLATION (0xc0000005) at pc=0x00000164298a112d]

Native frames: (J=compiled Java code, j=interpreted, Vv=VM code, C=native code)
V  [jvm.dll+0x5fbcea]
V  [jvm.dll+0x731905]
V  [jvm.dll+0x732f1d]
V  [jvm.dll+0x733535]
V  [jvm.dll+0x7334eb]
V  [jvm.dll+0x5fb080]
V  [jvm.dll+0x5fb818]
C  [ntdll.dll+0xa235f]
C  [ntdll.dll+0x514a4]
C  [ntdll.dll+0xa0e8e]
C  0x00000164298a112d

VM_Operation (0x00000048f03f8c60): G1CollectForAllocation, mode: safepoint, requested by thread 0x0000016442f06000


---------------  P R O C E S S  ---------------

Threads class SMR info:
_java_thread_list=0x000001644db0cd50, length=87, elements={
0x000001642457b000, 0x0000016440074800, 0x000001644007f000, 0x0000016440096800,
0x0000016440099800, 0x000001644009b000, 0x000001644009e800, 0x00000164400a3800,
0x0000016440a44000, 0x0000016440b73800, 0x000001644364b800, 0x0000016442a45800,
0x0000016441a43000, 0x0000016443542800, 0x0000016443798800, 0x0000016442286800,
0x0000016442287000, 0x0000016442c76800, 0x0000016443148800, 0x00000164434cb000,
0x00000164434ca800, 0x00000164434cd800, 0x00000164434c9800, 0x00000164434cd000,
0x00000164434ce800, 0x00000164434cc000, 0x00000164434c8800, 0x00000164434cf000,
0x00000164433d0000, 0x00000164433cc800, 0x00000164433ca800, 0x00000164433cd800,
0x00000164433cb000, 0x00000164433d2800, 0x00000164433cf000, 0x00000164433d5000,
0x00000164433d5800, 0x00000164433d6800, 0x00000164433d7800, 0x00000164433d4000,
0x00000164433d1800, 0x00000164433d8000, 0x00000164433d9000, 0x00000164433d3800,
0x0000016442ef7000, 0x0000016442efd000, 0x0000016442ef8000, 0x0000016442efd800,
0x0000016442efa800, 0x0000016442ef9800, 0x0000016442efe800, 0x0000016442ef9000,
0x0000016442eff800, 0x0000016442f00000, 0x0000016442f01000, 0x0000016442efb000,
0x0000016442f01800, 0x0000016442efc000, 0x0000016442f06000, 0x0000016442f02800,
0x0000016442f03800, 0x0000016442f05000, 0x0000016442f04000, 0x0000016447c1d000,
0x0000016447c1e000, 0x0000016447c1c000, 0x0000016447c22000, 0x0000016447c24800,
0x0000016447c1e800, 0x0000016447c22800, 0x0000016447c23800, 0x0000016447c25000,
0x0000016447c1f800, 0x0000016447c26000, 0x0000016447c20800, 0x0000016447c27000,
0x0000016447c21000, 0x0000016447c28800, 0x0000016447c29800, 0x0000016447c2a000,
0x000001644afc7000, 0x000001644afc1800, 0x000001644afc4000, 0x000001644afc8000,
0x000001644afc2000, 0x000001644afc3000, 0x000001644afc4800
}

Java Threads: ( => current thread )
  0x000001642457b000 JavaThread "main" [_thread_blocked, id=4120, stack(0x00000048ebe00000,0x00000048ebf00000)]
  0x0000016440074800 JavaThread "Reference Handler" daemon [_thread_blocked, id=1208, stack(0x00000048ec500000,0x00000048ec600000)]
  0x000001644007f000 JavaThread "Finalizer" daemon [_thread_blocked, id=6992, stack(0x00000048ec600000,0x00000048ec700000)]
  0x0000016440096800 JavaThread "Signal Dispatcher" daemon [_thread_blocked, id=9148, stack(0x00000048ec700000,0x00000048ec800000)]
  0x0000016440099800 JavaThread "Attach Listener" daemon [_thread_blocked, id=8104, stack(0x00000048ec800000,0x00000048ec900000)]
  0x000001644009b000 JavaThread "Service Thread" daemon [_thread_blocked, id=5712, stack(0x00000048ec900000,0x00000048eca00000)]
  0x000001644009e800 JavaThread "C2 CompilerThread0" daemon [_thread_blocked, id=10764, stack(0x00000048eca00000,0x00000048ecb00000)]
  0x00000164400a3800 JavaThread "C1 CompilerThread0" daemon [_thread_blocked, id=10700, stack(0x00000048ecb00000,0x00000048ecc00000)]
  0x0000016440a44000 JavaThread "Sweeper thread" daemon [_thread_blocked, id=996, stack(0x00000048ecc00000,0x00000048ecd00000)]
  0x0000016440b73800 JavaThread "Common-Cleaner" daemon [_thread_blocked, id=6300, stack(0x00000048ecd00000,0x00000048ece00000)]
  0x000001644364b800 JavaThread "Daemon health stats" [_thread_blocked, id=7244, stack(0x00000048ed100000,0x00000048ed200000)]
  0x0000016442a45800 JavaThread "Incoming local TCP Connector on port 62024" [_thread_in_native, id=5720, stack(0x00000048ed200000,0x00000048ed300000)]
  0x0000016441a43000 JavaThread "Daemon periodic checks" [_thread_blocked, id=10452, stack(0x00000048ed300000,0x00000048ed400000)]
  0x0000016443542800 JavaThread "Daemon" [_thread_blocked, id=3216, stack(0x00000048ed400000,0x00000048ed500000)]
  0x0000016443798800 JavaThread "Handler for socket connection from /127.0.0.1:62024 to /127.0.0.1:62025" [_thread_in_native, id=12864, stack(0x00000048ed500000,0x00000048ed600000)]
  0x0000016442286800 JavaThread "Cancel handler" [_thread_blocked, id=5700, stack(0x00000048ed800000,0x00000048ed900000)]
  0x0000016442287000 JavaThread "Daemon worker" [_thread_blocked, id=1596, stack(0x00000048ed900000,0x00000048eda00000)]
  0x0000016442c76800 JavaThread "Asynchronous log dispatcher for DefaultDaemonConnection: socket connection from /127.0.0.1:62024 to /127.0.0.1:62025" [_thread_blocked, id=11004, stack(0x00000048eda00000,0x00000048edb00000)]
  0x0000016443148800 JavaThread "Stdin handler" [_thread_blocked, id=7656, stack(0x00000048edb00000,0x00000048edc00000)]
  0x00000164434cb000 JavaThread "Daemon client event forwarder" [_thread_blocked, id=2624, stack(0x00000048edc00000,0x00000048edd00000)]
  0x00000164434ca800 JavaThread "Cache worker for journal cache (C:\Users\ochuhvitskyy\.gradle\caches\journal-1)" [_thread_blocked, id=5840, stack(0x00000048edd00000,0x00000048ede00000)]
  0x00000164434cd800 JavaThread "File lock request listener" [_thread_in_native, id=1152, stack(0x00000048ede00000,0x00000048edf00000)]
  0x00000164434c9800 JavaThread "Cache worker for file hash cache (C:\Users\ochuhvitskyy\.gradle\caches\7.3.3\fileHashes)" [_thread_blocked, id=10584, stack(0x00000048edf00000,0x00000048ee000000)]
  0x00000164434cd000 JavaThread "Cache worker for file hash cache (C:\Users\ochuhvitskyy\AndroidStudioProjects\RetrofitVsVolley\.gradle\7.3.3\fileHashes)" [_thread_blocked, id=10680, stack(0x00000048ee000000,0x00000048ee100000)]
  0x00000164434ce800 JavaThread "File watcher server" daemon [_thread_blocked, id=1856, stack(0x00000048ee100000,0x00000048ee200000)]
  0x00000164434cc000 JavaThread "File watcher consumer" daemon [_thread_blocked, id=9816, stack(0x00000048ee200000,0x00000048ee300000)]
  0x00000164434c8800 JavaThread "Cache worker for checksums cache (C:\Users\ochuhvitskyy\AndroidStudioProjects\RetrofitVsVolley\.gradle\7.3.3\checksums)" [_thread_blocked, id=6076, stack(0x00000048ee300000,0x00000048ee400000)]
  0x00000164434cf000 JavaThread "Cache worker for cache directory md-supplier (C:\Users\ochuhvitskyy\.gradle\caches\7.3.3\md-supplier)" [_thread_blocked, id=6832, stack(0x00000048ee400000,0x00000048ee500000)]
  0x00000164433d0000 JavaThread "Cache worker for cache directory md-rule (C:\Users\ochuhvitskyy\.gradle\caches\7.3.3\md-rule)" [_thread_blocked, id=9492, stack(0x00000048ee500000,0x00000048ee600000)]
  0x00000164433cc800 JavaThread "Cache worker for execution history cache (C:\Users\ochuhvitskyy\.gradle\caches\7.3.3\executionHistory)" [_thread_blocked, id=5396, stack(0x00000048ee600000,0x00000048ee700000)]
  0x00000164433ca800 JavaThread "jar transforms" [_thread_blocked, id=2280, stack(0x00000048ee700000,0x00000048ee800000)]
  0x00000164433cd800 JavaThread "Cache worker for file content cache (C:\Users\ochuhvitskyy\.gradle\caches\7.3.3\fileContent)" [_thread_blocked, id=6236, stack(0x00000048ee800000,0x00000048ee900000)]
  0x00000164433cb000 JavaThread "jar transforms Thread 2" [_thread_blocked, id=13100, stack(0x00000048ee900000,0x00000048eea00000)]
  0x00000164433d2800 JavaThread "Cache worker for dependencies-accessors (C:\Users\ochuhvitskyy\AndroidStudioProjects\RetrofitVsVolley\.gradle\7.3.3\dependencies-accessors)" [_thread_blocked, id=3908, stack(0x00000048eea00000,0x00000048eeb00000)]
  0x00000164433cf000 JavaThread "jar transforms Thread 3" [_thread_blocked, id=4568, stack(0x00000048eeb00000,0x00000048eec00000)]
  0x00000164433d5000 JavaThread "Cache worker for Build Output Cleanup Cache (C:\Users\ochuhvitskyy\AndroidStudioProjects\RetrofitVsVolley\.gradle\buildOutputCleanup)" [_thread_blocked, id=5968, stack(0x00000048eec00000,0x00000048eed00000)]
  0x00000164433d5800 JavaThread "Unconstrained build operations" [_thread_blocked, id=7988, stack(0x00000048eed00000,0x00000048eee00000)]
  0x00000164433d6800 JavaThread "Unconstrained build operations Thread 2" [_thread_blocked, id=8904, stack(0x00000048eee00000,0x00000048eef00000)]
  0x00000164433d7800 JavaThread "Unconstrained build operations Thread 3" [_thread_blocked, id=3436, stack(0x00000048eef00000,0x00000048ef000000)]
  0x00000164433d4000 JavaThread "Unconstrained build operations Thread 4" [_thread_blocked, id=6600, stack(0x00000048ef000000,0x00000048ef100000)]
  0x00000164433d1800 JavaThread "Unconstrained build operations Thread 5" [_thread_blocked, id=5676, stack(0x00000048ef100000,0x00000048ef200000)]
  0x00000164433d8000 JavaThread "Unconstrained build operations Thread 6" [_thread_blocked, id=12836, stack(0x00000048ef200000,0x00000048ef300000)]
  0x00000164433d9000 JavaThread "Unconstrained build operations Thread 7" [_thread_blocked, id=7280, stack(0x00000048ef300000,0x00000048ef400000)]
  0x00000164433d3800 JavaThread "Unconstrained build operations Thread 8" [_thread_blocked, id=11152, stack(0x00000048ef400000,0x00000048ef500000)]
  0x0000016442ef7000 JavaThread "Unconstrained build operations Thread 9" [_thread_blocked, id=6104, stack(0x00000048ef500000,0x00000048ef600000)]
  0x0000016442efd000 JavaThread "Unconstrained build operations Thread 10" [_thread_blocked, id=12212, stack(0x00000048ef600000,0x00000048ef700000)]
  0x0000016442ef8000 JavaThread "Unconstrained build operations Thread 11" [_thread_blocked, id=8144, stack(0x00000048ef700000,0x00000048ef800000)]
  0x0000016442efd800 JavaThread "Unconstrained build operations Thread 12" [_thread_blocked, id=4564, stack(0x00000048ef800000,0x00000048ef900000)]
  0x0000016442efa800 JavaThread "Unconstrained build operations Thread 13" [_thread_blocked, id=10148, stack(0x00000048ef900000,0x00000048efa00000)]
  0x0000016442ef9800 JavaThread "Unconstrained build operations Thread 14" [_thread_blocked, id=3284, stack(0x00000048efa00000,0x00000048efb00000)]
  0x0000016442efe800 JavaThread "Unconstrained build operations Thread 15" [_thread_blocked, id=11968, stack(0x00000048efb00000,0x00000048efc00000)]
  0x0000016442ef9000 JavaThread "Unconstrained build operations Thread 16" [_thread_blocked, id=10320, stack(0x00000048efc00000,0x00000048efd00000)]
  0x0000016442eff800 JavaThread "Unconstrained build operations Thread 17" [_thread_blocked, id=1320, stack(0x00000048efd00000,0x00000048efe00000)]
  0x0000016442f00000 JavaThread "Unconstrained build operations Thread 18" [_thread_blocked, id=3780, stack(0x00000048efe00000,0x00000048eff00000)]
  0x0000016442f01000 JavaThread "Unconstrained build operations Thread 19" [_thread_blocked, id=8388, stack(0x00000048eff00000,0x00000048f0000000)]
  0x0000016442efb000 JavaThread "Unconstrained build operations Thread 20" [_thread_blocked, id=9980, stack(0x00000048f0000000,0x00000048f0100000)]
  0x0000016442f01800 JavaThread "Unconstrained build operations Thread 21" [_thread_blocked, id=11620, stack(0x00000048f0100000,0x00000048f0200000)]
  0x0000016442efc000 JavaThread "Unconstrained build operations Thread 22" [_thread_blocked, id=12364, stack(0x00000048f0200000,0x00000048f0300000)]
  0x0000016442f06000 JavaThread "Unconstrained build operations Thread 23" [_thread_blocked, id=9292, stack(0x00000048f0300000,0x00000048f0400000)]
  0x0000016442f02800 JavaThread "Unconstrained build operations Thread 24" [_thread_blocked, id=5576, stack(0x00000048f0400000,0x00000048f0500000)]
  0x0000016442f03800 JavaThread "Unconstrained build operations Thread 25" [_thread_blocked, id=10380, stack(0x00000048f0500000,0x00000048f0600000)]
  0x0000016442f05000 JavaThread "Unconstrained build operations Thread 26" [_thread_blocked, id=3912, stack(0x00000048f0600000,0x00000048f0700000)]
  0x0000016442f04000 JavaThread "Unconstrained build operations Thread 27" [_thread_blocked, id=8056, stack(0x00000048f0700000,0x00000048f0800000)]
  0x0000016447c1d000 JavaThread "Unconstrained build operations Thread 28" [_thread_blocked, id=3088, stack(0x00000048f0800000,0x00000048f0900000)]
  0x0000016447c1e000 JavaThread "Unconstrained build operations Thread 29" [_thread_blocked, id=1976, stack(0x00000048f0900000,0x00000048f0a00000)]
  0x0000016447c1c000 JavaThread "Unconstrained build operations Thread 30" [_thread_blocked, id=2748, stack(0x00000048f0a00000,0x00000048f0b00000)]
  0x0000016447c22000 JavaThread "Unconstrained build operations Thread 31" [_thread_blocked, id=10184, stack(0x00000048f0b00000,0x00000048f0c00000)]
  0x0000016447c24800 JavaThread "Unconstrained build operations Thread 32" [_thread_blocked, id=5424, stack(0x00000048f0c00000,0x00000048f0d00000)]
  0x0000016447c1e800 JavaThread "Unconstrained build operations Thread 33" [_thread_blocked, id=13024, stack(0x00000048f0d00000,0x00000048f0e00000)]
  0x0000016447c22800 JavaThread "Unconstrained build operations Thread 34" [_thread_blocked, id=11068, stack(0x00000048f0e00000,0x00000048f0f00000)]
  0x0000016447c23800 JavaThread "Unconstrained build operations Thread 35" [_thread_blocked, id=2372, stack(0x00000048f0f00000,0x00000048f1000000)]
  0x0000016447c25000 JavaThread "Unconstrained build operations Thread 36" [_thread_blocked, id=8408, stack(0x00000048f1000000,0x00000048f1100000)]
  0x0000016447c1f800 JavaThread "Unconstrained build operations Thread 37" [_thread_blocked, id=11916, stack(0x00000048f1100000,0x00000048f1200000)]
  0x0000016447c26000 JavaThread "Unconstrained build operations Thread 38" [_thread_blocked, id=2292, stack(0x00000048f1200000,0x00000048f1300000)]
  0x0000016447c20800 JavaThread "Unconstrained build operations Thread 39" [_thread_blocked, id=7912, stack(0x00000048f1300000,0x00000048f1400000)]
  0x0000016447c27000 JavaThread "Unconstrained build operations Thread 40" [_thread_blocked, id=5312, stack(0x00000048f1400000,0x00000048f1500000)]
  0x0000016447c21000 JavaThread "jar transforms Thread 4" [_thread_blocked, id=8016, stack(0x00000048f1500000,0x00000048f1600000)]
  0x0000016447c28800 JavaThread "Memory manager" [_thread_blocked, id=10936, stack(0x00000048f1600000,0x00000048f1700000)]
  0x0000016447c29800 JavaThread "build event listener" [_thread_blocked, id=6760, stack(0x00000048ecf00000,0x00000048ed000000)]
  0x0000016447c2a000 JavaThread "Execution worker for ':'" [_thread_blocked, id=9932, stack(0x00000048f1700000,0x00000048f1800000)]
  0x000001644afc7000 JavaThread "Execution worker for ':' Thread 2" [_thread_blocked, id=6536, stack(0x00000048f1800000,0x00000048f1900000)]
  0x000001644afc1800 JavaThread "Execution worker for ':' Thread 3" [_thread_blocked, id=12408, stack(0x00000048f1900000,0x00000048f1a00000)]
  0x000001644afc4000 JavaThread "Cache worker for execution history cache (C:\Users\ochuhvitskyy\AndroidStudioProjects\RetrofitVsVolley\.gradle\7.3.3\executionHistory)" [_thread_blocked, id=2884, stack(0x00000048f1a00000,0x00000048f1b00000)]
  0x000001644afc8000 JavaThread "WorkerExecutor Queue" [_thread_blocked, id=5908, stack(0x00000048f1b00000,0x00000048f1c00000)]
  0x000001644afc2000 JavaThread "pool-3-thread-1" [_thread_blocked, id=128, stack(0x00000048f1c00000,0x00000048f1d00000)]
  0x000001644afc3000 JavaThread "stderr" [_thread_in_native, id=2640, stack(0x00000048f1d00000,0x00000048f1e00000)]
  0x000001644afc4800 JavaThread "stdout" [_thread_in_native, id=9620, stack(0x00000048f1e00000,0x00000048f1f00000)]

Other Threads:
=>0x000001644006e000 VMThread "VM Thread" [stack: 0x00000048ec400000,0x00000048ec500000] [id=5128]
  0x0000016440b7b000 WatcherThread [stack: 0x00000048ece00000,0x00000048ecf00000] [id=11452]
  0x0000016424593800 GCTaskThread "GC Thread#0" [stack: 0x00000048ebf00000,0x00000048ec000000] [id=6388]
  0x0000016441586000 GCTaskThread "GC Thread#1" [stack: 0x00000048ed000000,0x00000048ed100000] [id=7652]
  0x0000016443799800 GCTaskThread "GC Thread#2" [stack: 0x00000048ed600000,0x00000048ed700000] [id=7484]
  0x0000016440f0c800 GCTaskThread "GC Thread#3" [stack: 0x00000048ed700000,0x00000048ed800000] [id=12476]
  0x00000164245c6000 ConcurrentGCThread "G1 Main Marker" [stack: 0x00000048ec000000,0x00000048ec100000] [id=12840]
  0x00000164245c7000 ConcurrentGCThread "G1 Conc#0" [stack: 0x00000048ec100000,0x00000048ec200000] [id=2960]
  0x0000016424620000 ConcurrentGCThread "G1 Refine#0" [stack: 0x00000048ec200000,0x00000048ec300000] [id=4308]
  0x0000016424621000 ConcurrentGCThread "G1 Young RemSet Sampling" [stack: 0x00000048ec300000,0x00000048ec400000] [id=788]

Threads with active compile tasks:
C2 CompilerThread0  21305 14726       4       com.android.tools.r8.internal.Pl::a (1123 bytes)

VM state:at safepoint (normal execution)

VM Mutex/Monitor currently owned by a thread:  ([mutex/lock_event])
[0x0000016424577d00] Threads_lock - owner thread: 0x000001644006e000
[0x0000016424578450] Heap_lock - owner thread: 0x0000016442f06000

Heap address: 0x0000000080000000, size: 2048 MB, Compressed Oops mode: 32-bit
Narrow klass base: 0x0000000000000000, Narrow klass shift: 3
Compressed class space size: 1073741824 Address: 0x0000000100000000

Heap:
 garbage-first heap   total 287744K, used 141080K [0x0000000080000000, 0x0000000100000000)
  region size 1024K, 9 young (9216K), 9 survivors (9216K)
 Metaspace       used 105468K, capacity 108177K, committed 108364K, reserved 1142784K
  class space    used 13642K, capacity 14682K, committed 14720K, reserved 1048576K
Heap Regions: E=young(eden), S=young(survivor), O=old, HS=humongous(starts), HC=humongous(continues), CS=collection set, F=free, A=archive, TAMS=top-at-mark-start (previous, next)
|   0|0x0000000080000000, 0x0000000080100000, 0x0000000080100000|100%|HS|  |TAMS 0x0000000080100000, 0x0000000080000000| Complete 
|   1|0x0000000080100000, 0x0000000080200000, 0x0000000080200000|100%|HC|  |TAMS 0x0000000080200000, 0x0000000080100000| Complete 
|   2|0x0000000080200000, 0x0000000080300000, 0x0000000080300000|100%|HC|  |TAMS 0x0000000080300000, 0x0000000080200000| Complete 
|   3|0x0000000080300000, 0x0000000080400000, 0x0000000080400000|100%| O|  |TAMS 0x0000000080400000, 0x0000000080300000| Untracked 
|   4|0x0000000080400000, 0x0000000080500000, 0x0000000080500000|100%| O|  |TAMS 0x0000000080500000, 0x0000000080400000| Untracked 
|   5|0x0000000080500000, 0x0000000080600000, 0x0000000080600000|100%| O|  |TAMS 0x0000000080600000, 0x0000000080500000| Untracked 
|   6|0x0000000080600000, 0x0000000080700000, 0x0000000080700000|100%| O|  |TAMS 0x0000000080700000, 0x0000000080600000| Complete 
|   7|0x0000000080700000, 0x0000000080800000, 0x0000000080800000|100%| O|  |TAMS 0x0000000080800000, 0x0000000080700000| Untracked 
|   8|0x0000000080800000, 0x0000000080900000, 0x0000000080900000|100%| O|  |TAMS 0x0000000080900000, 0x0000000080800000| Untracked 
|   9|0x0000000080900000, 0x0000000080a00000, 0x0000000080a00000|100%| O|  |TAMS 0x0000000080a00000, 0x0000000080900000| Untracked 
|  10|0x0000000080a00000, 0x0000000080b00000, 0x0000000080b00000|100%| O|  |TAMS 0x0000000080b00000, 0x0000000080a00000| Untracked 
|  11|0x0000000080b00000, 0x0000000080c00000, 0x0000000080c00000|100%| O|  |TAMS 0x0000000080c00000, 0x0000000080b00000| Untracked 
|  12|0x0000000080c00000, 0x0000000080d00000, 0x0000000080d00000|100%| O|  |TAMS 0x0000000080d00000, 0x0000000080c00000| Untracked 
|  13|0x0000000080d00000, 0x0000000080e00000, 0x0000000080e00000|100%| O|  |TAMS 0x0000000080e00000, 0x0000000080d00000| Untracked 
|  14|0x0000000080e00000, 0x0000000080f00000, 0x0000000080f00000|100%| O|  |TAMS 0x0000000080f00000, 0x0000000080e00000| Untracked 
|  15|0x0000000080f00000, 0x0000000081000000, 0x0000000081000000|100%| O|  |TAMS 0x0000000081000000, 0x0000000080f00000| Untracked 
|  16|0x0000000081000000, 0x0000000081100000, 0x0000000081100000|100%| O|  |TAMS 0x0000000081100000, 0x0000000081000000| Untracked 
|  17|0x0000000081100000, 0x0000000081200000, 0x0000000081200000|100%| O|  |TAMS 0x0000000081200000, 0x0000000081100000| Untracked 
|  18|0x0000000081200000, 0x0000000081300000, 0x0000000081300000|100%| O|  |TAMS 0x0000000081300000, 0x0000000081200000| Complete 
|  19|0x0000000081300000, 0x0000000081400000, 0x0000000081400000|100%| O|  |TAMS 0x0000000081400000, 0x0000000081300000| Complete 
|  20|0x0000000081400000, 0x0000000081500000, 0x0000000081500000|100%| O|  |TAMS 0x0000000081500000, 0x0000000081400000| Untracked 
|  21|0x0000000081500000, 0x0000000081600000, 0x0000000081600000|100%| O|  |TAMS 0x0000000081600000, 0x0000000081500000| Untracked 
|  22|0x0000000081600000, 0x0000000081700000, 0x0000000081700000|100%| O|  |TAMS 0x0000000081700000, 0x0000000081600000| Untracked 
|  23|0x0000000081700000, 0x0000000081800000, 0x0000000081800000|100%| O|  |TAMS 0x0000000081800000, 0x0000000081700000| Untracked 
|  24|0x0000000081800000, 0x0000000081900000, 0x0000000081900000|100%| O|  |TAMS 0x0000000081900000, 0x0000000081800000| Untracked 
|  25|0x0000000081900000, 0x0000000081a00000, 0x0000000081a00000|100%| O|  |TAMS 0x0000000081a00000, 0x0000000081900000| Untracked 
|  26|0x0000000081a00000, 0x0000000081b00000, 0x0000000081b00000|100%| O|  |TAMS 0x0000000081b00000, 0x0000000081a00000| Untracked 
|  27|0x0000000081b00000, 0x0000000081c00000, 0x0000000081c00000|100%| O|  |TAMS 0x0000000081c00000, 0x0000000081b00000| Untracked 
|  28|0x0000000081c00000, 0x0000000081d00000, 0x0000000081d00000|100%|HS|  |TAMS 0x0000000081d00000, 0x0000000081c00000| Complete 
|  29|0x0000000081d00000, 0x0000000081e00000, 0x0000000081e00000|100%|HS|  |TAMS 0x0000000081e00000, 0x0000000081d00000| Complete 
|  30|0x0000000081e00000, 0x0000000081f00000, 0x0000000081f00000|100%|HS|  |TAMS 0x0000000081f00000, 0x0000000081e00000| Complete 
|  31|0x0000000081f00000, 0x0000000082000000, 0x0000000082000000|100%|HS|  |TAMS 0x0000000082000000, 0x0000000081f00000| Complete 
|  32|0x0000000082000000, 0x0000000082100000, 0x0000000082100000|100%|HC|  |TAMS 0x0000000082100000, 0x0000000082000000| Complete 
|  33|0x0000000082100000, 0x0000000082200000, 0x0000000082200000|100%|HC|  |TAMS 0x0000000082200000, 0x0000000082100000| Complete 
|  34|0x0000000082200000, 0x0000000082300000, 0x0000000082300000|100%|HS|  |TAMS 0x0000000082300000, 0x0000000082200000| Complete 
|  35|0x0000000082300000, 0x0000000082400000, 0x0000000082400000|100%|HC|  |TAMS 0x0000000082400000, 0x0000000082300000| Complete 
|  36|0x0000000082400000, 0x0000000082500000, 0x0000000082500000|100%| O|  |TAMS 0x0000000082500000, 0x0000000082400000| Untracked 
|  37|0x0000000082500000, 0x0000000082600000, 0x0000000082600000|100%| O|  |TAMS 0x0000000082600000, 0x0000000082500000| Untracked 
|  38|0x0000000082600000, 0x0000000082700000, 0x0000000082700000|100%| O|  |TAMS 0x0000000082700000, 0x0000000082600000| Untracked 
|  39|0x0000000082700000, 0x0000000082800000, 0x0000000082800000|100%| O|  |TAMS 0x0000000082800000, 0x0000000082700000| Untracked 
|  40|0x0000000082800000, 0x0000000082900000, 0x0000000082900000|100%| O|  |TAMS 0x0000000082900000, 0x0000000082800000| Untracked 
|  41|0x0000000082900000, 0x0000000082a00000, 0x0000000082a00000|100%| O|  |TAMS 0x0000000082a00000, 0x0000000082900000| Untracked 
|  42|0x0000000082a00000, 0x0000000082b00000, 0x0000000082b00000|100%| O|  |TAMS 0x0000000082b00000, 0x0000000082a00000| Complete 
|  43|0x0000000082b00000, 0x0000000082c00000, 0x0000000082c00000|100%| O|  |TAMS 0x0000000082c00000, 0x0000000082b00000| Untracked 
|  44|0x0000000082c00000, 0x0000000082d00000, 0x0000000082d00000|100%| O|  |TAMS 0x0000000082d00000, 0x0000000082c00000| Untracked 
|  45|0x0000000082d00000, 0x0000000082e00000, 0x0000000082e00000|100%| O|  |TAMS 0x0000000082e00000, 0x0000000082d00000| Untracked 
|  46|0x0000000082e00000, 0x0000000082f00000, 0x0000000082f00000|100%| O|  |TAMS 0x0000000082f00000, 0x0000000082e00000| Untracked 
|  47|0x0000000082f00000, 0x0000000083000000, 0x0000000083000000|100%| O|  |TAMS 0x0000000083000000, 0x0000000082f00000| Untracked 
|  48|0x0000000083000000, 0x0000000083100000, 0x0000000083100000|100%| O|  |TAMS 0x0000000083100000, 0x0000000083000000| Complete 
|  49|0x0000000083100000, 0x0000000083200000, 0x0000000083200000|100%| O|  |TAMS 0x0000000083200000, 0x0000000083100000| Untracked 
|  50|0x0000000083200000, 0x0000000083300000, 0x0000000083300000|100%| O|  |TAMS 0x0000000083300000, 0x0000000083200000| Untracked 
|  51|0x0000000083300000, 0x0000000083400000, 0x0000000083400000|100%| O|  |TAMS 0x0000000083400000, 0x0000000083300000| Untracked 
|  52|0x0000000083400000, 0x0000000083500000, 0x0000000083500000|100%| O|  |TAMS 0x0000000083500000, 0x0000000083400000| Untracked 
|  53|0x0000000083500000, 0x0000000083600000, 0x0000000083600000|100%| O|  |TAMS 0x0000000083600000, 0x0000000083500000| Untracked 
|  54|0x0000000083600000, 0x0000000083700000, 0x0000000083700000|100%| O|  |TAMS 0x0000000083700000, 0x0000000083600000| Untracked 
|  55|0x0000000083700000, 0x0000000083800000, 0x0000000083800000|100%| O|  |TAMS 0x0000000083800000, 0x0000000083700000| Untracked 
|  56|0x0000000083800000, 0x0000000083900000, 0x0000000083900000|100%| O|  |TAMS 0x0000000083900000, 0x0000000083800000| Complete 
|  57|0x0000000083900000, 0x0000000083a00000, 0x0000000083a00000|100%| O|  |TAMS 0x0000000083a00000, 0x0000000083900000| Complete 
|  58|0x0000000083a00000, 0x0000000083b00000, 0x0000000083b00000|100%| O|  |TAMS 0x0000000083b00000, 0x0000000083a00000| Untracked 
|  59|0x0000000083b00000, 0x0000000083c00000, 0x0000000083c00000|100%| O|  |TAMS 0x0000000083c00000, 0x0000000083b00000| Untracked 
|  60|0x0000000083c00000, 0x0000000083d00000, 0x0000000083d00000|100%| O|  |TAMS 0x0000000083d00000, 0x0000000083c00000| Untracked 
|  61|0x0000000083d00000, 0x0000000083e00000, 0x0000000083e00000|100%| O|  |TAMS 0x0000000083e00000, 0x0000000083d00000| Untracked 
|  62|0x0000000083e00000, 0x0000000083f00000, 0x0000000083f00000|100%| O|  |TAMS 0x0000000083f00000, 0x0000000083e00000| Complete 
|  63|0x0000000083f00000, 0x0000000084000000, 0x0000000084000000|100%| O|  |TAMS 0x0000000084000000, 0x0000000083f00000| Untracked 
|  64|0x0000000084000000, 0x0000000084100000, 0x0000000084100000|100%| O|  |TAMS 0x0000000084100000, 0x0000000084000000| Complete 
|  65|0x0000000084100000, 0x0000000084200000, 0x0000000084200000|100%| O|  |TAMS 0x0000000084200000, 0x0000000084100000| Untracked 
|  66|0x0000000084200000, 0x0000000084300000, 0x0000000084300000|100%| O|  |TAMS 0x0000000084300000, 0x0000000084200000| Complete 
|  67|0x0000000084300000, 0x0000000084400000, 0x0000000084400000|100%| O|  |TAMS 0x0000000084400000, 0x0000000084300000| Untracked 
|  68|0x0000000084400000, 0x0000000084500000, 0x0000000084500000|100%| O|  |TAMS 0x0000000084500000, 0x0000000084400000| Untracked 
|  69|0x0000000084500000, 0x0000000084600000, 0x0000000084600000|100%| O|  |TAMS 0x0000000084600000, 0x0000000084500000| Untracked 
|  70|0x0000000084600000, 0x0000000084700000, 0x0000000084700000|100%| O|  |TAMS 0x0000000084700000, 0x0000000084600000| Untracked 
|  71|0x0000000084700000, 0x0000000084800000, 0x0000000084800000|100%| O|  |TAMS 0x0000000084800000, 0x0000000084700000| Untracked 
|  72|0x0000000084800000, 0x0000000084900000, 0x0000000084900000|100%| O|  |TAMS 0x0000000084900000, 0x0000000084800000| Complete 
|  73|0x0000000084900000, 0x0000000084a00000, 0x0000000084a00000|100%| O|  |TAMS 0x0000000084a00000, 0x0000000084900000| Untracked 
|  74|0x0000000084a00000, 0x0000000084b00000, 0x0000000084b00000|100%| O|  |TAMS 0x0000000084b00000, 0x0000000084a00000| Untracked 
|  75|0x0000000084b00000, 0x0000000084c00000, 0x0000000084c00000|100%| O|  |TAMS 0x0000000084c00000, 0x0000000084b00000| Complete 
|  76|0x0000000084c00000, 0x0000000084d00000, 0x0000000084d00000|100%| O|  |TAMS 0x0000000084d00000, 0x0000000084c00000| Untracked 
|  77|0x0000000084d00000, 0x0000000084e00000, 0x0000000084e00000|100%| O|  |TAMS 0x0000000084e00000, 0x0000000084d00000| Untracked 
|  78|0x0000000084e00000, 0x0000000084f00000, 0x0000000084f00000|100%| O|  |TAMS 0x0000000084f00000, 0x0000000084e00000| Complete 
|  79|0x0000000084f00000, 0x0000000085000000, 0x0000000085000000|100%| O|  |TAMS 0x0000000085000000, 0x0000000084f00000| Complete 
|  80|0x0000000085000000, 0x0000000085100000, 0x0000000085100000|100%| O|  |TAMS 0x0000000085100000, 0x0000000085000000| Complete 
|  81|0x0000000085100000, 0x0000000085200000, 0x0000000085200000|100%| O|  |TAMS 0x0000000085200000, 0x0000000085100000| Complete 
|  82|0x0000000085200000, 0x0000000085300000, 0x0000000085300000|100%| O|  |TAMS 0x0000000085300000, 0x0000000085200000| Untracked 
|  83|0x0000000085300000, 0x0000000085400000, 0x0000000085400000|100%| O|  |TAMS 0x0000000085400000, 0x0000000085300000| Untracked 
|  84|0x0000000085400000, 0x0000000085500000, 0x0000000085500000|100%| O|  |TAMS 0x0000000085500000, 0x0000000085400000| Complete 
|  85|0x0000000085500000, 0x0000000085600000, 0x0000000085600000|100%| O|  |TAMS 0x0000000085600000, 0x0000000085500000| Untracked 
|  86|0x0000000085600000, 0x0000000085700000, 0x0000000085700000|100%| O|  |TAMS 0x0000000085700000, 0x0000000085600000| Untracked 
|  87|0x0000000085700000, 0x0000000085800000, 0x0000000085800000|100%| O|  |TAMS 0x0000000085800000, 0x0000000085700000| Untracked 
|  88|0x0000000085800000, 0x0000000085900000, 0x0000000085900000|100%| O|  |TAMS 0x0000000085900000, 0x0000000085800000| Untracked 
|  89|0x0000000085900000, 0x0000000085a00000, 0x0000000085a00000|100%| O|  |TAMS 0x0000000085a00000, 0x0000000085900000| Complete 
|  90|0x0000000085a00000, 0x0000000085b00000, 0x0000000085b00000|100%| O|  |TAMS 0x0000000085b00000, 0x0000000085a00000| Complete 
|  91|0x0000000085b00000, 0x0000000085c00000, 0x0000000085c00000|100%| O|  |TAMS 0x0000000085c00000, 0x0000000085b00000| Untracked 
|  92|0x0000000085c00000, 0x0000000085d00000, 0x0000000085d00000|100%| O|  |TAMS 0x0000000085d00000, 0x0000000085c00000| Untracked 
|  93|0x0000000085d00000, 0x0000000085e00000, 0x0000000085e00000|100%| O|  |TAMS 0x0000000085e00000, 0x0000000085d00000| Untracked 
|  94|0x0000000085e00000, 0x0000000085f00000, 0x0000000085f00000|100%| O|  |TAMS 0x0000000085f00000, 0x0000000085e00000| Untracked 
|  95|0x0000000085f00000, 0x0000000086000000, 0x0000000086000000|100%| O|  |TAMS 0x0000000086000000, 0x0000000085f00000| Complete 
|  96|0x0000000086000000, 0x0000000086100000, 0x0000000086100000|100%| O|  |TAMS 0x0000000086100000, 0x0000000086000000| Complete 
|  97|0x0000000086100000, 0x0000000086200000, 0x0000000086200000|100%| O|  |TAMS 0x0000000086200000, 0x0000000086100000| Complete 
|  98|0x0000000086200000, 0x0000000086300000, 0x0000000086300000|100%| O|  |TAMS 0x0000000086300000, 0x0000000086200000| Complete 
|  99|0x0000000086300000, 0x0000000086400000, 0x0000000086400000|100%| O|  |TAMS 0x0000000086400000, 0x0000000086300000| Untracked 
| 100|0x0000000086400000, 0x0000000086500000, 0x0000000086500000|100%| O|  |TAMS 0x0000000086500000, 0x0000000086400000| Complete 
| 101|0x0000000086500000, 0x0000000086600000, 0x0000000086600000|100%| O|  |TAMS 0x0000000086600000, 0x0000000086500000| Untracked 
| 102|0x0000000086600000, 0x0000000086700000, 0x0000000086700000|100%| O|  |TAMS 0x0000000086700000, 0x0000000086600000| Complete 
| 103|0x0000000086700000, 0x0000000086800000, 0x0000000086800000|100%| O|  |TAMS 0x0000000086800000, 0x0000000086700000| Untracked 
| 104|0x0000000086800000, 0x0000000086900000, 0x0000000086900000|100%| O|  |TAMS 0x0000000086900000, 0x0000000086800000| Complete 
| 105|0x0000000086900000, 0x0000000086a00000, 0x0000000086a00000|100%| O|  |TAMS 0x0000000086a00000, 0x0000000086900000| Complete 
| 106|0x0000000086a00000, 0x0000000086b00000, 0x0000000086b00000|100%| O|  |TAMS 0x0000000086b00000, 0x0000000086a00000| Untracked 
| 107|0x0000000086b00000, 0x0000000086c00000, 0x0000000086c00000|100%| O|  |TAMS 0x0000000086c00000, 0x0000000086b00000| Complete 
| 108|0x0000000086c00000, 0x0000000086d00000, 0x0000000086d00000|100%| O|  |TAMS 0x0000000086d00000, 0x0000000086c00000| Complete 
| 109|0x0000000086d00000, 0x0000000086e00000, 0x0000000086e00000|100%| O|  |TAMS 0x0000000086e00000, 0x0000000086d00000| Untracked 
| 110|0x0000000086e00000, 0x0000000086f00000, 0x0000000086f00000|100%| O|  |TAMS 0x0000000086f00000, 0x0000000086e00000| Untracked 
| 111|0x0000000086f00000, 0x0000000087000000, 0x0000000087000000|100%| O|  |TAMS 0x0000000087000000, 0x0000000086f00000| Untracked 
| 112|0x0000000087000000, 0x0000000087100000, 0x0000000087100000|100%| O|  |TAMS 0x0000000087100000, 0x0000000087000000| Complete 
| 113|0x0000000087100000, 0x0000000087200000, 0x0000000087200000|100%| O|  |TAMS 0x0000000087200000, 0x0000000087100000| Complete 
| 114|0x0000000087200000, 0x0000000087300000, 0x0000000087300000|100%| O|  |TAMS 0x0000000087300000, 0x0000000087200000| Complete 
| 115|0x0000000087300000, 0x0000000087400000, 0x0000000087400000|100%| O|  |TAMS 0x0000000087400000, 0x0000000087300000| Complete 
| 116|0x0000000087400000, 0x0000000087500000, 0x0000000087500000|100%| O|  |TAMS 0x0000000087500000, 0x0000000087400000| Complete 
| 117|0x0000000087500000, 0x0000000087600000, 0x0000000087600000|100%| O|  |TAMS 0x0000000087600000, 0x0000000087500000| Complete 
| 118|0x0000000087600000, 0x0000000087700000, 0x0000000087700000|100%| O|  |TAMS 0x0000000087700000, 0x0000000087600000| Complete 
| 119|0x0000000087700000, 0x0000000087800000, 0x0000000087800000|100%| O|  |TAMS 0x0000000087800000, 0x0000000087700000| Complete 
| 120|0x0000000087800000, 0x0000000087900000, 0x0000000087900000|100%| O|  |TAMS 0x0000000087900000, 0x0000000087800000| Untracked 
| 121|0x0000000087900000, 0x0000000087a00000, 0x0000000087a00000|100%| O|  |TAMS 0x0000000087a00000, 0x0000000087900000| Untracked 
| 122|0x0000000087a00000, 0x0000000087b00000, 0x0000000087b00000|100%| O|  |TAMS 0x0000000087b00000, 0x0000000087a00000| Untracked 
| 123|0x0000000087b00000, 0x0000000087c00000, 0x0000000087c00000|100%| O|  |TAMS 0x0000000087c00000, 0x0000000087b00000| Complete 
| 124|0x0000000087c00000, 0x0000000087d00000, 0x0000000087d00000|100%| O|  |TAMS 0x0000000087c42000, 0x0000000087c00000| Untracked 
| 125|0x0000000087d00000, 0x0000000087e00000, 0x0000000087e00000|100%| O|  |TAMS 0x0000000087d00000, 0x0000000087d00000| Untracked 
| 126|0x0000000087e00000, 0x0000000087f00000, 0x0000000087f00000|100%| O|  |TAMS 0x0000000087e00000, 0x0000000087e00000| Untracked 
| 127|0x0000000087f00000, 0x0000000088000000, 0x0000000088000000|100%| O|  |TAMS 0x0000000087f00000, 0x0000000087f00000| Untracked 
| 128|0x0000000088000000, 0x00000000880e3a00, 0x0000000088100000| 88%| O|  |TAMS 0x0000000088000000, 0x0000000088000000| Untracked 
| 129|0x0000000088100000, 0x0000000088100000, 0x0000000088200000|  0%| F|  |TAMS 0x0000000088100000, 0x0000000088100000| Untracked 
| 130|0x0000000088200000, 0x0000000088200000, 0x0000000088300000|  0%| F|  |TAMS 0x0000000088200000, 0x0000000088200000| Untracked 
| 131|0x0000000088300000, 0x0000000088300000, 0x0000000088400000|  0%| F|  |TAMS 0x0000000088300000, 0x0000000088300000| Untracked 
| 132|0x0000000088400000, 0x0000000088400000, 0x0000000088500000|  0%| F|  |TAMS 0x0000000088400000, 0x0000000088400000| Untracked 
| 133|0x0000000088500000, 0x0000000088500000, 0x0000000088600000|  0%| F|  |TAMS 0x0000000088500000, 0x0000000088500000| Untracked 
| 134|0x0000000088600000, 0x0000000088600000, 0x0000000088700000|  0%| F|  |TAMS 0x0000000088600000, 0x0000000088600000| Untracked 
| 135|0x0000000088700000, 0x0000000088700000, 0x0000000088800000|  0%| F|  |TAMS 0x0000000088700000, 0x0000000088700000| Untracked 
| 136|0x0000000088800000, 0x0000000088800000, 0x0000000088900000|  0%| F|  |TAMS 0x0000000088800000, 0x0000000088800000| Untracked 
| 137|0x0000000088900000, 0x0000000088900000, 0x0000000088a00000|  0%| F|  |TAMS 0x0000000088900000, 0x0000000088900000| Untracked 
| 138|0x0000000088a00000, 0x0000000088a00000, 0x0000000088b00000|  0%| F|  |TAMS 0x0000000088a00000, 0x0000000088a00000| Untracked 
| 139|0x0000000088b00000, 0x0000000088b00000, 0x0000000088c00000|  0%| F|  |TAMS 0x0000000088b00000, 0x0000000088b00000| Untracked 
| 140|0x0000000088c00000, 0x0000000088c00000, 0x0000000088d00000|  0%| F|  |TAMS 0x0000000088c00000, 0x0000000088c00000| Untracked 
| 141|0x0000000088d00000, 0x0000000088d00000, 0x0000000088e00000|  0%| F|  |TAMS 0x0000000088d00000, 0x0000000088d00000| Untracked 
| 142|0x0000000088e00000, 0x0000000088e00000, 0x0000000088f00000|  0%| F|  |TAMS 0x0000000088e00000, 0x0000000088e00000| Untracked 
| 143|0x0000000088f00000, 0x0000000088f00000, 0x0000000089000000|  0%| F|  |TAMS 0x0000000088f00000, 0x0000000088f00000| Untracked 
| 144|0x0000000089000000, 0x0000000089000000, 0x0000000089100000|  0%| F|  |TAMS 0x0000000089000000, 0x0000000089000000| Untracked 
| 145|0x0000000089100000, 0x0000000089100000, 0x0000000089200000|  0%| F|  |TAMS 0x0000000089100000, 0x0000000089100000| Untracked 
| 146|0x0000000089200000, 0x0000000089200000, 0x0000000089300000|  0%| F|  |TAMS 0x0000000089200000, 0x0000000089200000| Untracked 
| 147|0x0000000089300000, 0x0000000089300000, 0x0000000089400000|  0%| F|  |TAMS 0x0000000089300000, 0x0000000089300000| Untracked 
| 148|0x0000000089400000, 0x0000000089400000, 0x0000000089500000|  0%| F|  |TAMS 0x0000000089400000, 0x0000000089400000| Untracked 
| 149|0x0000000089500000, 0x0000000089500000, 0x0000000089600000|  0%| F|  |TAMS 0x0000000089500000, 0x0000000089500000| Untracked 
| 150|0x0000000089600000, 0x0000000089600000, 0x0000000089700000|  0%| F|  |TAMS 0x0000000089600000, 0x0000000089600000| Untracked 
| 151|0x0000000089700000, 0x0000000089700000, 0x0000000089800000|  0%| F|  |TAMS 0x0000000089700000, 0x0000000089700000| Untracked 
| 152|0x0000000089800000, 0x0000000089800000, 0x0000000089900000|  0%| F|  |TAMS 0x0000000089800000, 0x0000000089800000| Untracked 
| 153|0x0000000089900000, 0x0000000089900000, 0x0000000089a00000|  0%| F|  |TAMS 0x0000000089900000, 0x0000000089900000| Untracked 
| 154|0x0000000089a00000, 0x0000000089a00000, 0x0000000089b00000|  0%| F|  |TAMS 0x0000000089a00000, 0x0000000089a00000| Untracked 
| 155|0x0000000089b00000, 0x0000000089b00000, 0x0000000089c00000|  0%| F|  |TAMS 0x0000000089b00000, 0x0000000089b00000| Untracked 
| 156|0x0000000089c00000, 0x0000000089c00000, 0x0000000089d00000|  0%| F|  |TAMS 0x0000000089c00000, 0x0000000089c00000| Untracked 
| 157|0x0000000089d00000, 0x0000000089d00000, 0x0000000089e00000|  0%| F|  |TAMS 0x0000000089d00000, 0x0000000089d00000| Untracked 
| 158|0x0000000089e00000, 0x0000000089e00000, 0x0000000089f00000|  0%| F|  |TAMS 0x0000000089e00000, 0x0000000089e00000| Untracked 
| 159|0x0000000089f00000, 0x0000000089f00000, 0x000000008a000000|  0%| F|  |TAMS 0x0000000089f00000, 0x0000000089f00000| Untracked 
| 160|0x000000008a000000, 0x000000008a0e2980, 0x000000008a100000| 88%| S|CS|TAMS 0x000000008a000000, 0x000000008a000000| Complete 
| 161|0x000000008a100000, 0x000000008a200000, 0x000000008a200000|100%| S|CS|TAMS 0x000000008a100000, 0x000000008a100000| Complete 
| 162|0x000000008a200000, 0x000000008a300000, 0x000000008a300000|100%| S|CS|TAMS 0x000000008a200000, 0x000000008a200000| Complete 
| 163|0x000000008a300000, 0x000000008a400000, 0x000000008a400000|100%| S|CS|TAMS 0x000000008a300000, 0x000000008a300000| Complete 
| 164|0x000000008a400000, 0x000000008a500000, 0x000000008a500000|100%| S|CS|TAMS 0x000000008a400000, 0x000000008a400000| Complete 
| 165|0x000000008a500000, 0x000000008a600000, 0x000000008a600000|100%| S|CS|TAMS 0x000000008a500000, 0x000000008a500000| Complete 
| 166|0x000000008a600000, 0x000000008a700000, 0x000000008a700000|100%| S|CS|TAMS 0x000000008a600000, 0x000000008a600000| Complete 
| 167|0x000000008a700000, 0x000000008a700000, 0x000000008a800000|  0%| F|  |TAMS 0x000000008a700000, 0x000000008a700000| Untracked 
| 168|0x000000008a800000, 0x000000008a900000, 0x000000008a900000|100%| S|CS|TAMS 0x000000008a800000, 0x000000008a800000| Complete 
| 169|0x000000008a900000, 0x000000008a900000, 0x000000008aa00000|  0%| F|  |TAMS 0x000000008a900000, 0x000000008a900000| Untracked 
| 170|0x000000008aa00000, 0x000000008aa00000, 0x000000008ab00000|  0%| F|  |TAMS 0x000000008aa00000, 0x000000008aa00000| Untracked 
| 171|0x000000008ab00000, 0x000000008ab00000, 0x000000008ac00000|  0%| F|  |TAMS 0x000000008ab00000, 0x000000008ab00000| Untracked 
| 172|0x000000008ac00000, 0x000000008ad00000, 0x000000008ad00000|100%| S|CS|TAMS 0x000000008ac00000, 0x000000008ac00000| Complete 
| 173|0x000000008ad00000, 0x000000008ad00000, 0x000000008ae00000|  0%| F|  |TAMS 0x000000008ad00000, 0x000000008ad00000| Untracked 
| 174|0x000000008ae00000, 0x000000008ae00000, 0x000000008af00000|  0%| F|  |TAMS 0x000000008ae00000, 0x000000008ae00000| Untracked 
| 175|0x000000008af00000, 0x000000008af00000, 0x000000008b000000|  0%| F|  |TAMS 0x000000008af00000, 0x000000008af00000| Untracked 
| 176|0x000000008b000000, 0x000000008b000000, 0x000000008b100000|  0%| F|  |TAMS 0x000000008b000000, 0x000000008b000000| Untracked 
| 177|0x000000008b100000, 0x000000008b100000, 0x000000008b200000|  0%| F|  |TAMS 0x000000008b100000, 0x000000008b100000| Untracked 
| 178|0x000000008b200000, 0x000000008b200000, 0x000000008b300000|  0%| F|  |TAMS 0x000000008b200000, 0x000000008b200000| Untracked 
| 179|0x000000008b300000, 0x000000008b300000, 0x000000008b400000|  0%| F|  |TAMS 0x000000008b300000, 0x000000008b300000| Untracked 
| 180|0x000000008b400000, 0x000000008b400000, 0x000000008b500000|  0%| F|  |TAMS 0x000000008b400000, 0x000000008b400000| Untracked 
| 181|0x000000008b500000, 0x000000008b500000, 0x000000008b600000|  0%| F|  |TAMS 0x000000008b500000, 0x000000008b500000| Untracked 
| 182|0x000000008b600000, 0x000000008b600000, 0x000000008b700000|  0%| F|  |TAMS 0x000000008b600000, 0x000000008b600000| Untracked 
| 183|0x000000008b700000, 0x000000008b700000, 0x000000008b800000|  0%| F|  |TAMS 0x000000008b700000, 0x000000008b700000| Untracked 
| 184|0x000000008b800000, 0x000000008b800000, 0x000000008b900000|  0%| F|  |TAMS 0x000000008b800000, 0x000000008b800000| Untracked 
| 185|0x000000008b900000, 0x000000008b900000, 0x000000008ba00000|  0%| F|  |TAMS 0x000000008b900000, 0x000000008b900000| Untracked 
| 186|0x000000008ba00000, 0x000000008ba00000, 0x000000008bb00000|  0%| F|  |TAMS 0x000000008ba00000, 0x000000008ba00000| Untracked 
| 187|0x000000008bb00000, 0x000000008bb00000, 0x000000008bc00000|  0%| F|  |TAMS 0x000000008bb00000, 0x000000008bb00000| Untracked 
| 188|0x000000008bc00000, 0x000000008bc00000, 0x000000008bd00000|  0%| F|  |TAMS 0x000000008bc00000, 0x000000008bc00000| Untracked 
| 189|0x000000008bd00000, 0x000000008bd00000, 0x000000008be00000|  0%| F|  |TAMS 0x000000008bd00000, 0x000000008bd00000| Untracked 
| 190|0x000000008be00000, 0x000000008be00000, 0x000000008bf00000|  0%| F|  |TAMS 0x000000008be00000, 0x000000008be00000| Untracked 
| 191|0x000000008bf00000, 0x000000008bf00000, 0x000000008c000000|  0%| F|  |TAMS 0x000000008bf00000, 0x000000008bf00000| Untracked 
| 192|0x000000008c000000, 0x000000008c000000, 0x000000008c100000|  0%| F|  |TAMS 0x000000008c000000, 0x000000008c000000| Untracked 
| 193|0x000000008c100000, 0x000000008c100000, 0x000000008c200000|  0%| F|  |TAMS 0x000000008c100000, 0x000000008c100000| Untracked 
| 194|0x000000008c200000, 0x000000008c200000, 0x000000008c300000|  0%| F|  |TAMS 0x000000008c200000, 0x000000008c200000| Untracked 
| 195|0x000000008c300000, 0x000000008c300000, 0x000000008c400000|  0%| F|  |TAMS 0x000000008c300000, 0x000000008c300000| Untracked 
| 196|0x000000008c400000, 0x000000008c400000, 0x000000008c500000|  0%| F|  |TAMS 0x000000008c400000, 0x000000008c400000| Untracked 
| 197|0x000000008c500000, 0x000000008c500000, 0x000000008c600000|  0%| F|  |TAMS 0x000000008c500000, 0x000000008c500000| Untracked 
| 198|0x000000008c600000, 0x000000008c600000, 0x000000008c700000|  0%| F|  |TAMS 0x000000008c600000, 0x000000008c600000| Untracked 
| 199|0x000000008c700000, 0x000000008c700000, 0x000000008c800000|  0%| F|  |TAMS 0x000000008c700000, 0x000000008c700000| Untracked 
| 200|0x000000008c800000, 0x000000008c800000, 0x000000008c900000|  0%| F|  |TAMS 0x000000008c800000, 0x000000008c800000| Untracked 
| 201|0x000000008c900000, 0x000000008c900000, 0x000000008ca00000|  0%| F|  |TAMS 0x000000008c900000, 0x000000008c900000| Untracked 
| 202|0x000000008ca00000, 0x000000008ca00000, 0x000000008cb00000|  0%| F|  |TAMS 0x000000008ca00000, 0x000000008ca00000| Untracked 
| 203|0x000000008cb00000, 0x000000008cb00000, 0x000000008cc00000|  0%| F|  |TAMS 0x000000008cb00000, 0x000000008cb00000| Untracked 
| 204|0x000000008cc00000, 0x000000008cc00000, 0x000000008cd00000|  0%| F|  |TAMS 0x000000008cc00000, 0x000000008cc00000| Untracked 
| 205|0x000000008cd00000, 0x000000008cd00000, 0x000000008ce00000|  0%| F|  |TAMS 0x000000008cd00000, 0x000000008cd00000| Untracked 
| 206|0x000000008ce00000, 0x000000008ce00000, 0x000000008cf00000|  0%| F|  |TAMS 0x000000008ce00000, 0x000000008ce00000| Untracked 
| 207|0x000000008cf00000, 0x000000008cf00000, 0x000000008d000000|  0%| F|  |TAMS 0x000000008cf00000, 0x000000008cf00000| Untracked 
| 208|0x000000008d000000, 0x000000008d000000, 0x000000008d100000|  0%| F|  |TAMS 0x000000008d000000, 0x000000008d000000| Untracked 
| 209|0x000000008d100000, 0x000000008d100000, 0x000000008d200000|  0%| F|  |TAMS 0x000000008d100000, 0x000000008d100000| Untracked 
| 210|0x000000008d200000, 0x000000008d200000, 0x000000008d300000|  0%| F|  |TAMS 0x000000008d200000, 0x000000008d200000| Untracked 
| 211|0x000000008d300000, 0x000000008d300000, 0x000000008d400000|  0%| F|  |TAMS 0x000000008d300000, 0x000000008d300000| Untracked 
| 212|0x000000008d400000, 0x000000008d400000, 0x000000008d500000|  0%| F|  |TAMS 0x000000008d400000, 0x000000008d400000| Untracked 
| 213|0x000000008d500000, 0x000000008d500000, 0x000000008d600000|  0%| F|  |TAMS 0x000000008d500000, 0x000000008d500000| Untracked 
| 214|0x000000008d600000, 0x000000008d600000, 0x000000008d700000|  0%| F|  |TAMS 0x000000008d600000, 0x000000008d600000| Untracked 
| 215|0x000000008d700000, 0x000000008d700000, 0x000000008d800000|  0%| F|  |TAMS 0x000000008d700000, 0x000000008d700000| Untracked 
| 216|0x000000008d800000, 0x000000008d800000, 0x000000008d900000|  0%| F|  |TAMS 0x000000008d800000, 0x000000008d800000| Untracked 
| 217|0x000000008d900000, 0x000000008d900000, 0x000000008da00000|  0%| F|  |TAMS 0x000000008d900000, 0x000000008d900000| Untracked 
| 218|0x000000008da00000, 0x000000008da00000, 0x000000008db00000|  0%| F|  |TAMS 0x000000008da00000, 0x000000008da00000| Untracked 
| 219|0x000000008db00000, 0x000000008db00000, 0x000000008dc00000|  0%| F|  |TAMS 0x000000008db00000, 0x000000008db00000| Untracked 
| 220|0x000000008dc00000, 0x000000008dc00000, 0x000000008dd00000|  0%| F|  |TAMS 0x000000008dc00000, 0x000000008dc00000| Untracked 
| 221|0x000000008dd00000, 0x000000008dd00000, 0x000000008de00000|  0%| F|  |TAMS 0x000000008dd00000, 0x000000008dd00000| Untracked 
| 222|0x000000008de00000, 0x000000008de00000, 0x000000008df00000|  0%| F|  |TAMS 0x000000008de00000, 0x000000008de00000| Untracked 
| 223|0x000000008df00000, 0x000000008df00000, 0x000000008e000000|  0%| F|  |TAMS 0x000000008df00000, 0x000000008df00000| Untracked 
| 224|0x000000008e000000, 0x000000008e000000, 0x000000008e100000|  0%| F|  |TAMS 0x000000008e000000, 0x000000008e000000| Untracked 
| 225|0x000000008e100000, 0x000000008e100000, 0x000000008e200000|  0%| F|  |TAMS 0x000000008e100000, 0x000000008e100000| Untracked 
| 226|0x000000008e200000, 0x000000008e200000, 0x000000008e300000|  0%| F|  |TAMS 0x000000008e200000, 0x000000008e200000| Untracked 
| 227|0x000000008e300000, 0x000000008e300000, 0x000000008e400000|  0%| F|  |TAMS 0x000000008e300000, 0x000000008e300000| Untracked 
| 228|0x000000008e400000, 0x000000008e400000, 0x000000008e500000|  0%| F|  |TAMS 0x000000008e400000, 0x000000008e400000| Untracked 
| 229|0x000000008e500000, 0x000000008e500000, 0x000000008e600000|  0%| F|  |TAMS 0x000000008e500000, 0x000000008e500000| Untracked 
| 230|0x000000008e600000, 0x000000008e600000, 0x000000008e700000|  0%| F|  |TAMS 0x000000008e600000, 0x000000008e600000| Untracked 
| 231|0x000000008e700000, 0x000000008e700000, 0x000000008e800000|  0%| F|  |TAMS 0x000000008e700000, 0x000000008e700000| Untracked 
| 232|0x000000008e800000, 0x000000008e800000, 0x000000008e900000|  0%| F|  |TAMS 0x000000008e800000, 0x000000008e800000| Untracked 
| 233|0x000000008e900000, 0x000000008e900000, 0x000000008ea00000|  0%| F|  |TAMS 0x000000008e900000, 0x000000008e900000| Untracked 

Card table byte_map: [0x00000164392c0000,0x00000164396c0000] _byte_map_base: 0x0000016438ec0000

Marking Bits (Prev, Next): (CMBitMap*) 0x00000164245bd568, (CMBitMap*) 0x00000164245bd5a0
 Prev Bits: [0x0000016439ac0000, 0x000001643bac0000)
 Next Bits: [0x000001643bac0000, 0x000001643dac0000)

Polling page: 0x0000016424400000

Metaspace:

Usage:
  Non-class:     91.30 MB capacity,    89.67 MB ( 98%) used,     1.30 MB (  1%) free+waste,   339.38 KB ( <1%) overhead. 
      Class:     14.34 MB capacity,    13.32 MB ( 93%) used,   886.57 KB (  6%) free+waste,   152.44 KB (  1%) overhead. 
       Both:    105.64 MB capacity,   103.00 MB ( 97%) used,     2.16 MB (  2%) free+waste,   491.81 KB ( <1%) overhead. 

Virtual space:
  Non-class space:       92.00 MB reserved,      91.45 MB (>99%) committed 
      Class space:        1.00 GB reserved,      14.38 MB (  1%) committed 
             Both:        1.09 GB reserved,     105.82 MB (  9%) committed 

Chunk freelists:
   Non-Class:  21.00 KB
       Class:  0 bytes
        Both:  21.00 KB

MaxMetaspaceSize: 17179869184.00 GB
CompressedClassSpaceSize: 1.00 GB
Initial GC threshold: 20.80 MB
Current GC threshold: 176.38 MB
CDS: off

CodeHeap 'non-profiled nmethods': size=120064Kb used=7209Kb max_used=7209Kb free=112854Kb
 bounds [0x0000016431360000, 0x0000016431a70000, 0x00000164388a0000]
CodeHeap 'profiled nmethods': size=120000Kb used=35226Kb max_used=35226Kb free=84773Kb
 bounds [0x0000016429e30000, 0x000001642c0a0000, 0x0000016431360000]
CodeHeap 'non-nmethods': size=5696Kb used=2411Kb max_used=2471Kb free=3284Kb
 bounds [0x00000164298a0000, 0x0000016429b20000, 0x0000016429e30000]
 total_blobs=15453 nmethods=14520 adapters=842
 compilation: enabled
              stopped_count=0, restarted_count=0
 full_count=0

Compilation events (20 events):
Event: 21.149 Thread 0x00000164400a3800 14775       2       com.android.tools.r8.graph.M::z (11 bytes)
Event: 21.149 Thread 0x00000164400a3800 nmethod 14775 0x000001642c090210 code [0x000001642c0903c0, 0x000001642c0904f8]
Event: 21.152 Thread 0x00000164400a3800 14776       2       com.android.tools.r8.internal.i6::a (43 bytes)
Event: 21.153 Thread 0x00000164400a3800 nmethod 14776 0x000001642c090610 code [0x000001642c090820, 0x000001642c090da8]
Event: 21.153 Thread 0x00000164400a3800 14777       2       com.android.tools.r8.internal.i6::a (301 bytes)
Event: 21.154 Thread 0x00000164400a3800 nmethod 14777 0x000001642c091110 code [0x000001642c091480, 0x000001642c092258]
Event: 21.154 Thread 0x00000164400a3800 14778       2       com.android.tools.r8.internal.S2::<init> (28 bytes)
Event: 21.154 Thread 0x00000164400a3800 nmethod 14778 0x000001642c092a90 code [0x000001642c092c60, 0x000001642c0930c8]
Event: 21.155 Thread 0x00000164400a3800 14779       2       com.android.tools.r8.internal.S2::a (378 bytes)
Event: 21.157 Thread 0x00000164400a3800 nmethod 14779 0x000001642c093290 code [0x000001642c093640, 0x000001642c0946b8]
Event: 21.158 Thread 0x00000164400a3800 14780       2       com.android.tools.r8.internal.uP::add (124 bytes)
Event: 21.158 Thread 0x00000164400a3800 nmethod 14780 0x000001642c095310 code [0x000001642c095500, 0x000001642c0958c8]
Event: 21.160 Thread 0x00000164400a3800 14781       2       com.android.tools.r8.internal.tJ::U (18 bytes)
Event: 21.160 Thread 0x00000164400a3800 nmethod 14781 0x000001642c095a90 code [0x000001642c095c40, 0x000001642c095d38]
Event: 21.161 Thread 0x00000164400a3800 14782       2       com.android.tools.r8.internal.h4::l (65 bytes)
Event: 21.161 Thread 0x00000164400a3800 nmethod 14782 0x000001642c095e10 code [0x000001642c096020, 0x000001642c096518]
Event: 21.164 Thread 0x00000164400a3800 14784       1       com.android.tools.r8.internal.VP::e (2 bytes)
Event: 21.164 Thread 0x00000164400a3800 nmethod 14784 0x0000016431a6a210 code [0x0000016431a6a3c0, 0x0000016431a6a478]
Event: 21.176 Thread 0x00000164400a3800 14788       2       com.android.tools.r8.internal.Id::a (4 bytes)
Event: 21.177 Thread 0x00000164400a3800 nmethod 14788 0x000001642c096790 code [0x000001642c096940, 0x000001642c096a38]

GC Heap History (20 events):
Event: 19.169 GC heap after
{Heap after GC invocations=50 (full 0):
 garbage-first heap   total 199680K, used 128081K [0x0000000080000000, 0x0000000100000000)
  region size 1024K, 1 young (1024K), 1 survivors (1024K)
 Metaspace       used 102799K, capacity 105279K, committed 105548K, reserved 1140736K
  class space    used 13383K, capacity 14366K, committed 14464K, reserved 1048576K
}
Event: 19.324 GC heap before
{Heap before GC invocations=50 (full 0):
 garbage-first heap   total 199680K, used 162897K [0x0000000080000000, 0x0000000100000000)
  region size 1024K, 35 young (35840K), 1 survivors (1024K)
 Metaspace       used 103081K, capacity 105522K, committed 105932K, reserved 1140736K
  class space    used 13421K, capacity 14403K, committed 14592K, reserved 1048576K
}
Event: 19.327 GC heap after
{Heap after GC invocations=51 (full 0):
 garbage-first heap   total 199680K, used 128228K [0x0000000080000000, 0x0000000100000000)
  region size 1024K, 1 young (1024K), 1 survivors (1024K)
 Metaspace       used 103081K, capacity 105522K, committed 105932K, reserved 1140736K
  class space    used 13421K, capacity 14403K, committed 14592K, reserved 1048576K
}
Event: 19.685 GC heap before
{Heap before GC invocations=52 (full 0):
 garbage-first heap   total 199680K, used 164068K [0x0000000080000000, 0x0000000100000000)
  region size 1024K, 36 young (36864K), 1 survivors (1024K)
 Metaspace       used 103263K, capacity 105779K, committed 106188K, reserved 1140736K
  class space    used 13403K, capacity 14369K, committed 14592K, reserved 1048576K
}
Event: 19.690 GC heap after
{Heap after GC invocations=53 (full 0):
 garbage-first heap   total 199680K, used 128792K [0x0000000080000000, 0x0000000100000000)
  region size 1024K, 2 young (2048K), 2 survivors (2048K)
 Metaspace       used 103263K, capacity 105779K, committed 106188K, reserved 1140736K
  class space    used 13403K, capacity 14369K, committed 14592K, reserved 1048576K
}
Event: 19.818 GC heap before
{Heap before GC invocations=53 (full 0):
 garbage-first heap   total 199680K, used 165656K [0x0000000080000000, 0x0000000100000000)
  region size 1024K, 38 young (38912K), 2 survivors (2048K)
 Metaspace       used 103710K, capacity 106286K, committed 106700K, reserved 1140736K
  class space    used 13465K, capacity 14476K, committed 14592K, reserved 1048576K
}
Event: 19.822 GC heap after
{Heap after GC invocations=54 (full 0):
 garbage-first heap   total 239616K, used 128741K [0x0000000080000000, 0x0000000100000000)
  region size 1024K, 2 young (2048K), 2 survivors (2048K)
 Metaspace       used 103710K, capacity 106286K, committed 106700K, reserved 1140736K
  class space    used 13465K, capacity 14476K, committed 14592K, reserved 1048576K
}
Event: 20.148 GC heap before
{Heap before GC invocations=55 (full 0):
 garbage-first heap   total 239616K, used 180965K [0x0000000080000000, 0x0000000100000000)
  region size 1024K, 53 young (54272K), 2 survivors (2048K)
 Metaspace       used 104542K, capacity 107117K, committed 107212K, reserved 1142784K
  class space    used 13552K, capacity 14576K, committed 14592K, reserved 1048576K
}
Event: 20.153 GC heap after
{Heap after GC invocations=56 (full 0):
 garbage-first heap   total 239616K, used 129612K [0x0000000080000000, 0x0000000100000000)
  region size 1024K, 3 young (3072K), 3 survivors (3072K)
 Metaspace       used 104542K, capacity 107117K, committed 107212K, reserved 1142784K
  class space    used 13552K, capacity 14576K, committed 14592K, reserved 1048576K
}
Event: 20.343 GC heap before
{Heap before GC invocations=56 (full 0):
 garbage-first heap   total 239616K, used 183884K [0x0000000080000000, 0x0000000100000000)
  region size 1024K, 56 young (57344K), 3 survivors (3072K)
 Metaspace       used 104981K, capacity 107650K, committed 107852K, reserved 1142784K
  class space    used 13606K, capacity 14667K, committed 14720K, reserved 1048576K
}
Event: 20.347 GC heap after
{Heap after GC invocations=57 (full 0):
 garbage-first heap   total 239616K, used 129002K [0x0000000080000000, 0x0000000100000000)
  region size 1024K, 2 young (2048K), 2 survivors (2048K)
 Metaspace       used 104981K, capacity 107650K, committed 107852K, reserved 1142784K
  class space    used 13606K, capacity 14667K, committed 14720K, reserved 1048576K
}
Event: 20.547 GC heap before
{Heap before GC invocations=57 (full 0):
 garbage-first heap   total 239616K, used 192490K [0x0000000080000000, 0x0000000100000000)
  region size 1024K, 64 young (65536K), 2 survivors (2048K)
 Metaspace       used 105169K, capacity 107868K, committed 108108K, reserved 1142784K
  class space    used 13613K, capacity 14670K, committed 14720K, reserved 1048576K
}
Event: 20.553 GC heap after
{Heap after GC invocations=58 (full 0):
 garbage-first heap   total 239616K, used 129288K [0x0000000080000000, 0x0000000100000000)
  region size 1024K, 2 young (2048K), 2 survivors (2048K)
 Metaspace       used 105169K, capacity 107868K, committed 108108K, reserved 1142784K
  class space    used 13613K, capacity 14670K, committed 14720K, reserved 1048576K
}
Event: 20.723 GC heap before
{Heap before GC invocations=59 (full 0):
 garbage-first heap   total 239616K, used 192776K [0x0000000080000000, 0x0000000100000000)
  region size 1024K, 64 young (65536K), 2 survivors (2048K)
 Metaspace       used 105349K, capacity 108036K, committed 108108K, reserved 1142784K
  class space    used 13641K, capacity 14681K, committed 14720K, reserved 1048576K
}
Event: 20.729 GC heap after
{Heap after GC invocations=60 (full 0):
 garbage-first heap   total 239616K, used 129940K [0x0000000080000000, 0x0000000100000000)
  region size 1024K, 3 young (3072K), 3 survivors (3072K)
 Metaspace       used 105349K, capacity 108036K, committed 108108K, reserved 1142784K
  class space    used 13641K, capacity 14681K, committed 14720K, reserved 1048576K
}
Event: 20.839 GC heap before
{Heap before GC invocations=60 (full 0):
 garbage-first heap   total 239616K, used 193428K [0x0000000080000000, 0x0000000100000000)
  region size 1024K, 66 young (67584K), 3 survivors (3072K)
 Metaspace       used 105387K, capacity 108105K, committed 108364K, reserved 1142784K
  class space    used 13641K, capacity 14681K, committed 14720K, reserved 1048576K
}
Event: 20.845 GC heap after
{Heap after GC invocations=61 (full 0):
 garbage-first heap   total 239616K, used 134526K [0x0000000080000000, 0x0000000100000000)
  region size 1024K, 8 young (8192K), 8 survivors (8192K)
 Metaspace       used 105387K, capacity 108105K, committed 108364K, reserved 1142784K
  class space    used 13641K, capacity 14681K, committed 14720K, reserved 1048576K
}
Event: 21.080 GC heap before
{Heap before GC invocations=61 (full 0):
 garbage-first heap   total 239616K, used 198014K [0x0000000080000000, 0x0000000100000000)
  region size 1024K, 70 young (71680K), 8 survivors (8192K)
 Metaspace       used 105428K, capacity 108108K, committed 108364K, reserved 1142784K
  class space    used 13642K, capacity 14681K, committed 14720K, reserved 1048576K
}
Event: 21.091 GC heap after
{Heap after GC invocations=62 (full 0):
 garbage-first heap   total 239616K, used 136357K [0x0000000080000000, 0x0000000100000000)
  region size 1024K, 5 young (5120K), 5 survivors (5120K)
 Metaspace       used 105428K, capacity 108108K, committed 108364K, reserved 1142784K
  class space    used 13642K, capacity 14681K, committed 14720K, reserved 1048576K
}
Event: 21.181 GC heap before
{Heap before GC invocations=63 (full 0):
 garbage-first heap   total 239616K, used 198821K [0x0000000080000000, 0x0000000100000000)
  region size 1024K, 66 young (67584K), 5 survivors (5120K)
 Metaspace       used 105468K, capacity 108177K, committed 108364K, reserved 1142784K
  class space    used 13642K, capacity 14682K, committed 14720K, reserved 1048576K
}

Deoptimization events (20 events):
Event: 20.865 Thread 0x00000164433d8000 Uncommon trap: trap_request=0xffffff4d fr.pc=0x00000164319a915c relative=0x00000000000003dc
Event: 20.865 Thread 0x00000164433d8000 Uncommon trap: reason=unstable_if action=reinterpret pc=0x00000164319a915c method=com.android.tools.r8.graph.a1.g(Ljava/lang/Object;)Z @ 23 c2
Event: 20.865 Thread 0x00000164433d8000 DEOPT PACKING pc=0x00000164319a915c sp=0x00000048ef2fa730
Event: 20.865 Thread 0x00000164433d8000 DEOPT UNPACKING pc=0x00000164298ea1af sp=0x00000048ef2fa600 mode 2
Event: 20.865 Thread 0x00000164433d8000 Uncommon trap: trap_request=0xffffff4d fr.pc=0x00000164319688e8 relative=0x00000000000004a8
Event: 20.865 Thread 0x00000164433d8000 Uncommon trap: reason=unstable_if action=reinterpret pc=0x00000164319688e8 method=com.android.tools.r8.graph.a1.g(Ljava/lang/Object;)Z @ 23 c2
Event: 20.865 Thread 0x00000164433d8000 DEOPT PACKING pc=0x00000164319688e8 sp=0x00000048ef2fa6a0
Event: 20.865 Thread 0x00000164433d8000 DEOPT UNPACKING pc=0x00000164298ea1af sp=0x00000048ef2fa640 mode 2
Event: 20.901 Thread 0x0000016447c26000 DEOPT PACKING pc=0x000001642bcc93a6 sp=0x00000048f12f92c0
Event: 20.901 Thread 0x0000016447c26000 DEOPT UNPACKING pc=0x00000164298ea95e sp=0x00000048f12f87b8 mode 0
Event: 20.932 Thread 0x00000164433d8000 DEOPT PACKING pc=0x000001642b3ce563 sp=0x00000048ef2fa2c0
Event: 20.932 Thread 0x00000164433d8000 DEOPT UNPACKING pc=0x00000164298ea95e sp=0x00000048ef2f9798 mode 0
Event: 21.056 Thread 0x0000016442f06000 DEOPT PACKING pc=0x000001642b7b446a sp=0x00000048f03f93b0
Event: 21.056 Thread 0x0000016442f06000 DEOPT UNPACKING pc=0x00000164298ea95e sp=0x00000048f03f8890 mode 0
Event: 21.101 Thread 0x0000016442f06000 Uncommon trap: trap_request=0xfffffff4 fr.pc=0x0000016431a632e0 relative=0x0000000000006560
Event: 21.101 Thread 0x0000016442f06000 Uncommon trap: reason=null_check action=make_not_entrant pc=0x0000016431a632e0 method=com.android.tools.r8.internal.h4.a(ILcom/android/tools/r8/internal/kY;Lcom/android/tools/r8/internal/e4;)V @ 34 c2
Event: 21.101 Thread 0x0000016442f06000 DEOPT PACKING pc=0x0000016431a632e0 sp=0x00000048f03f8fd0
Event: 21.101 Thread 0x0000016442f06000 DEOPT UNPACKING pc=0x00000164298ea1af sp=0x00000048f03f8fd8 mode 2
Event: 21.127 Thread 0x0000016442f06000 DEOPT PACKING pc=0x000001642b6ca88a sp=0x00000048f03f8ac0
Event: 21.127 Thread 0x0000016442f06000 DEOPT UNPACKING pc=0x00000164298ea95e sp=0x00000048f03f7f58 mode 0

Classes redefined (0 events):
No events

Internal exceptions (20 events):
Event: 18.466 Thread 0x0000016447c26000 Exception <a 'java/lang/IncompatibleClassChangeError'{0x000000008a376ed0}: Found class java.lang.Object, but interface was expected> (0x000000008a376ed0) thrown at [./src/hotspot/share/interpreter/linkResolver.cpp, line 839]
Event: 18.467 Thread 0x0000016442f06000 Exception <a 'java/lang/IncompatibleClassChangeError'{0x000000008a4e01b0}: Found class java.lang.Object, but interface was expected> (0x000000008a4e01b0) thrown at [./src/hotspot/share/interpreter/linkResolver.cpp, line 839]
Event: 18.467 Thread 0x0000016447c26000 Exception <a 'java/lang/IncompatibleClassChangeError'{0x000000008a37a4f8}: Found class java.lang.Object, but interface was expected> (0x000000008a37a4f8) thrown at [./src/hotspot/share/interpreter/linkResolver.cpp, line 839]
Event: 18.468 Thread 0x00000164433d8000 Exception <a 'java/lang/IncompatibleClassChangeError'{0x000000008a3aa5d8}: Found class java.lang.Object, but interface was expected> (0x000000008a3aa5d8) thrown at [./src/hotspot/share/interpreter/linkResolver.cpp, line 839]
Event: 18.515 Thread 0x0000016442f06000 Exception <a 'java/lang/NoSuchMethodError'{0x000000008a1f1d20}: 'void java.lang.invoke.DirectMethodHandle$Holder.invokeSpecial(java.lang.Object, java.lang.Object, int, java.lang.Object)'> (0x000000008a1f1d20) thrown at [./src/hotspot/share/interpreter/linkResolver.cpp, line 773]
Event: 18.515 Thread 0x0000016447c26000 Exception <a 'java/lang/NoSuchMethodError'{0x000000008a182010}: 'void java.lang.invoke.DirectMethodHandle$Holder.invokeSpecial(java.lang.Object, java.lang.Object, int, java.lang.Object)'> (0x000000008a182010) thrown at [./src/hotspot/share/interpreter/linkResolver.cpp, line 773]
Event: 18.515 Thread 0x00000164433d8000 Exception <a 'java/lang/NoSuchMethodError'{0x000000008a1207e0}: 'void java.lang.invoke.DirectMethodHandle$Holder.invokeSpecial(java.lang.Object, java.lang.Object, int, java.lang.Object)'> (0x000000008a1207e0) thrown at [./src/hotspot/share/interpreter/linkResolver.cpp, line 773]
Event: 18.591 Thread 0x0000016442f06000 Exception <a 'java/lang/NoSuchMethodError'{0x000000008bf60010}: 'java.lang.Object java.lang.invoke.DirectMethodHandle$Holder.newInvokeSpecial(java.lang.Object, int)'> (0x000000008bf60010) thrown at [./src/hotspot/share/interpreter/linkResolver.cpp, line 773]
Event: 18.591 Thread 0x00000164433d8000 Exception <a 'java/lang/NoSuchMethodError'{0x000000008bfde0c0}: 'java.lang.Object java.lang.invoke.DirectMethodHandle$Holder.newInvokeSpecial(java.lang.Object, int)'> (0x000000008bfde0c0) thrown at [./src/hotspot/share/interpreter/linkResolver.cpp, line 773]
Event: 18.591 Thread 0x0000016447c26000 Exception <a 'java/lang/NoSuchMethodError'{0x000000008c0d7060}: 'java.lang.Object java.lang.invoke.DirectMethodHandle$Holder.newInvokeSpecial(java.lang.Object, int)'> (0x000000008c0d7060) thrown at [./src/hotspot/share/interpreter/linkResolver.cpp, line 773]
Event: 19.366 Thread 0x0000016442f06000 Exception <a 'java/lang/NoSuchMethodError'{0x000000008bad6798}: 'int java.lang.invoke.DirectMethodHandle$Holder.invokeInterface(java.lang.Object, java.lang.Object, int)'> (0x000000008bad6798) thrown at [./src/hotspot/share/interpreter/linkResolver.cpp, line 773]
Event: 19.794 Thread 0x00000164433d8000 Exception <a 'java/lang/NoSuchMethodError'{0x000000008a650600}: 'java.lang.Object java.lang.invoke.Invokers$Holder.linkToTargetMethod(java.lang.Object, int, java.lang.Object, java.lang.Object, java.lang.Object, java.lang.Object)'> (0x000000008a650600) thrown at [./src/hotspot/share/interpreter/linkResolver.cpp, line 773]
Event: 19.837 Thread 0x00000164433d8000 Exception <a 'java/lang/NoSuchMethodError'{0x000000008e707a38}: 'java.lang.Object java.lang.invoke.Invokers$Holder.linkToTargetMethod(java.lang.Object, java.lang.Object, java.lang.Object, int, java.lang.Object, java.lang.Object, java.lang.Object)'> (0x000000008e707a38) thrown at [./src/hotspot/share/interpreter/linkResolver.cpp, line 773]
Event: 19.838 Thread 0x00000164433d8000 Exception <a 'java/lang/NoSuchMethodError'{0x000000008e71cbf8}: 'void java.lang.invoke.DirectMethodHandle$Holder.invokeStatic(java.lang.Object, java.lang.Object, java.lang.Object, java.lang.Object, java.lang.Object, java.lang.Object, java.lang.Object, java.lang.Object)'> (0x000000008e71cbf8) thrown at [./src/hotspot/share/interpreter/linkResolver.cpp, line 773]
Event: 20.097 Thread 0x00000164433d8000 Exception <a 'java/lang/IncompatibleClassChangeError'{0x000000008c60c818}: Found class java.lang.Object, but interface was expected> (0x000000008c60c818) thrown at [./src/hotspot/share/interpreter/linkResolver.cpp, line 839]
Event: 20.230 Thread 0x00000164433d8000 Exception <a 'java/lang/NoSuchMethodError'{0x000000008d477bb8}: 'void java.lang.invoke.DirectMethodHandle$Holder.invokeSpecial(java.lang.Object, java.lang.Object, int)'> (0x000000008d477bb8) thrown at [./src/hotspot/share/interpreter/linkResolver.cpp, line 773]
Event: 20.304 Thread 0x00000164433d8000 Exception <a 'sun/nio/fs/WindowsException'{0x000000008c100488}> (0x000000008c100488) thrown at [./src/hotspot/share/prims/jni.cpp, line 615]
Event: 20.693 Thread 0x00000164433d8000 Exception <a 'java/lang/NoSuchMethodError'{0x000000008bbfcba0}: 'java.lang.Object java.lang.invoke.DirectMethodHandle$Holder.newInvokeSpecial(java.lang.Object, java.lang.Object, java.lang.Object, java.lang.Object)'> (0x000000008bbfcba0) thrown at [./src/hotspot/share/interpreter/linkResolver.cpp, line 773]
Event: 20.865 Thread 0x00000164433d8000 Exception <a 'sun/nio/fs/WindowsException'{0x000000008df6ab88}> (0x000000008df6ab88) thrown at [./src/hotspot/share/prims/jni.cpp, line 615]
Event: 21.101 Thread 0x0000016442f06000 Implicit null exception at 0x0000016431a5e6f0 to 0x0000016431a632b4

Events (20 events):
Event: 20.709 loading class org/gradle/internal/execution/steps/SkipUpToDateStep$2 done
Event: 20.712 loading class org/gradle/internal/fingerprint/impl/AbsolutePathFingerprintingStrategy$1
Event: 20.712 loading class org/gradle/internal/fingerprint/impl/AbsolutePathFingerprintingStrategy$1 done
Event: 20.723 Executing VM operation: G1CollectForAllocation
Event: 20.729 Executing VM operation: G1CollectForAllocation done
Event: 20.838 Executing VM operation: G1CollectForAllocation
Event: 20.845 Executing VM operation: G1CollectForAllocation done
Event: 20.850 loading class com/android/tools/r8/internal/k8
Event: 20.850 loading class com/android/tools/r8/internal/k8 done
Event: 21.024 Executing VM operation: CGC_Operation
Event: 21.034 Executing VM operation: CGC_Operation done
Event: 21.080 Executing VM operation: G1CollectForAllocation
Event: 21.091 Executing VM operation: G1CollectForAllocation done
Event: 21.117 loading class com/android/tools/r8/internal/GD
Event: 21.117 loading class com/android/tools/r8/internal/GD done
Event: 21.117 loading class com/android/tools/r8/internal/GD
Event: 21.117 loading class com/android/tools/r8/internal/GD done
Event: 21.141 Executing VM operation: CGC_Operation
Event: 21.141 Executing VM operation: CGC_Operation done
Event: 21.180 Executing VM operation: G1CollectForAllocation


Dynamic libraries:
0x00007ff7d8c10000 - 0x00007ff7d8c1a000 	D:\AS\jre\bin\java.exe
0x00007ff8e2110000 - 0x00007ff8e2308000 	C:\WINDOWS\SYSTEM32\ntdll.dll
0x00007ff8e0220000 - 0x00007ff8e02dd000 	C:\WINDOWS\System32\KERNEL32.DLL
0x00007ff8dfb40000 - 0x00007ff8dfe0e000 	C:\WINDOWS\System32\KERNELBASE.dll
0x00007ff8dfe10000 - 0x00007ff8dff10000 	C:\WINDOWS\System32\ucrtbase.dll
0x00007ff8d5220000 - 0x00007ff8d5239000 	D:\AS\jre\bin\jli.dll
0x00007ff8d5050000 - 0x00007ff8d5067000 	D:\AS\jre\bin\VCRUNTIME140.dll
0x00007ff8e0680000 - 0x00007ff8e0820000 	C:\WINDOWS\System32\USER32.dll
0x00007ff8dfae0000 - 0x00007ff8dfb02000 	C:\WINDOWS\System32\win32u.dll
0x00007ff8e1080000 - 0x00007ff8e10aa000 	C:\WINDOWS\System32\GDI32.dll
0x00007ff8bda20000 - 0x00007ff8bdcba000 	C:\WINDOWS\WinSxS\amd64_microsoft.windows.common-controls_6595b64144ccf1df_6.0.19041.1110_none_60b5254171f9507e\COMCTL32.dll
0x00007ff8dff10000 - 0x00007ff8e001b000 	C:\WINDOWS\System32\gdi32full.dll
0x00007ff8df830000 - 0x00007ff8df8cd000 	C:\WINDOWS\System32\msvcp_win.dll
0x00007ff8e0820000 - 0x00007ff8e08be000 	C:\WINDOWS\System32\msvcrt.dll
0x00007ff8e10b0000 - 0x00007ff8e10e0000 	C:\WINDOWS\System32\IMM32.DLL
0x00007ff8c8230000 - 0x00007ff8c82cd000 	D:\AS\jre\bin\msvcp140.dll
0x00007ff883520000 - 0x00007ff884005000 	D:\AS\jre\bin\server\jvm.dll
0x00007ff8e0170000 - 0x00007ff8e021e000 	C:\WINDOWS\System32\ADVAPI32.dll
0x00007ff8e1290000 - 0x00007ff8e132c000 	C:\WINDOWS\System32\sechost.dll
0x00007ff8e0f50000 - 0x00007ff8e1075000 	C:\WINDOWS\System32\RPCRT4.dll
0x00007ff8e1ee0000 - 0x00007ff8e1ee8000 	C:\WINDOWS\System32\PSAPI.DLL
0x00007ff8bafe0000 - 0x00007ff8bafe9000 	C:\WINDOWS\SYSTEM32\WSOCK32.dll
0x00007ff8e09f0000 - 0x00007ff8e0a5b000 	C:\WINDOWS\System32\WS2_32.dll
0x00007ff8d3470000 - 0x00007ff8d3497000 	C:\WINDOWS\SYSTEM32\WINMM.dll
0x00007ff8da900000 - 0x00007ff8da90a000 	C:\WINDOWS\SYSTEM32\VERSION.dll
0x00007ff8dd660000 - 0x00007ff8dd672000 	C:\WINDOWS\SYSTEM32\kernel.appcore.dll
0x00007ff8d4f70000 - 0x00007ff8d4f81000 	D:\AS\jre\bin\verify.dll
0x00007ff8d0fe0000 - 0x00007ff8d11c4000 	C:\WINDOWS\SYSTEM32\DBGHELP.DLL
0x00007ff8d0f60000 - 0x00007ff8d0f8c000 	C:\WINDOWS\SYSTEM32\dbgcore.DLL
0x00007ff8e00e0000 - 0x00007ff8e0162000 	C:\WINDOWS\System32\bcryptPrimitives.dll
0x00007ff8d4d90000 - 0x00007ff8d4db9000 	D:\AS\jre\bin\java.dll
0x00007ff8d52e0000 - 0x00007ff8d52eb000 	D:\AS\jre\bin\jimage.dll
0x00007ff8d4d70000 - 0x00007ff8d4d88000 	D:\AS\jre\bin\zip.dll
0x00007ff8e1410000 - 0x00007ff8e1b53000 	C:\WINDOWS\System32\SHELL32.dll
0x00007ff8dd940000 - 0x00007ff8de0d5000 	C:\WINDOWS\SYSTEM32\windows.storage.dll
0x00007ff8e1b80000 - 0x00007ff8e1ed4000 	C:\WINDOWS\System32\combase.dll
0x00007ff8df1c0000 - 0x00007ff8df1f0000 	C:\WINDOWS\SYSTEM32\Wldp.dll
0x00007ff8e05d0000 - 0x00007ff8e067d000 	C:\WINDOWS\System32\SHCORE.dll
0x00007ff8e0a60000 - 0x00007ff8e0ab5000 	C:\WINDOWS\System32\shlwapi.dll
0x00007ff8df770000 - 0x00007ff8df78f000 	C:\WINDOWS\SYSTEM32\profapi.dll
0x00007ff8d3900000 - 0x00007ff8d391a000 	D:\AS\jre\bin\net.dll
0x00007ff8d59c0000 - 0x00007ff8d5aca000 	C:\WINDOWS\SYSTEM32\WINHTTP.dll
0x00007ff8def20000 - 0x00007ff8def8a000 	C:\WINDOWS\system32\mswsock.dll
0x00007ff8d24f0000 - 0x00007ff8d2504000 	D:\AS\jre\bin\nio.dll
0x00007ff8cf040000 - 0x00007ff8cf067000 	C:\Users\ochuhvitskyy\.gradle\native\e1d6ef7f7dcc3fd88c89a11ec53ec762bb8ba0a96d01ffa2cd45eb1d1d8dd5c5\windows-amd64\native-platform.dll
0x00007ff8bc780000 - 0x00007ff8bc8c4000 	C:\Users\ochuhvitskyy\.gradle\native\5664cfc778a61ccfe75a443a1ab52a65af34e5dc3c78e0209fed803814484fcb\windows-amd64\native-platform-file-events.dll
0x00007ff8d4ff0000 - 0x00007ff8d4ffa000 	D:\AS\jre\bin\management.dll
0x00007ff8d4f60000 - 0x00007ff8d4f6d000 	D:\AS\jre\bin\management_ext.dll
0x00007ff8df120000 - 0x00007ff8df138000 	C:\WINDOWS\SYSTEM32\CRYPTSP.dll
0x00007ff8de8a0000 - 0x00007ff8de8d4000 	C:\WINDOWS\system32\rsaenh.dll
0x00007ff8dfb10000 - 0x00007ff8dfb37000 	C:\WINDOWS\System32\bcrypt.dll
0x00007ff8df730000 - 0x00007ff8df75e000 	C:\WINDOWS\SYSTEM32\USERENV.dll
0x00007ff8df110000 - 0x00007ff8df11c000 	C:\WINDOWS\SYSTEM32\CRYPTBASE.dll
0x00007ff8dec10000 - 0x00007ff8dec4b000 	C:\WINDOWS\SYSTEM32\IPHLPAPI.DLL
0x00007ff8e0f40000 - 0x00007ff8e0f48000 	C:\WINDOWS\System32\NSI.dll
0x00007ff8d97c0000 - 0x00007ff8d97d7000 	C:\WINDOWS\SYSTEM32\dhcpcsvc6.DLL
0x00007ff8d9540000 - 0x00007ff8d955d000 	C:\WINDOWS\SYSTEM32\dhcpcsvc.DLL
0x00007ff8dec50000 - 0x00007ff8ded1a000 	C:\WINDOWS\SYSTEM32\DNSAPI.dll

dbghelp: loaded successfully - version: 4.0.5 - missing functions: none
symbol engine: initialized successfully - sym options: 0x614 - pdb path: .;D:\AS\jre\bin;C:\WINDOWS\SYSTEM32;C:\WINDOWS\WinSxS\amd64_microsoft.windows.common-controls_6595b64144ccf1df_6.0.19041.1110_none_60b5254171f9507e;D:\AS\jre\bin\server;C:\Users\ochuhvitskyy\.gradle\native\e1d6ef7f7dcc3fd88c89a11ec53ec762bb8ba0a96d01ffa2cd45eb1d1d8dd5c5\windows-amd64;C:\Users\ochuhvitskyy\.gradle\native\5664cfc778a61ccfe75a443a1ab52a65af34e5dc3c78e0209fed803814484fcb\windows-amd64

VM Arguments:
jvm_args: --add-opens=java.base/java.util=ALL-UNNAMED --add-opens=java.base/java.lang=ALL-UNNAMED --add-opens=java.base/java.lang.invoke=ALL-UNNAMED --add-opens=java.base/java.util=ALL-UNNAMED --add-opens=java.prefs/java.util.prefs=ALL-UNNAMED --add-opens=java.prefs/java.util.prefs=ALL-UNNAMED --add-opens=java.base/java.nio.charset=ALL-UNNAMED --add-opens=java.base/java.net=ALL-UNNAMED --add-opens=java.base/java.util.concurrent.atomic=ALL-UNNAMED -Xmx2048m -Dfile.encoding=UTF-8 -Duser.country=UA -Duser.language=uk -Duser.variant 
java_command: org.gradle.launcher.daemon.bootstrap.GradleDaemon 7.3.3
java_class_path (initial): C:\Users\ochuhvitskyy\.gradle\wrapper\dists\gradle-7.3.3-bin\6a41zxkdtcxs8rphpq6y0069z\gradle-7.3.3\lib\gradle-launcher-7.3.3.jar
Launcher Type: SUN_STANDARD

[Global flags]
     intx CICompilerCount                          = 3                                         {product} {ergonomic}
     uint ConcGCThreads                            = 1                                         {product} {ergonomic}
     uint G1ConcRefinementThreads                  = 4                                         {product} {ergonomic}
   size_t G1HeapRegionSize                         = 1048576                                   {product} {ergonomic}
    uintx GCDrainStackTargetSize                   = 64                                        {product} {ergonomic}
   size_t InitialHeapSize                          = 67108864                                  {product} {ergonomic}
   size_t MarkStackSize                            = 4194304                                   {product} {ergonomic}
   size_t MaxHeapSize                              = 2147483648                                {product} {command line}
   size_t MaxNewSize                               = 1287651328                                {product} {ergonomic}
   size_t MinHeapDeltaBytes                        = 1048576                                   {product} {ergonomic}
    uintx NonNMethodCodeHeapSize                   = 5830732                                {pd product} {ergonomic}
    uintx NonProfiledCodeHeapSize                  = 122913754                              {pd product} {ergonomic}
    uintx ProfiledCodeHeapSize                     = 122913754                              {pd product} {ergonomic}
    uintx ReservedCodeCacheSize                    = 251658240                              {pd product} {ergonomic}
     bool SegmentedCodeCache                       = true                                      {product} {ergonomic}
     bool UseCompressedClassPointers               = true                                 {lp64_product} {ergonomic}
     bool UseCompressedOops                        = true                                 {lp64_product} {ergonomic}
     bool UseG1GC                                  = true                                      {product} {ergonomic}
     bool UseLargePagesIndividualAllocation        = false                                  {pd product} {ergonomic}

Logging:
Log output configuration:
 #0: stdout all=warning uptime,level,tags
 #1: stderr all=off uptime,level,tags

Environment Variables:
PATH=C:\Program Files\Common Files\Oracle\Java\javapath;C:\Program Files (x86)\NVIDIA Corporation\PhysX\Common;C:\WINDOWS\system32;C:\WINDOWS;C:\WINDOWS\System32\Wbem;C:\WINDOWS\System32\WindowsPowerShell\v1.0\;C:\WINDOWS\System32\OpenSSH\;C:\Program Files (x86)\Windows Kits\8.1\Windows Performance Toolkit\;C:\Program Files (x86)\IVI Foundation\VISA\WinNT\Bin;C:\Program Files\IVI Foundation\VISA\Win64\Bin\;C:\VISA\WinNTBin;C:\Program Files\Git\cmd;C:\Users\ochuhvitskyy\AppData\Local\Microsoft\WindowsApps;C:\Users\ochuhvitskyy\AppData\Local\GitHubDesktop\bin
USERNAME=ochuhvitskyy
OS=Windows_NT
PROCESSOR_IDENTIFIER=Intel64 Family 6 Model 158 Stepping 11, GenuineIntel



---------------  S Y S T E M  ---------------

OS: Windows 10 , 64 bit Build 19041 (10.0.19041.1889)
OS uptime: 1 days 3:29 hours

CPU:total 4 (initial active 4) (4 cores per cpu, 1 threads per core) family 6 model 158 stepping 11 microcode 0xb4, cmov, cx8, fxsr, mmx, sse, sse2, sse3, ssse3, sse4.1, sse4.2, popcnt, avx, avx2, aes, clmul, erms, 3dnowpref, lzcnt, tsc, tscinvbit, bmi1, bmi2, adx, fma

Memory: 4k page, system-wide physical 4044M (310M free)
TotalPageFile size 8140M (AvailPageFile size 40M)
current process WorkingSet (physical memory assigned to process): 523M, peak: 524M
current process commit charge ("private bytes"): 611M, peak: 658M

vm_info: OpenJDK 64-Bit Server VM (11.0.12+7-b1504.28-7817840) for windows-amd64 JRE (11.0.12+7-b1504.28-7817840), built on Oct 13 2021 22:12:33 by "builder" with MS VC++ 14.0 (VS2015)

END.
