#
# There is insufficient memory for the Java Runtime Environment to continue.
# Native memory allocation (mmap) failed to map 49283072 bytes for Failed to commit area from 0x000000008ea00000 to 0x0000000091900000 of length 49283072.
# Possible reasons:
#   The system is out of physical RAM or swap space
#   The process is running with CompressedOops enabled, and the Java Heap may be blocking the growth of the native heap
# Possible solutions:
#   Reduce memory load on the system
#   Increase physical memory or swap space
#   Check if swap backing store is full
#   Decrease Java heap size (-Xmx/-Xms)
#   Decrease number of Java threads
#   Decrease Java thread stack sizes (-Xss)
#   Set larger code cache with -XX:ReservedCodeCacheSize=
#   JVM is running with Unscaled Compressed Oops mode in which the Java heap is
#     placed in the first 4GB address space. The Java Heap base address is the
#     maximum limit for the native heap growth. Please use -XX:HeapBaseMinAddress
#     to set the Java Heap base and to place the Java Heap above 4GB virtual address.
# This output file may be truncated or incomplete.
#
#  Out of Memory Error (./src/hotspot/os/windows/os_windows.cpp:3521), pid=3196, tid=2908
#
# JRE version: OpenJDK Runtime Environment (11.0.12+7) (build 11.0.12+7-b1504.28-7817840)
# Java VM: OpenJDK 64-Bit Server VM (11.0.12+7-b1504.28-7817840, mixed mode, tiered, compressed oops, g1 gc, windows-amd64)
# No core dump will be written. Minidumps are not enabled by default on client versions of Windows
#

---------------  S U M M A R Y ------------

Command Line: --add-opens=java.base/java.util=ALL-UNNAMED --add-opens=java.base/java.lang=ALL-UNNAMED --add-opens=java.base/java.lang.invoke=ALL-UNNAMED --add-opens=java.base/java.util=ALL-UNNAMED --add-opens=java.prefs/java.util.prefs=ALL-UNNAMED --add-opens=java.prefs/java.util.prefs=ALL-UNNAMED --add-opens=java.base/java.nio.charset=ALL-UNNAMED --add-opens=java.base/java.net=ALL-UNNAMED --add-opens=java.base/java.util.concurrent.atomic=ALL-UNNAMED -Xmx2048m -Dfile.encoding=UTF-8 -Duser.country=UA -Duser.language=uk -Duser.variant org.gradle.launcher.daemon.bootstrap.GradleDaemon 7.3.3

Host: Intel(R) Core(TM) i3-9100F CPU @ 3.60GHz, 4 cores, 3G,  Windows 10 , 64 bit Build 19041 (10.0.19041.1889)
Time: Thu Oct 13 11:32:14 2022 Ô³íëÿíä³ÿ (ë³òî) elapsed time: 21.365035 seconds (0d 0h 0m 21s)

---------------  T H R E A D  ---------------

Current thread (0x00000257fa986000):  VMThread "VM Thread" [stack: 0x000000b88de00000,0x000000b88df00000] [id=2908]

Stack: [0x000000b88de00000,0x000000b88df00000]
[error occurred during error reporting (printing stack bounds), id 0xc0000005, EXCEPTION_ACCESS_VIOLATION (0xc0000005) at pc=0x000002578000112d]

Native frames: (J=compiled Java code, j=interpreted, Vv=VM code, C=native code)
V  [jvm.dll+0x5fbcea]
V  [jvm.dll+0x731905]
V  [jvm.dll+0x732f1d]
V  [jvm.dll+0x733535]
V  [jvm.dll+0x7334eb]
V  [jvm.dll+0x5fb080]
V  [jvm.dll+0x5fb818]
C  [ntdll.dll+0xa235f]
C  [ntdll.dll+0x514a4]
C  [ntdll.dll+0xa0e8e]
C  0x000002578000112d

VM_Operation (0x000000b8917f7b80): G1CollectForAllocation, mode: safepoint, requested by thread 0x0000025791381800


---------------  P R O C E S S  ---------------

Threads class SMR info:
_java_thread_list=0x00000257fb92b730, length=92, elements={
0x00000257efdcf800, 0x00000257fa98b800, 0x00000257fa997000, 0x00000257fa9ad000,
0x00000257fa9b0000, 0x00000257fa9f3800, 0x00000257fa9f4800, 0x00000257fa9f7000,
0x00000257faa05800, 0x00000257fb48f000, 0x00000257fcaa9800, 0x00000257fe2a8800,
0x00000257fcc10800, 0x00000257fc6b7800, 0x00000257fdd48800, 0x00000257fe989000,
0x00000257fd695800, 0x00000257fddc2800, 0x00000257fe093000, 0x00000257fce3f800,
0x00000257fce3e800, 0x00000257fce3b800, 0x00000257fce3d000, 0x00000257fce3e000,
0x00000257fce39800, 0x00000257fce40000, 0x00000257fce3a800, 0x00000257fce3c000,
0x000002578f872000, 0x000002578f870000, 0x000002578f86f800, 0x000002578f872800,
0x000002578f86d800, 0x000002578f879000, 0x000002578f877800, 0x000002578f878800,
0x000002578f876800, 0x000002578f87a000, 0x000002578f874000, 0x000002578f87a800,
0x000002578f876000, 0x000002578f875000, 0x000002578f87b800, 0x000002578f87c800,
0x0000025791377800, 0x0000025791377000, 0x000002579137b000, 0x0000025791379800,
0x000002579137a000, 0x0000025791376000, 0x0000025791378800, 0x0000025791375800,
0x0000025791381800, 0x000002579137e800, 0x000002579137c800, 0x000002579137c000,
0x0000025791380000, 0x000002579137f000, 0x0000025791380800, 0x0000025791382800,
0x000002579137d800, 0x0000025791384000, 0x0000025791383000, 0x000002578f970000,
0x000002578f971800, 0x000002578f970800, 0x000002578f96d800, 0x000002578f96c000,
0x000002578f96e000, 0x000002578f972800, 0x000002578f96c800, 0x000002578f973000,
0x000002578f974000, 0x000002578f975000, 0x000002578f96f000, 0x000002578f978000,
0x000002578f977000, 0x000002578f979000, 0x000002578f979800, 0x000002578f97a800,
0x000002578f975800, 0x0000025791637800, 0x0000025791635000, 0x0000025791633800,
0x0000025791634000, 0x0000025791636000, 0x0000025791636800, 0x0000025791638000,
0x000002579163e000, 0x000002579163c800, 0x0000025791639000, 0x000002579163f800
}

Java Threads: ( => current thread )
  0x00000257efdcf800 JavaThread "main" [_thread_blocked, id=10360, stack(0x000000b88d800000,0x000000b88d900000)]
  0x00000257fa98b800 JavaThread "Reference Handler" daemon [_thread_blocked, id=5188, stack(0x000000b88df00000,0x000000b88e000000)]
  0x00000257fa997000 JavaThread "Finalizer" daemon [_thread_blocked, id=10916, stack(0x000000b88e000000,0x000000b88e100000)]
  0x00000257fa9ad000 JavaThread "Signal Dispatcher" daemon [_thread_blocked, id=11032, stack(0x000000b88e100000,0x000000b88e200000)]
  0x00000257fa9b0000 JavaThread "Attach Listener" daemon [_thread_blocked, id=3696, stack(0x000000b88e200000,0x000000b88e300000)]
  0x00000257fa9f3800 JavaThread "Service Thread" daemon [_thread_blocked, id=10660, stack(0x000000b88e300000,0x000000b88e400000)]
  0x00000257fa9f4800 JavaThread "C2 CompilerThread0" daemon [_thread_in_native, id=12448, stack(0x000000b88e400000,0x000000b88e500000)]
  0x00000257fa9f7000 JavaThread "C1 CompilerThread0" daemon [_thread_blocked, id=11760, stack(0x000000b88e500000,0x000000b88e600000)]
  0x00000257faa05800 JavaThread "Sweeper thread" daemon [_thread_blocked, id=9284, stack(0x000000b88e600000,0x000000b88e700000)]
  0x00000257fb48f000 JavaThread "Common-Cleaner" daemon [_thread_blocked, id=3804, stack(0x000000b88e700000,0x000000b88e800000)]
  0x00000257fcaa9800 JavaThread "Daemon health stats" [_thread_blocked, id=11448, stack(0x000000b88eb00000,0x000000b88ec00000)]
  0x00000257fe2a8800 JavaThread "Incoming local TCP Connector on port 62016" [_thread_in_native, id=10120, stack(0x000000b88ec00000,0x000000b88ed00000)]
  0x00000257fcc10800 JavaThread "Daemon periodic checks" [_thread_blocked, id=12856, stack(0x000000b88ed00000,0x000000b88ee00000)]
  0x00000257fc6b7800 JavaThread "Daemon" [_thread_blocked, id=8928, stack(0x000000b88ee00000,0x000000b88ef00000)]
  0x00000257fdd48800 JavaThread "Handler for socket connection from /127.0.0.1:62016 to /127.0.0.1:62017" [_thread_in_native, id=8796, stack(0x000000b88ef00000,0x000000b88f000000)]
  0x00000257fe989000 JavaThread "Cancel handler" [_thread_blocked, id=3808, stack(0x000000b88f200000,0x000000b88f300000)]
  0x00000257fd695800 JavaThread "Daemon worker" [_thread_blocked, id=9712, stack(0x000000b88f300000,0x000000b88f400000)]
  0x00000257fddc2800 JavaThread "Asynchronous log dispatcher for DefaultDaemonConnection: socket connection from /127.0.0.1:62016 to /127.0.0.1:62017" [_thread_blocked, id=8676, stack(0x000000b88f400000,0x000000b88f500000)]
  0x00000257fe093000 JavaThread "Stdin handler" [_thread_blocked, id=7140, stack(0x000000b88f500000,0x000000b88f600000)]
  0x00000257fce3f800 JavaThread "Daemon client event forwarder" [_thread_blocked, id=6148, stack(0x000000b88f600000,0x000000b88f700000)]
  0x00000257fce3e800 JavaThread "Cache worker for journal cache (C:\Users\ochuhvitskyy\.gradle\caches\journal-1)" [_thread_blocked, id=8548, stack(0x000000b88f700000,0x000000b88f800000)]
  0x00000257fce3b800 JavaThread "File lock request listener" [_thread_in_native, id=9136, stack(0x000000b88f800000,0x000000b88f900000)]
  0x00000257fce3d000 JavaThread "Cache worker for file hash cache (C:\Users\ochuhvitskyy\.gradle\caches\7.3.3\fileHashes)" [_thread_blocked, id=9048, stack(0x000000b88f900000,0x000000b88fa00000)]
  0x00000257fce3e000 JavaThread "Cache worker for file hash cache (C:\Users\ochuhvitskyy\AndroidStudioProjects\RetrofitVsVolley\.gradle\7.3.3\fileHashes)" [_thread_blocked, id=608, stack(0x000000b88fa00000,0x000000b88fb00000)]
  0x00000257fce39800 JavaThread "File watcher server" daemon [_thread_blocked, id=11736, stack(0x000000b88fb00000,0x000000b88fc00000)]
  0x00000257fce40000 JavaThread "File watcher consumer" daemon [_thread_blocked, id=7940, stack(0x000000b88fc00000,0x000000b88fd00000)]
  0x00000257fce3a800 JavaThread "Cache worker for checksums cache (C:\Users\ochuhvitskyy\AndroidStudioProjects\RetrofitVsVolley\.gradle\7.3.3\checksums)" [_thread_blocked, id=9044, stack(0x000000b88fd00000,0x000000b88fe00000)]
  0x00000257fce3c000 JavaThread "Cache worker for cache directory md-supplier (C:\Users\ochuhvitskyy\.gradle\caches\7.3.3\md-supplier)" [_thread_blocked, id=6932, stack(0x000000b88fe00000,0x000000b88ff00000)]
  0x000002578f872000 JavaThread "Cache worker for cache directory md-rule (C:\Users\ochuhvitskyy\.gradle\caches\7.3.3\md-rule)" [_thread_blocked, id=9604, stack(0x000000b88ff00000,0x000000b890000000)]
  0x000002578f870000 JavaThread "Cache worker for execution history cache (C:\Users\ochuhvitskyy\.gradle\caches\7.3.3\executionHistory)" [_thread_blocked, id=4144, stack(0x000000b890000000,0x000000b890100000)]
  0x000002578f86f800 JavaThread "jar transforms" [_thread_blocked, id=11304, stack(0x000000b890100000,0x000000b890200000)]
  0x000002578f872800 JavaThread "Cache worker for file content cache (C:\Users\ochuhvitskyy\.gradle\caches\7.3.3\fileContent)" [_thread_blocked, id=9248, stack(0x000000b890200000,0x000000b890300000)]
  0x000002578f86d800 JavaThread "jar transforms Thread 2" [_thread_blocked, id=3360, stack(0x000000b890300000,0x000000b890400000)]
  0x000002578f879000 JavaThread "Cache worker for dependencies-accessors (C:\Users\ochuhvitskyy\AndroidStudioProjects\RetrofitVsVolley\.gradle\7.3.3\dependencies-accessors)" [_thread_blocked, id=1852, stack(0x000000b890400000,0x000000b890500000)]
  0x000002578f877800 JavaThread "jar transforms Thread 3" [_thread_blocked, id=6140, stack(0x000000b890500000,0x000000b890600000)]
  0x000002578f878800 JavaThread "Cache worker for Build Output Cleanup Cache (C:\Users\ochuhvitskyy\AndroidStudioProjects\RetrofitVsVolley\.gradle\buildOutputCleanup)" [_thread_blocked, id=5696, stack(0x000000b890600000,0x000000b890700000)]
  0x000002578f876800 JavaThread "Unconstrained build operations" [_thread_blocked, id=10664, stack(0x000000b890700000,0x000000b890800000)]
  0x000002578f87a000 JavaThread "Unconstrained build operations Thread 2" [_thread_blocked, id=12312, stack(0x000000b890800000,0x000000b890900000)]
  0x000002578f874000 JavaThread "Unconstrained build operations Thread 3" [_thread_blocked, id=8940, stack(0x000000b890900000,0x000000b890a00000)]
  0x000002578f87a800 JavaThread "Unconstrained build operations Thread 4" [_thread_blocked, id=12372, stack(0x000000b890a00000,0x000000b890b00000)]
  0x000002578f876000 JavaThread "Unconstrained build operations Thread 5" [_thread_blocked, id=11136, stack(0x000000b890b00000,0x000000b890c00000)]
  0x000002578f875000 JavaThread "Unconstrained build operations Thread 6" [_thread_blocked, id=1840, stack(0x000000b890c00000,0x000000b890d00000)]
  0x000002578f87b800 JavaThread "Unconstrained build operations Thread 7" [_thread_blocked, id=6232, stack(0x000000b890d00000,0x000000b890e00000)]
  0x000002578f87c800 JavaThread "Unconstrained build operations Thread 8" [_thread_blocked, id=1060, stack(0x000000b890e00000,0x000000b890f00000)]
  0x0000025791377800 JavaThread "Unconstrained build operations Thread 9" [_thread_blocked, id=8084, stack(0x000000b890f00000,0x000000b891000000)]
  0x0000025791377000 JavaThread "Unconstrained build operations Thread 10" [_thread_blocked, id=5292, stack(0x000000b891000000,0x000000b891100000)]
  0x000002579137b000 JavaThread "Unconstrained build operations Thread 11" [_thread_blocked, id=7748, stack(0x000000b891100000,0x000000b891200000)]
  0x0000025791379800 JavaThread "Unconstrained build operations Thread 12" [_thread_blocked, id=12360, stack(0x000000b891200000,0x000000b891300000)]
  0x000002579137a000 JavaThread "Unconstrained build operations Thread 13" [_thread_blocked, id=7304, stack(0x000000b891300000,0x000000b891400000)]
  0x0000025791376000 JavaThread "Unconstrained build operations Thread 14" [_thread_blocked, id=9032, stack(0x000000b891400000,0x000000b891500000)]
  0x0000025791378800 JavaThread "Unconstrained build operations Thread 15" [_thread_blocked, id=7032, stack(0x000000b891500000,0x000000b891600000)]
  0x0000025791375800 JavaThread "Unconstrained build operations Thread 16" [_thread_blocked, id=12552, stack(0x000000b891600000,0x000000b891700000)]
  0x0000025791381800 JavaThread "Unconstrained build operations Thread 17" [_thread_blocked, id=7332, stack(0x000000b891700000,0x000000b891800000)]
  0x000002579137e800 JavaThread "Unconstrained build operations Thread 18" [_thread_blocked, id=9180, stack(0x000000b891800000,0x000000b891900000)]
  0x000002579137c800 JavaThread "Unconstrained build operations Thread 19" [_thread_blocked, id=7144, stack(0x000000b891900000,0x000000b891a00000)]
  0x000002579137c000 JavaThread "Unconstrained build operations Thread 20" [_thread_blocked, id=13052, stack(0x000000b891a00000,0x000000b891b00000)]
  0x0000025791380000 JavaThread "Unconstrained build operations Thread 21" [_thread_blocked, id=6612, stack(0x000000b891b00000,0x000000b891c00000)]
  0x000002579137f000 JavaThread "Unconstrained build operations Thread 22" [_thread_blocked, id=9612, stack(0x000000b891c00000,0x000000b891d00000)]
  0x0000025791380800 JavaThread "Unconstrained build operations Thread 23" [_thread_blocked, id=10996, stack(0x000000b891d00000,0x000000b891e00000)]
  0x0000025791382800 JavaThread "Unconstrained build operations Thread 24" [_thread_blocked, id=13164, stack(0x000000b891e00000,0x000000b891f00000)]
  0x000002579137d800 JavaThread "Unconstrained build operations Thread 25" [_thread_blocked, id=6396, stack(0x000000b891f00000,0x000000b892000000)]
  0x0000025791384000 JavaThread "Unconstrained build operations Thread 26" [_thread_blocked, id=3132, stack(0x000000b892000000,0x000000b892100000)]
  0x0000025791383000 JavaThread "Unconstrained build operations Thread 27" [_thread_blocked, id=10600, stack(0x000000b892100000,0x000000b892200000)]
  0x000002578f970000 JavaThread "Unconstrained build operations Thread 28" [_thread_blocked, id=864, stack(0x000000b892200000,0x000000b892300000)]
  0x000002578f971800 JavaThread "Unconstrained build operations Thread 29" [_thread_blocked, id=8092, stack(0x000000b892300000,0x000000b892400000)]
  0x000002578f970800 JavaThread "Unconstrained build operations Thread 30" [_thread_blocked, id=10420, stack(0x000000b892400000,0x000000b892500000)]
  0x000002578f96d800 JavaThread "Unconstrained build operations Thread 31" [_thread_blocked, id=3680, stack(0x000000b892500000,0x000000b892600000)]
  0x000002578f96c000 JavaThread "Unconstrained build operations Thread 32" [_thread_blocked, id=11552, stack(0x000000b892600000,0x000000b892700000)]
  0x000002578f96e000 JavaThread "Unconstrained build operations Thread 33" [_thread_blocked, id=12656, stack(0x000000b892700000,0x000000b892800000)]
  0x000002578f972800 JavaThread "Unconstrained build operations Thread 34" [_thread_blocked, id=6680, stack(0x000000b892800000,0x000000b892900000)]
  0x000002578f96c800 JavaThread "Unconstrained build operations Thread 35" [_thread_blocked, id=1764, stack(0x000000b892900000,0x000000b892a00000)]
  0x000002578f973000 JavaThread "Unconstrained build operations Thread 36" [_thread_blocked, id=6572, stack(0x000000b892a00000,0x000000b892b00000)]
  0x000002578f974000 JavaThread "Unconstrained build operations Thread 37" [_thread_blocked, id=10492, stack(0x000000b892b00000,0x000000b892c00000)]
  0x000002578f975000 JavaThread "Unconstrained build operations Thread 38" [_thread_blocked, id=6156, stack(0x000000b892c00000,0x000000b892d00000)]
  0x000002578f96f000 JavaThread "Unconstrained build operations Thread 39" [_thread_blocked, id=11328, stack(0x000000b892d00000,0x000000b892e00000)]
  0x000002578f978000 JavaThread "Unconstrained build operations Thread 40" [_thread_blocked, id=7580, stack(0x000000b892e00000,0x000000b892f00000)]
  0x000002578f977000 JavaThread "jar transforms Thread 4" [_thread_blocked, id=8332, stack(0x000000b892f00000,0x000000b893000000)]
  0x000002578f979000 JavaThread "Memory manager" [_thread_blocked, id=3520, stack(0x000000b893000000,0x000000b893100000)]
  0x000002578f979800 JavaThread "build event listener" [_thread_blocked, id=1880, stack(0x000000b893100000,0x000000b893200000)]
  0x000002578f97a800 JavaThread "Execution worker for ':'" [_thread_blocked, id=12616, stack(0x000000b893200000,0x000000b893300000)]
  0x000002578f975800 JavaThread "Execution worker for ':' Thread 2" [_thread_blocked, id=10100, stack(0x000000b893300000,0x000000b893400000)]
  0x0000025791637800 JavaThread "Execution worker for ':' Thread 3" [_thread_blocked, id=8776, stack(0x000000b893400000,0x000000b893500000)]
  0x0000025791635000 JavaThread "Cache worker for execution history cache (C:\Users\ochuhvitskyy\AndroidStudioProjects\RetrofitVsVolley\.gradle\7.3.3\executionHistory)" [_thread_blocked, id=10944, stack(0x000000b893500000,0x000000b893600000)]
  0x0000025791633800 JavaThread "WorkerExecutor Queue" [_thread_blocked, id=12756, stack(0x000000b88e900000,0x000000b88ea00000)]
  0x0000025791634000 JavaThread "WorkerExecutor Queue Thread 2" [_thread_blocked, id=12808, stack(0x000000b893700000,0x000000b893800000)]
  0x0000025791636000 JavaThread "WorkerExecutor Queue Thread 3" [_thread_blocked, id=7348, stack(0x000000b893800000,0x000000b893900000)]
  0x0000025791636800 JavaThread "WorkerExecutor Queue Thread 4" [_thread_blocked, id=600, stack(0x000000b893900000,0x000000b893a00000)]
  0x0000025791638000 JavaThread "pool-3-thread-1" [_thread_blocked, id=7984, stack(0x000000b893a00000,0x000000b893b00000)]
  0x000002579163e000 JavaThread "stderr" [_thread_in_native, id=2112, stack(0x000000b893b00000,0x000000b893c00000)]
  0x000002579163c800 JavaThread "stdout" [_thread_in_native, id=10552, stack(0x000000b893c00000,0x000000b893d00000)]
  0x0000025791639000 JavaThread "stderr" [_thread_in_native, id=9836, stack(0x000000b893d00000,0x000000b893e00000)]
  0x000002579163f800 JavaThread "stdout" [_thread_in_native, id=12672, stack(0x000000b893e00000,0x000000b893f00000)]

Other Threads:
=>0x00000257fa986000 VMThread "VM Thread" [stack: 0x000000b88de00000,0x000000b88df00000] [id=2908]
  0x00000257fb496000 WatcherThread [stack: 0x000000b88e800000,0x000000b88e900000] [id=11700]
  0x00000257efde6000 GCTaskThread "GC Thread#0" [stack: 0x000000b88d900000,0x000000b88da00000] [id=10004]
  0x00000257fba17000 GCTaskThread "GC Thread#1" [stack: 0x000000b88ea00000,0x000000b88eb00000] [id=12644]
  0x00000257fd552000 GCTaskThread "GC Thread#2" [stack: 0x000000b88f000000,0x000000b88f100000] [id=7760]
  0x00000257fd93f000 GCTaskThread "GC Thread#3" [stack: 0x000000b88f100000,0x000000b88f200000] [id=6308]
  0x00000257efe1a000 ConcurrentGCThread "G1 Main Marker" [stack: 0x000000b88da00000,0x000000b88db00000] [id=8556]
  0x00000257efe1b000 ConcurrentGCThread "G1 Conc#0" [stack: 0x000000b88db00000,0x000000b88dc00000] [id=7736]
  0x00000257efe72800 ConcurrentGCThread "G1 Refine#0" [stack: 0x000000b88dc00000,0x000000b88dd00000] [id=4164]
  0x00000257fdb70800 ConcurrentGCThread "G1 Refine#1" [stack: 0x000000b893600000,0x000000b893700000] [id=11840]
  0x00000257efe73800 ConcurrentGCThread "G1 Young RemSet Sampling" [stack: 0x000000b88dd00000,0x000000b88de00000] [id=332]

Threads with active compile tasks:
C2 CompilerThread0  21408 15533 %     4       com.android.tools.r8.internal.xa::a @ 2572 (6068 bytes)
C1 CompilerThread0  21408 17016       2       com.android.tools.r8.internal.sJ::a (1305 bytes)

VM state:at safepoint (normal execution)

VM Mutex/Monitor currently owned by a thread:  ([mutex/lock_event])
[0x00000257efdcabe0] Threads_lock - owner thread: 0x00000257fa986000
[0x00000257efdca640] Heap_lock - owner thread: 0x0000025791381800

Heap address: 0x0000000080000000, size: 2048 MB, Compressed Oops mode: 32-bit
Narrow klass base: 0x0000000000000000, Narrow klass shift: 3
Compressed class space size: 1073741824 Address: 0x0000000100000000

Heap:
 garbage-first heap   total 287744K, used 135374K [0x0000000080000000, 0x0000000100000000)
  region size 1024K, 1 young (1024K), 1 survivors (1024K)
 Metaspace       used 113816K, capacity 116532K, committed 116824K, reserved 1150976K
  class space    used 14282K, capacity 15326K, committed 15448K, reserved 1048576K
Heap Regions: E=young(eden), S=young(survivor), O=old, HS=humongous(starts), HC=humongous(continues), CS=collection set, F=free, A=archive, TAMS=top-at-mark-start (previous, next)
|   0|0x0000000080000000, 0x0000000080100000, 0x0000000080100000|100%|HS|  |TAMS 0x0000000080100000, 0x0000000080000000| Complete 
|   1|0x0000000080100000, 0x0000000080200000, 0x0000000080200000|100%|HC|  |TAMS 0x0000000080200000, 0x0000000080100000| Complete 
|   2|0x0000000080200000, 0x0000000080300000, 0x0000000080300000|100%|HC|  |TAMS 0x0000000080300000, 0x0000000080200000| Complete 
|   3|0x0000000080300000, 0x0000000080400000, 0x0000000080400000|100%| O|  |TAMS 0x0000000080400000, 0x0000000080300000| Untracked 
|   4|0x0000000080400000, 0x0000000080500000, 0x0000000080500000|100%| O|  |TAMS 0x0000000080500000, 0x0000000080400000| Untracked 
|   5|0x0000000080500000, 0x0000000080600000, 0x0000000080600000|100%| O|  |TAMS 0x0000000080600000, 0x0000000080500000| Untracked 
|   6|0x0000000080600000, 0x0000000080700000, 0x0000000080700000|100%| O|  |TAMS 0x0000000080700000, 0x0000000080600000| Untracked 
|   7|0x0000000080700000, 0x0000000080800000, 0x0000000080800000|100%| O|  |TAMS 0x0000000080800000, 0x0000000080700000| Untracked 
|   8|0x0000000080800000, 0x0000000080900000, 0x0000000080900000|100%| O|  |TAMS 0x0000000080900000, 0x0000000080800000| Untracked 
|   9|0x0000000080900000, 0x0000000080a00000, 0x0000000080a00000|100%| O|  |TAMS 0x0000000080a00000, 0x0000000080900000| Untracked 
|  10|0x0000000080a00000, 0x0000000080b00000, 0x0000000080b00000|100%| O|  |TAMS 0x0000000080b00000, 0x0000000080a00000| Untracked 
|  11|0x0000000080b00000, 0x0000000080c00000, 0x0000000080c00000|100%| O|  |TAMS 0x0000000080c00000, 0x0000000080b00000| Untracked 
|  12|0x0000000080c00000, 0x0000000080d00000, 0x0000000080d00000|100%| O|  |TAMS 0x0000000080d00000, 0x0000000080c00000| Untracked 
|  13|0x0000000080d00000, 0x0000000080e00000, 0x0000000080e00000|100%| O|  |TAMS 0x0000000080e00000, 0x0000000080d00000| Untracked 
|  14|0x0000000080e00000, 0x0000000080f00000, 0x0000000080f00000|100%| O|  |TAMS 0x0000000080f00000, 0x0000000080e00000| Untracked 
|  15|0x0000000080f00000, 0x0000000081000000, 0x0000000081000000|100%| O|  |TAMS 0x0000000081000000, 0x0000000080f00000| Complete 
|  16|0x0000000081000000, 0x0000000081100000, 0x0000000081100000|100%| O|  |TAMS 0x0000000081100000, 0x0000000081000000| Untracked 
|  17|0x0000000081100000, 0x0000000081200000, 0x0000000081200000|100%| O|  |TAMS 0x0000000081200000, 0x0000000081100000| Untracked 
|  18|0x0000000081200000, 0x0000000081300000, 0x0000000081300000|100%| O|  |TAMS 0x0000000081300000, 0x0000000081200000| Complete 
|  19|0x0000000081300000, 0x0000000081400000, 0x0000000081400000|100%| O|  |TAMS 0x0000000081400000, 0x0000000081300000| Untracked 
|  20|0x0000000081400000, 0x0000000081500000, 0x0000000081500000|100%| O|  |TAMS 0x0000000081500000, 0x0000000081400000| Untracked 
|  21|0x0000000081500000, 0x0000000081600000, 0x0000000081600000|100%| O|  |TAMS 0x0000000081600000, 0x0000000081500000| Untracked 
|  22|0x0000000081600000, 0x0000000081700000, 0x0000000081700000|100%| O|  |TAMS 0x0000000081700000, 0x0000000081600000| Complete 
|  23|0x0000000081700000, 0x0000000081800000, 0x0000000081800000|100%| O|  |TAMS 0x0000000081800000, 0x0000000081700000| Untracked 
|  24|0x0000000081800000, 0x0000000081900000, 0x0000000081900000|100%| O|  |TAMS 0x0000000081900000, 0x0000000081800000| Untracked 
|  25|0x0000000081900000, 0x0000000081a00000, 0x0000000081a00000|100%| O|  |TAMS 0x0000000081a00000, 0x0000000081900000| Untracked 
|  26|0x0000000081a00000, 0x0000000081b00000, 0x0000000081b00000|100%| O|  |TAMS 0x0000000081b00000, 0x0000000081a00000| Untracked 
|  27|0x0000000081b00000, 0x0000000081c00000, 0x0000000081c00000|100%| O|  |TAMS 0x0000000081c00000, 0x0000000081b00000| Untracked 
|  28|0x0000000081c00000, 0x0000000081d00000, 0x0000000081d00000|100%|HS|  |TAMS 0x0000000081d00000, 0x0000000081c00000| Complete 
|  29|0x0000000081d00000, 0x0000000081e00000, 0x0000000081e00000|100%|HS|  |TAMS 0x0000000081e00000, 0x0000000081d00000| Complete 
|  30|0x0000000081e00000, 0x0000000081f00000, 0x0000000081f00000|100%|HS|  |TAMS 0x0000000081f00000, 0x0000000081e00000| Complete 
|  31|0x0000000081f00000, 0x0000000082000000, 0x0000000082000000|100%|HS|  |TAMS 0x0000000082000000, 0x0000000081f00000| Complete 
|  32|0x0000000082000000, 0x0000000082100000, 0x0000000082100000|100%|HC|  |TAMS 0x0000000082100000, 0x0000000082000000| Complete 
|  33|0x0000000082100000, 0x0000000082200000, 0x0000000082200000|100%|HC|  |TAMS 0x0000000082200000, 0x0000000082100000| Complete 
|  34|0x0000000082200000, 0x0000000082300000, 0x0000000082300000|100%|HS|  |TAMS 0x0000000082300000, 0x0000000082200000| Complete 
|  35|0x0000000082300000, 0x0000000082400000, 0x0000000082400000|100%|HC|  |TAMS 0x0000000082400000, 0x0000000082300000| Complete 
|  36|0x0000000082400000, 0x0000000082500000, 0x0000000082500000|100%| O|  |TAMS 0x0000000082500000, 0x0000000082400000| Untracked 
|  37|0x0000000082500000, 0x0000000082600000, 0x0000000082600000|100%| O|  |TAMS 0x0000000082600000, 0x0000000082500000| Untracked 
|  38|0x0000000082600000, 0x0000000082700000, 0x0000000082700000|100%| O|  |TAMS 0x0000000082700000, 0x0000000082600000| Untracked 
|  39|0x0000000082700000, 0x0000000082800000, 0x0000000082800000|100%| O|  |TAMS 0x0000000082800000, 0x0000000082700000| Untracked 
|  40|0x0000000082800000, 0x0000000082900000, 0x0000000082900000|100%| O|  |TAMS 0x0000000082900000, 0x0000000082800000| Untracked 
|  41|0x0000000082900000, 0x0000000082a00000, 0x0000000082a00000|100%| O|  |TAMS 0x0000000082a00000, 0x0000000082900000| Untracked 
|  42|0x0000000082a00000, 0x0000000082b00000, 0x0000000082b00000|100%| O|  |TAMS 0x0000000082b00000, 0x0000000082a00000| Complete 
|  43|0x0000000082b00000, 0x0000000082c00000, 0x0000000082c00000|100%| O|  |TAMS 0x0000000082c00000, 0x0000000082b00000| Untracked 
|  44|0x0000000082c00000, 0x0000000082d00000, 0x0000000082d00000|100%| O|  |TAMS 0x0000000082d00000, 0x0000000082c00000| Untracked 
|  45|0x0000000082d00000, 0x0000000082e00000, 0x0000000082e00000|100%| O|  |TAMS 0x0000000082e00000, 0x0000000082d00000| Untracked 
|  46|0x0000000082e00000, 0x0000000082f00000, 0x0000000082f00000|100%| O|  |TAMS 0x0000000082f00000, 0x0000000082e00000| Untracked 
|  47|0x0000000082f00000, 0x0000000083000000, 0x0000000083000000|100%| O|  |TAMS 0x0000000083000000, 0x0000000082f00000| Untracked 
|  48|0x0000000083000000, 0x0000000083100000, 0x0000000083100000|100%| O|  |TAMS 0x0000000083100000, 0x0000000083000000| Untracked 
|  49|0x0000000083100000, 0x0000000083200000, 0x0000000083200000|100%| O|  |TAMS 0x0000000083200000, 0x0000000083100000| Untracked 
|  50|0x0000000083200000, 0x0000000083300000, 0x0000000083300000|100%| O|  |TAMS 0x0000000083300000, 0x0000000083200000| Untracked 
|  51|0x0000000083300000, 0x0000000083400000, 0x0000000083400000|100%| O|  |TAMS 0x0000000083400000, 0x0000000083300000| Untracked 
|  52|0x0000000083400000, 0x0000000083500000, 0x0000000083500000|100%| O|  |TAMS 0x0000000083500000, 0x0000000083400000| Untracked 
|  53|0x0000000083500000, 0x0000000083600000, 0x0000000083600000|100%| O|  |TAMS 0x0000000083600000, 0x0000000083500000| Untracked 
|  54|0x0000000083600000, 0x0000000083700000, 0x0000000083700000|100%| O|  |TAMS 0x0000000083700000, 0x0000000083600000| Untracked 
|  55|0x0000000083700000, 0x0000000083800000, 0x0000000083800000|100%| O|  |TAMS 0x0000000083800000, 0x0000000083700000| Untracked 
|  56|0x0000000083800000, 0x0000000083900000, 0x0000000083900000|100%| O|  |TAMS 0x0000000083900000, 0x0000000083800000| Untracked 
|  57|0x0000000083900000, 0x0000000083a00000, 0x0000000083a00000|100%| O|  |TAMS 0x0000000083a00000, 0x0000000083900000| Untracked 
|  58|0x0000000083a00000, 0x0000000083b00000, 0x0000000083b00000|100%| O|  |TAMS 0x0000000083b00000, 0x0000000083a00000| Untracked 
|  59|0x0000000083b00000, 0x0000000083c00000, 0x0000000083c00000|100%| O|  |TAMS 0x0000000083c00000, 0x0000000083b00000| Untracked 
|  60|0x0000000083c00000, 0x0000000083d00000, 0x0000000083d00000|100%| O|  |TAMS 0x0000000083d00000, 0x0000000083c00000| Untracked 
|  61|0x0000000083d00000, 0x0000000083e00000, 0x0000000083e00000|100%| O|  |TAMS 0x0000000083e00000, 0x0000000083d00000| Untracked 
|  62|0x0000000083e00000, 0x0000000083f00000, 0x0000000083f00000|100%| O|  |TAMS 0x0000000083f00000, 0x0000000083e00000| Untracked 
|  63|0x0000000083f00000, 0x0000000084000000, 0x0000000084000000|100%| O|  |TAMS 0x0000000084000000, 0x0000000083f00000| Complete 
|  64|0x0000000084000000, 0x0000000084100000, 0x0000000084100000|100%| O|  |TAMS 0x0000000084100000, 0x0000000084000000| Untracked 
|  65|0x0000000084100000, 0x0000000084200000, 0x0000000084200000|100%| O|  |TAMS 0x0000000084200000, 0x0000000084100000| Untracked 
|  66|0x0000000084200000, 0x0000000084300000, 0x0000000084300000|100%| O|  |TAMS 0x0000000084300000, 0x0000000084200000| Untracked 
|  67|0x0000000084300000, 0x0000000084400000, 0x0000000084400000|100%| O|  |TAMS 0x0000000084400000, 0x0000000084300000| Untracked 
|  68|0x0000000084400000, 0x0000000084500000, 0x0000000084500000|100%| O|  |TAMS 0x0000000084500000, 0x0000000084400000| Complete 
|  69|0x0000000084500000, 0x0000000084600000, 0x0000000084600000|100%| O|  |TAMS 0x0000000084600000, 0x0000000084500000| Untracked 
|  70|0x0000000084600000, 0x0000000084700000, 0x0000000084700000|100%| O|  |TAMS 0x0000000084700000, 0x0000000084600000| Untracked 
|  71|0x0000000084700000, 0x0000000084800000, 0x0000000084800000|100%| O|  |TAMS 0x0000000084800000, 0x0000000084700000| Complete 
|  72|0x0000000084800000, 0x0000000084900000, 0x0000000084900000|100%| O|  |TAMS 0x0000000084900000, 0x0000000084800000| Untracked 
|  73|0x0000000084900000, 0x0000000084a00000, 0x0000000084a00000|100%| O|  |TAMS 0x0000000084a00000, 0x0000000084900000| Untracked 
|  74|0x0000000084a00000, 0x0000000084b00000, 0x0000000084b00000|100%| O|  |TAMS 0x0000000084b00000, 0x0000000084a00000| Complete 
|  75|0x0000000084b00000, 0x0000000084c00000, 0x0000000084c00000|100%| O|  |TAMS 0x0000000084c00000, 0x0000000084b00000| Complete 
|  76|0x0000000084c00000, 0x0000000084d00000, 0x0000000084d00000|100%| O|  |TAMS 0x0000000084d00000, 0x0000000084c00000| Complete 
|  77|0x0000000084d00000, 0x0000000084d00000, 0x0000000084e00000|  0%| F|  |TAMS 0x0000000084d00000, 0x0000000084d00000| Untracked 
|  78|0x0000000084e00000, 0x0000000084e00000, 0x0000000084f00000|  0%| F|  |TAMS 0x0000000084e00000, 0x0000000084e00000| Untracked 
|  79|0x0000000084f00000, 0x0000000084f00000, 0x0000000085000000|  0%| F|  |TAMS 0x0000000084f00000, 0x0000000084f00000| Untracked 
|  80|0x0000000085000000, 0x0000000085100000, 0x0000000085100000|100%| O|  |TAMS 0x0000000085100000, 0x0000000085000000| Untracked 
|  81|0x0000000085100000, 0x0000000085200000, 0x0000000085200000|100%| O|  |TAMS 0x0000000085200000, 0x0000000085100000| Complete 
|  82|0x0000000085200000, 0x0000000085300000, 0x0000000085300000|100%| O|  |TAMS 0x0000000085300000, 0x0000000085200000| Complete 
|  83|0x0000000085300000, 0x0000000085300000, 0x0000000085400000|  0%| F|  |TAMS 0x0000000085300000, 0x0000000085300000| Untracked 
|  84|0x0000000085400000, 0x0000000085500000, 0x0000000085500000|100%| O|  |TAMS 0x0000000085500000, 0x0000000085400000| Untracked 
|  85|0x0000000085500000, 0x0000000085600000, 0x0000000085600000|100%| O|  |TAMS 0x0000000085500000, 0x0000000085500000| Untracked 
|  86|0x0000000085600000, 0x0000000085600000, 0x0000000085700000|  0%| F|  |TAMS 0x0000000085600000, 0x0000000085600000| Untracked 
|  87|0x0000000085700000, 0x0000000085800000, 0x0000000085800000|100%| O|  |TAMS 0x0000000085800000, 0x0000000085700000| Untracked 
|  88|0x0000000085800000, 0x0000000085900000, 0x0000000085900000|100%| O|  |TAMS 0x0000000085900000, 0x0000000085800000| Untracked 
|  89|0x0000000085900000, 0x0000000085a00000, 0x0000000085a00000|100%| O|  |TAMS 0x0000000085a00000, 0x0000000085900000| Untracked 
|  90|0x0000000085a00000, 0x0000000085b00000, 0x0000000085b00000|100%| O|  |TAMS 0x0000000085b00000, 0x0000000085a00000| Untracked 
|  91|0x0000000085b00000, 0x0000000085c00000, 0x0000000085c00000|100%| O|  |TAMS 0x0000000085c00000, 0x0000000085b00000| Untracked 
|  92|0x0000000085c00000, 0x0000000085d00000, 0x0000000085d00000|100%| O|  |TAMS 0x0000000085d00000, 0x0000000085c00000| Untracked 
|  93|0x0000000085d00000, 0x0000000085e00000, 0x0000000085e00000|100%| O|  |TAMS 0x0000000085e00000, 0x0000000085d00000| Untracked 
|  94|0x0000000085e00000, 0x0000000085f00000, 0x0000000085f00000|100%| O|  |TAMS 0x0000000085f00000, 0x0000000085e00000| Untracked 
|  95|0x0000000085f00000, 0x0000000086000000, 0x0000000086000000|100%| O|  |TAMS 0x0000000086000000, 0x0000000085f00000| Untracked 
|  96|0x0000000086000000, 0x0000000086100000, 0x0000000086100000|100%| O|  |TAMS 0x0000000086100000, 0x0000000086000000| Untracked 
|  97|0x0000000086100000, 0x0000000086200000, 0x0000000086200000|100%| O|  |TAMS 0x0000000086200000, 0x0000000086100000| Untracked 
|  98|0x0000000086200000, 0x0000000086300000, 0x0000000086300000|100%| O|  |TAMS 0x0000000086300000, 0x0000000086200000| Complete 
|  99|0x0000000086300000, 0x0000000086400000, 0x0000000086400000|100%| O|  |TAMS 0x0000000086400000, 0x0000000086300000| Complete 
| 100|0x0000000086400000, 0x0000000086500000, 0x0000000086500000|100%| O|  |TAMS 0x0000000086400000, 0x0000000086400000| Untracked 
| 101|0x0000000086500000, 0x0000000086500000, 0x0000000086600000|  0%| F|  |TAMS 0x0000000086500000, 0x0000000086500000| Untracked 
| 102|0x0000000086600000, 0x0000000086700000, 0x0000000086700000|100%| O|  |TAMS 0x0000000086700000, 0x0000000086600000| Complete 
| 103|0x0000000086700000, 0x0000000086800000, 0x0000000086800000|100%| O|  |TAMS 0x0000000086800000, 0x0000000086700000| Untracked 
| 104|0x0000000086800000, 0x0000000086900000, 0x0000000086900000|100%| O|  |TAMS 0x0000000086900000, 0x0000000086800000| Untracked 
| 105|0x0000000086900000, 0x0000000086a00000, 0x0000000086a00000|100%| O|  |TAMS 0x0000000086a00000, 0x0000000086900000| Complete 
| 106|0x0000000086a00000, 0x0000000086b00000, 0x0000000086b00000|100%| O|  |TAMS 0x0000000086b00000, 0x0000000086a00000| Untracked 
| 107|0x0000000086b00000, 0x0000000086c00000, 0x0000000086c00000|100%| O|  |TAMS 0x0000000086c00000, 0x0000000086b00000| Untracked 
| 108|0x0000000086c00000, 0x0000000086d00000, 0x0000000086d00000|100%| O|  |TAMS 0x0000000086d00000, 0x0000000086c00000| Untracked 
| 109|0x0000000086d00000, 0x0000000086e00000, 0x0000000086e00000|100%| O|  |TAMS 0x0000000086e00000, 0x0000000086d00000| Untracked 
| 110|0x0000000086e00000, 0x0000000086f00000, 0x0000000086f00000|100%| O|  |TAMS 0x0000000086f00000, 0x0000000086e00000| Untracked 
| 111|0x0000000086f00000, 0x0000000087000000, 0x0000000087000000|100%| O|  |TAMS 0x0000000087000000, 0x0000000086f00000| Untracked 
| 112|0x0000000087000000, 0x0000000087100000, 0x0000000087100000|100%| O|  |TAMS 0x0000000087100000, 0x0000000087000000| Untracked 
| 113|0x0000000087100000, 0x0000000087200000, 0x0000000087200000|100%| O|  |TAMS 0x0000000087200000, 0x0000000087100000| Untracked 
| 114|0x0000000087200000, 0x0000000087300000, 0x0000000087300000|100%| O|  |TAMS 0x0000000087265a00, 0x0000000087200000| Complete 
| 115|0x0000000087300000, 0x0000000087400000, 0x0000000087400000|100%| O|  |TAMS 0x0000000087300000, 0x0000000087300000| Untracked 
| 116|0x0000000087400000, 0x0000000087500000, 0x0000000087500000|100%| O|  |TAMS 0x0000000087400000, 0x0000000087400000| Untracked 
| 117|0x0000000087500000, 0x0000000087600000, 0x0000000087600000|100%| O|  |TAMS 0x0000000087500000, 0x0000000087500000| Untracked 
| 118|0x0000000087600000, 0x0000000087700000, 0x0000000087700000|100%| O|  |TAMS 0x0000000087700000, 0x0000000087600000| Complete 
| 119|0x0000000087700000, 0x0000000087700000, 0x0000000087800000|  0%| F|  |TAMS 0x0000000087700000, 0x0000000087700000| Untracked 
| 120|0x0000000087800000, 0x0000000087900000, 0x0000000087900000|100%| O|  |TAMS 0x0000000087800000, 0x0000000087800000| Untracked 
| 121|0x0000000087900000, 0x0000000087900000, 0x0000000087a00000|  0%| F|  |TAMS 0x0000000087900000, 0x0000000087900000| Untracked 
| 122|0x0000000087a00000, 0x0000000087b00000, 0x0000000087b00000|100%| O|  |TAMS 0x0000000087b00000, 0x0000000087a00000| Complete 
| 123|0x0000000087b00000, 0x0000000087c00000, 0x0000000087c00000|100%| O|  |TAMS 0x0000000087b00000, 0x0000000087b00000| Untracked 
| 124|0x0000000087c00000, 0x0000000087d00000, 0x0000000087d00000|100%| O|  |TAMS 0x0000000087c00000, 0x0000000087c00000| Untracked 
| 125|0x0000000087d00000, 0x0000000087e00000, 0x0000000087e00000|100%| O|  |TAMS 0x0000000087d00000, 0x0000000087d00000| Untracked 
| 126|0x0000000087e00000, 0x0000000087f00000, 0x0000000087f00000|100%| O|  |TAMS 0x0000000087e00000, 0x0000000087e00000| Untracked 
| 127|0x0000000087f00000, 0x0000000088000000, 0x0000000088000000|100%| O|  |TAMS 0x0000000087f00000, 0x0000000087f00000| Untracked 
| 128|0x0000000088000000, 0x0000000088100000, 0x0000000088100000|100%| O|  |TAMS 0x0000000088000000, 0x0000000088000000| Untracked 
| 129|0x0000000088100000, 0x0000000088200000, 0x0000000088200000|100%| O|  |TAMS 0x0000000088100000, 0x0000000088100000| Untracked 
| 130|0x0000000088200000, 0x0000000088300000, 0x0000000088300000|100%| O|  |TAMS 0x0000000088200000, 0x0000000088200000| Untracked 
| 131|0x0000000088300000, 0x0000000088400000, 0x0000000088400000|100%| O|  |TAMS 0x0000000088300000, 0x0000000088300000| Untracked 
| 132|0x0000000088400000, 0x0000000088500000, 0x0000000088500000|100%| O|  |TAMS 0x0000000088400000, 0x0000000088400000| Untracked 
| 133|0x0000000088500000, 0x0000000088600000, 0x0000000088600000|100%| O|  |TAMS 0x0000000088500000, 0x0000000088500000| Untracked 
| 134|0x0000000088600000, 0x0000000088700000, 0x0000000088700000|100%| O|  |TAMS 0x0000000088600000, 0x0000000088600000| Untracked 
| 135|0x0000000088700000, 0x0000000088800000, 0x0000000088800000|100%| O|  |TAMS 0x0000000088700000, 0x0000000088700000| Untracked 
| 136|0x0000000088800000, 0x0000000088900000, 0x0000000088900000|100%| O|  |TAMS 0x0000000088800000, 0x0000000088800000| Untracked 
| 137|0x0000000088900000, 0x0000000088a00000, 0x0000000088a00000|100%| O|  |TAMS 0x0000000088900000, 0x0000000088900000| Untracked 
| 138|0x0000000088a00000, 0x0000000088b00000, 0x0000000088b00000|100%| O|  |TAMS 0x0000000088a00000, 0x0000000088a00000| Untracked 
| 139|0x0000000088b00000, 0x0000000088b6f600, 0x0000000088c00000| 43%| O|  |TAMS 0x0000000088b00000, 0x0000000088b00000| Untracked 
| 140|0x0000000088c00000, 0x0000000088c00000, 0x0000000088d00000|  0%| F|  |TAMS 0x0000000088c00000, 0x0000000088c00000| Untracked 
| 141|0x0000000088d00000, 0x0000000088d00000, 0x0000000088e00000|  0%| F|  |TAMS 0x0000000088d00000, 0x0000000088d00000| Untracked 
| 142|0x0000000088e00000, 0x0000000088e00000, 0x0000000088f00000|  0%| F|  |TAMS 0x0000000088e00000, 0x0000000088e00000| Untracked 
| 143|0x0000000088f00000, 0x0000000088f00000, 0x0000000089000000|  0%| F|  |TAMS 0x0000000088f00000, 0x0000000088f00000| Untracked 
| 144|0x0000000089000000, 0x0000000089000000, 0x0000000089100000|  0%| F|  |TAMS 0x0000000089000000, 0x0000000089000000| Untracked 
| 145|0x0000000089100000, 0x0000000089100000, 0x0000000089200000|  0%| F|  |TAMS 0x0000000089100000, 0x0000000089100000| Untracked 
| 146|0x0000000089200000, 0x0000000089200000, 0x0000000089300000|  0%| F|  |TAMS 0x0000000089200000, 0x0000000089200000| Untracked 
| 147|0x0000000089300000, 0x0000000089300000, 0x0000000089400000|  0%| F|  |TAMS 0x0000000089300000, 0x0000000089300000| Untracked 
| 148|0x0000000089400000, 0x0000000089400000, 0x0000000089500000|  0%| F|  |TAMS 0x0000000089400000, 0x0000000089400000| Untracked 
| 149|0x0000000089500000, 0x0000000089500000, 0x0000000089600000|  0%| F|  |TAMS 0x0000000089500000, 0x0000000089500000| Untracked 
| 150|0x0000000089600000, 0x0000000089600000, 0x0000000089700000|  0%| F|  |TAMS 0x0000000089600000, 0x0000000089600000| Untracked 
| 151|0x0000000089700000, 0x0000000089700000, 0x0000000089800000|  0%| F|  |TAMS 0x0000000089700000, 0x0000000089700000| Untracked 
| 152|0x0000000089800000, 0x0000000089800000, 0x0000000089900000|  0%| F|  |TAMS 0x0000000089800000, 0x0000000089800000| Untracked 
| 153|0x0000000089900000, 0x0000000089900000, 0x0000000089a00000|  0%| F|  |TAMS 0x0000000089900000, 0x0000000089900000| Untracked 
| 154|0x0000000089a00000, 0x0000000089a00000, 0x0000000089b00000|  0%| F|  |TAMS 0x0000000089a00000, 0x0000000089a00000| Untracked 
| 155|0x0000000089b00000, 0x0000000089b00000, 0x0000000089c00000|  0%| F|  |TAMS 0x0000000089b00000, 0x0000000089b00000| Untracked 
| 156|0x0000000089c00000, 0x0000000089c00000, 0x0000000089d00000|  0%| F|  |TAMS 0x0000000089c00000, 0x0000000089c00000| Untracked 
| 157|0x0000000089d00000, 0x0000000089d00000, 0x0000000089e00000|  0%| F|  |TAMS 0x0000000089d00000, 0x0000000089d00000| Untracked 
| 158|0x0000000089e00000, 0x0000000089e00000, 0x0000000089f00000|  0%| F|  |TAMS 0x0000000089e00000, 0x0000000089e00000| Untracked 
| 159|0x0000000089f00000, 0x0000000089f00000, 0x000000008a000000|  0%| F|  |TAMS 0x0000000089f00000, 0x0000000089f00000| Untracked 
| 160|0x000000008a000000, 0x000000008a000000, 0x000000008a100000|  0%| F|  |TAMS 0x000000008a000000, 0x000000008a000000| Untracked 
| 161|0x000000008a100000, 0x000000008a100000, 0x000000008a200000|  0%| F|  |TAMS 0x000000008a100000, 0x000000008a100000| Untracked 
| 162|0x000000008a200000, 0x000000008a200000, 0x000000008a300000|  0%| F|  |TAMS 0x000000008a200000, 0x000000008a200000| Untracked 
| 163|0x000000008a300000, 0x000000008a300000, 0x000000008a400000|  0%| F|  |TAMS 0x000000008a300000, 0x000000008a300000| Untracked 
| 164|0x000000008a400000, 0x000000008a400000, 0x000000008a500000|  0%| F|  |TAMS 0x000000008a400000, 0x000000008a400000| Untracked 
| 165|0x000000008a500000, 0x000000008a500000, 0x000000008a600000|  0%| F|  |TAMS 0x000000008a500000, 0x000000008a500000| Untracked 
| 166|0x000000008a600000, 0x000000008a600000, 0x000000008a700000|  0%| F|  |TAMS 0x000000008a600000, 0x000000008a600000| Untracked 
| 167|0x000000008a700000, 0x000000008a700000, 0x000000008a800000|  0%| F|  |TAMS 0x000000008a700000, 0x000000008a700000| Untracked 
| 168|0x000000008a800000, 0x000000008a800000, 0x000000008a900000|  0%| F|  |TAMS 0x000000008a800000, 0x000000008a800000| Untracked 
| 169|0x000000008a900000, 0x000000008a900000, 0x000000008aa00000|  0%| F|  |TAMS 0x000000008a900000, 0x000000008a900000| Untracked 
| 170|0x000000008aa00000, 0x000000008aa00000, 0x000000008ab00000|  0%| F|  |TAMS 0x000000008aa00000, 0x000000008aa00000| Untracked 
| 171|0x000000008ab00000, 0x000000008ab00000, 0x000000008ac00000|  0%| F|  |TAMS 0x000000008ab00000, 0x000000008ab00000| Untracked 
| 172|0x000000008ac00000, 0x000000008ac00000, 0x000000008ad00000|  0%| F|  |TAMS 0x000000008ac00000, 0x000000008ac00000| Untracked 
| 173|0x000000008ad00000, 0x000000008ad00000, 0x000000008ae00000|  0%| F|  |TAMS 0x000000008ad00000, 0x000000008ad00000| Untracked 
| 174|0x000000008ae00000, 0x000000008ae00000, 0x000000008af00000|  0%| F|  |TAMS 0x000000008ae00000, 0x000000008ae00000| Untracked 
| 175|0x000000008af00000, 0x000000008af00000, 0x000000008b000000|  0%| F|  |TAMS 0x000000008af00000, 0x000000008af00000| Untracked 
| 176|0x000000008b000000, 0x000000008b000000, 0x000000008b100000|  0%| F|  |TAMS 0x000000008b000000, 0x000000008b000000| Untracked 
| 177|0x000000008b100000, 0x000000008b100000, 0x000000008b200000|  0%| F|  |TAMS 0x000000008b100000, 0x000000008b100000| Untracked 
| 178|0x000000008b200000, 0x000000008b200000, 0x000000008b300000|  0%| F|  |TAMS 0x000000008b200000, 0x000000008b200000| Untracked 
| 179|0x000000008b300000, 0x000000008b300000, 0x000000008b400000|  0%| F|  |TAMS 0x000000008b300000, 0x000000008b300000| Untracked 
| 180|0x000000008b400000, 0x000000008b400000, 0x000000008b500000|  0%| F|  |TAMS 0x000000008b400000, 0x000000008b400000| Untracked 
| 181|0x000000008b500000, 0x000000008b500000, 0x000000008b600000|  0%| F|  |TAMS 0x000000008b500000, 0x000000008b500000| Untracked 
| 182|0x000000008b600000, 0x000000008b600000, 0x000000008b700000|  0%| F|  |TAMS 0x000000008b600000, 0x000000008b600000| Untracked 
| 183|0x000000008b700000, 0x000000008b700000, 0x000000008b800000|  0%| F|  |TAMS 0x000000008b700000, 0x000000008b700000| Untracked 
| 184|0x000000008b800000, 0x000000008b800000, 0x000000008b900000|  0%| F|  |TAMS 0x000000008b800000, 0x000000008b800000| Untracked 
| 185|0x000000008b900000, 0x000000008b900000, 0x000000008ba00000|  0%| F|  |TAMS 0x000000008b900000, 0x000000008b900000| Untracked 
| 186|0x000000008ba00000, 0x000000008ba00000, 0x000000008bb00000|  0%| F|  |TAMS 0x000000008ba00000, 0x000000008ba00000| Untracked 
| 187|0x000000008bb00000, 0x000000008bb00000, 0x000000008bc00000|  0%| F|  |TAMS 0x000000008bb00000, 0x000000008bb00000| Untracked 
| 188|0x000000008bc00000, 0x000000008bc00000, 0x000000008bd00000|  0%| F|  |TAMS 0x000000008bc00000, 0x000000008bc00000| Untracked 
| 189|0x000000008bd00000, 0x000000008bd00000, 0x000000008be00000|  0%| F|  |TAMS 0x000000008bd00000, 0x000000008bd00000| Untracked 
| 190|0x000000008be00000, 0x000000008be00000, 0x000000008bf00000|  0%| F|  |TAMS 0x000000008be00000, 0x000000008be00000| Untracked 
| 191|0x000000008bf00000, 0x000000008bf00000, 0x000000008c000000|  0%| F|  |TAMS 0x000000008bf00000, 0x000000008bf00000| Untracked 
| 192|0x000000008c000000, 0x000000008c000000, 0x000000008c100000|  0%| F|  |TAMS 0x000000008c000000, 0x000000008c000000| Untracked 
| 193|0x000000008c100000, 0x000000008c100000, 0x000000008c200000|  0%| F|  |TAMS 0x000000008c100000, 0x000000008c100000| Untracked 
| 194|0x000000008c200000, 0x000000008c200000, 0x000000008c300000|  0%| F|  |TAMS 0x000000008c200000, 0x000000008c200000| Untracked 
| 195|0x000000008c300000, 0x000000008c300000, 0x000000008c400000|  0%| F|  |TAMS 0x000000008c300000, 0x000000008c300000| Untracked 
| 196|0x000000008c400000, 0x000000008c400000, 0x000000008c500000|  0%| F|  |TAMS 0x000000008c400000, 0x000000008c400000| Untracked 
| 197|0x000000008c500000, 0x000000008c500000, 0x000000008c600000|  0%| F|  |TAMS 0x000000008c500000, 0x000000008c500000| Untracked 
| 198|0x000000008c600000, 0x000000008c600000, 0x000000008c700000|  0%| F|  |TAMS 0x000000008c600000, 0x000000008c600000| Untracked 
| 199|0x000000008c700000, 0x000000008c700000, 0x000000008c800000|  0%| F|  |TAMS 0x000000008c700000, 0x000000008c700000| Untracked 
| 200|0x000000008c800000, 0x000000008c800000, 0x000000008c900000|  0%| F|  |TAMS 0x000000008c800000, 0x000000008c800000| Untracked 
| 201|0x000000008c900000, 0x000000008c900000, 0x000000008ca00000|  0%| F|  |TAMS 0x000000008c900000, 0x000000008c900000| Untracked 
| 202|0x000000008ca00000, 0x000000008ca00000, 0x000000008cb00000|  0%| F|  |TAMS 0x000000008ca00000, 0x000000008ca00000| Untracked 
| 203|0x000000008cb00000, 0x000000008cb00000, 0x000000008cc00000|  0%| F|  |TAMS 0x000000008cb00000, 0x000000008cb00000| Untracked 
| 204|0x000000008cc00000, 0x000000008cc00000, 0x000000008cd00000|  0%| F|  |TAMS 0x000000008cc00000, 0x000000008cc00000| Untracked 
| 205|0x000000008cd00000, 0x000000008cd00000, 0x000000008ce00000|  0%| F|  |TAMS 0x000000008cd00000, 0x000000008cd00000| Untracked 
| 206|0x000000008ce00000, 0x000000008ce00000, 0x000000008cf00000|  0%| F|  |TAMS 0x000000008ce00000, 0x000000008ce00000| Untracked 
| 207|0x000000008cf00000, 0x000000008cf00000, 0x000000008d000000|  0%| F|  |TAMS 0x000000008cf00000, 0x000000008cf00000| Untracked 
| 208|0x000000008d000000, 0x000000008d000000, 0x000000008d100000|  0%| F|  |TAMS 0x000000008d000000, 0x000000008d000000| Untracked 
| 209|0x000000008d100000, 0x000000008d100000, 0x000000008d200000|  0%| F|  |TAMS 0x000000008d100000, 0x000000008d100000| Untracked 
| 210|0x000000008d200000, 0x000000008d200000, 0x000000008d300000|  0%| F|  |TAMS 0x000000008d200000, 0x000000008d200000| Untracked 
| 211|0x000000008d300000, 0x000000008d300000, 0x000000008d400000|  0%| F|  |TAMS 0x000000008d300000, 0x000000008d300000| Untracked 
| 212|0x000000008d400000, 0x000000008d400000, 0x000000008d500000|  0%| F|  |TAMS 0x000000008d400000, 0x000000008d400000| Untracked 
| 213|0x000000008d500000, 0x000000008d500000, 0x000000008d600000|  0%| F|  |TAMS 0x000000008d500000, 0x000000008d500000| Untracked 
| 214|0x000000008d600000, 0x000000008d600000, 0x000000008d700000|  0%| F|  |TAMS 0x000000008d600000, 0x000000008d600000| Untracked 
| 215|0x000000008d700000, 0x000000008d700000, 0x000000008d800000|  0%| F|  |TAMS 0x000000008d700000, 0x000000008d700000| Untracked 
| 216|0x000000008d800000, 0x000000008d800000, 0x000000008d900000|  0%| F|  |TAMS 0x000000008d800000, 0x000000008d800000| Untracked 
| 217|0x000000008d900000, 0x000000008d900000, 0x000000008da00000|  0%| F|  |TAMS 0x000000008d900000, 0x000000008d900000| Untracked 
| 218|0x000000008da00000, 0x000000008da00000, 0x000000008db00000|  0%| F|  |TAMS 0x000000008da00000, 0x000000008da00000| Untracked 
| 219|0x000000008db00000, 0x000000008db00000, 0x000000008dc00000|  0%| F|  |TAMS 0x000000008db00000, 0x000000008db00000| Untracked 
| 220|0x000000008dc00000, 0x000000008dc00000, 0x000000008dd00000|  0%| F|  |TAMS 0x000000008dc00000, 0x000000008dc00000| Untracked 
| 221|0x000000008dd00000, 0x000000008dd00000, 0x000000008de00000|  0%| F|  |TAMS 0x000000008dd00000, 0x000000008dd00000| Untracked 
| 222|0x000000008de00000, 0x000000008de00000, 0x000000008df00000|  0%| F|  |TAMS 0x000000008de00000, 0x000000008de00000| Untracked 
| 223|0x000000008df00000, 0x000000008df00000, 0x000000008e000000|  0%| F|  |TAMS 0x000000008df00000, 0x000000008df00000| Untracked 
| 224|0x000000008e000000, 0x000000008e000000, 0x000000008e100000|  0%| F|  |TAMS 0x000000008e000000, 0x000000008e000000| Untracked 
| 225|0x000000008e100000, 0x000000008e1c44c0, 0x000000008e200000| 76%| S|CS|TAMS 0x000000008e100000, 0x000000008e100000| Complete 
| 226|0x000000008e200000, 0x000000008e200000, 0x000000008e300000|  0%| F|  |TAMS 0x000000008e200000, 0x000000008e200000| Untracked 
| 227|0x000000008e300000, 0x000000008e300000, 0x000000008e400000|  0%| F|  |TAMS 0x000000008e300000, 0x000000008e300000| Untracked 
| 228|0x000000008e400000, 0x000000008e400000, 0x000000008e500000|  0%| F|  |TAMS 0x000000008e400000, 0x000000008e400000| Untracked 
| 229|0x000000008e500000, 0x000000008e500000, 0x000000008e600000|  0%| F|  |TAMS 0x000000008e500000, 0x000000008e500000| Untracked 
| 230|0x000000008e600000, 0x000000008e600000, 0x000000008e700000|  0%| F|  |TAMS 0x000000008e600000, 0x000000008e600000| Untracked 
| 231|0x000000008e700000, 0x000000008e700000, 0x000000008e800000|  0%| F|  |TAMS 0x000000008e700000, 0x000000008e700000| Untracked 
| 232|0x000000008e800000, 0x000000008e800000, 0x000000008e900000|  0%| F|  |TAMS 0x000000008e800000, 0x000000008e800000| Untracked 
| 233|0x000000008e900000, 0x000000008e900000, 0x000000008ea00000|  0%| F|  |TAMS 0x000000008e900000, 0x000000008e900000| Untracked 

Card table byte_map: [0x00000257f3ce0000,0x00000257f40e0000] _byte_map_base: 0x00000257f38e0000

Marking Bits (Prev, Next): (CMBitMap*) 0x00000257efe11640, (CMBitMap*) 0x00000257efe11608
 Prev Bits: [0x00000257f64e0000, 0x00000257f84e0000)
 Next Bits: [0x00000257f44e0000, 0x00000257f64e0000)

Polling page: 0x00000257edd60000

Metaspace:

Usage:
  Non-class:     98.83 MB capacity,    97.20 MB ( 98%) used,     1.30 MB (  1%) free+waste,   337.44 KB ( <1%) overhead. 
      Class:     14.97 MB capacity,    13.95 MB ( 93%) used,   893.28 KB (  6%) free+waste,   150.06 KB ( <1%) overhead. 
       Both:    113.80 MB capacity,   111.15 MB ( 98%) used,     2.18 MB (  2%) free+waste,   487.50 KB ( <1%) overhead. 

Virtual space:
  Non-class space:      100.00 MB reserved,      99.00 MB ( 99%) committed 
      Class space:        1.00 GB reserved,      15.09 MB (  1%) committed 
             Both:        1.10 GB reserved,     114.09 MB ( 10%) committed 

Chunk freelists:
   Non-Class:  42.00 KB
       Class:  2.00 KB
        Both:  44.00 KB

MaxMetaspaceSize: 17179869184.00 GB
CompressedClassSpaceSize: 1.00 GB
Initial GC threshold: 20.80 MB
Current GC threshold: 185.77 MB
CDS: off

CodeHeap 'non-profiled nmethods': size=120064Kb used=8887Kb max_used=8887Kb free=111176Kb
 bounds [0x0000025787ac0000, 0x0000025788370000, 0x000002578f000000]
CodeHeap 'profiled nmethods': size=120000Kb used=36973Kb max_used=36973Kb free=83026Kb
 bounds [0x0000025780590000, 0x00000257829b0000, 0x0000025787ac0000]
CodeHeap 'non-nmethods': size=5696Kb used=2429Kb max_used=2451Kb free=3266Kb
 bounds [0x0000025780000000, 0x0000025780270000, 0x0000025780590000]
 total_blobs=17684 nmethods=16729 adapters=865
 compilation: enabled
              stopped_count=0, restarted_count=0
 full_count=0

Compilation events (20 events):
Event: 21.314 Thread 0x00000257fa9f7000 nmethod 17000 0x00000257829a6490 code [0x00000257829a6640, 0x00000257829a67f8]
Event: 21.314 Thread 0x00000257fa9f7000 17001       2       com.android.tools.r8.internal.Sp::<init> (23 bytes)
Event: 21.314 Thread 0x00000257fa9f7000 nmethod 17001 0x00000257829a6910 code [0x00000257829a6ac0, 0x00000257829a6c78]
Event: 21.314 Thread 0x00000257fa9f7000 17002       2       com.android.tools.r8.internal.Sp::hasNext (13 bytes)
Event: 21.315 Thread 0x00000257fa9f7000 nmethod 17002 0x00000257829a6d10 code [0x00000257829a6ec0, 0x00000257829a6fd8]
Event: 21.315 Thread 0x00000257fa9f7000 17003       2       com.android.tools.r8.internal.p8::<init> (11 bytes)
Event: 21.315 Thread 0x00000257fa9f7000 nmethod 17003 0x00000257829a7090 code [0x00000257829a7240, 0x00000257829a7378]
Event: 21.315 Thread 0x00000257fa9f7000 17004       2       com.android.tools.r8.internal.Xc::a (5 bytes)
Event: 21.315 Thread 0x00000257fa9f7000 nmethod 17004 0x00000257829a7410 code [0x00000257829a75c0, 0x00000257829a7728]
Event: 21.315 Thread 0x00000257fa9f7000 17005       2       com.android.tools.r8.internal.fX::a (42 bytes)
Event: 21.315 Thread 0x00000257fa9f7000 nmethod 17005 0x00000257829a7810 code [0x00000257829a79e0, 0x00000257829a7b38]
Event: 21.315 Thread 0x00000257fa9f7000 17006       2       com.android.tools.r8.internal.Xc::a (23 bytes)
Event: 21.316 Thread 0x00000257fa9f7000 nmethod 17006 0x00000257829a7c10 code [0x00000257829a7dc0, 0x00000257829a7fb8]
Event: 21.316 Thread 0x00000257fa9f7000 17007       2       com.android.tools.r8.internal.D3::<init> (32 bytes)
Event: 21.316 Thread 0x00000257fa9f7000 nmethod 17007 0x00000257829a8110 code [0x00000257829a82e0, 0x00000257829a8768]
Event: 21.316 Thread 0x00000257fa9f7000 17008       2       com.android.tools.r8.internal.po::e (40 bytes)
Event: 21.316 Thread 0x00000257fa9f7000 nmethod 17008 0x00000257829a8910 code [0x00000257829a8ae0, 0x00000257829a8ca8]
Event: 21.316 Thread 0x00000257fa9f7000 17011       2       com.android.tools.r8.internal.Ed::a (405 bytes)
Event: 21.318 Thread 0x00000257fa9f7000 nmethod 17011 0x00000257829a8e10 code [0x00000257829a9280, 0x00000257829aa5a8]
Event: 21.318 Thread 0x00000257fa9f7000 17016       2       com.android.tools.r8.internal.sJ::a (1305 bytes)

GC Heap History (20 events):
Event: 14.042 GC heap after
{Heap after GC invocations=45 (full 0):
 garbage-first heap   total 239616K, used 97730K [0x0000000080000000, 0x0000000100000000)
  region size 1024K, 1 young (1024K), 1 survivors (1024K)
 Metaspace       used 94292K, capacity 96428K, committed 96728K, reserved 1132544K
  class space    used 11901K, capacity 12717K, committed 12760K, reserved 1048576K
}
Event: 14.239 GC heap before
{Heap before GC invocations=45 (full 0):
 garbage-first heap   total 239616K, used 158146K [0x0000000080000000, 0x0000000100000000)
  region size 1024K, 59 young (60416K), 1 survivors (1024K)
 Metaspace       used 94366K, capacity 96454K, committed 96728K, reserved 1132544K
  class space    used 11912K, capacity 12725K, committed 12760K, reserved 1048576K
}
Event: 14.241 GC heap after
{Heap after GC invocations=46 (full 0):
 garbage-first heap   total 239616K, used 100898K [0x0000000080000000, 0x0000000100000000)
  region size 1024K, 2 young (2048K), 2 survivors (2048K)
 Metaspace       used 94366K, capacity 96454K, committed 96728K, reserved 1132544K
  class space    used 11912K, capacity 12725K, committed 12760K, reserved 1048576K
}
Event: 14.403 GC heap before
{Heap before GC invocations=46 (full 0):
 garbage-first heap   total 239616K, used 167458K [0x0000000080000000, 0x0000000100000000)
  region size 1024K, 67 young (68608K), 2 survivors (2048K)
 Metaspace       used 94366K, capacity 96454K, committed 96728K, reserved 1132544K
  class space    used 11912K, capacity 12725K, committed 12760K, reserved 1048576K
}
Event: 14.405 GC heap after
{Heap after GC invocations=47 (full 0):
 garbage-first heap   total 239616K, used 102064K [0x0000000080000000, 0x0000000100000000)
  region size 1024K, 3 young (3072K), 3 survivors (3072K)
 Metaspace       used 94366K, capacity 96454K, committed 96728K, reserved 1132544K
  class space    used 11912K, capacity 12725K, committed 12760K, reserved 1048576K
}
Event: 15.224 GC heap before
{Heap before GC invocations=47 (full 0):
 garbage-first heap   total 239616K, used 173744K [0x0000000080000000, 0x0000000100000000)
  region size 1024K, 72 young (73728K), 3 survivors (3072K)
 Metaspace       used 97157K, capacity 99311K, committed 99416K, reserved 1136640K
  class space    used 12241K, capacity 13070K, committed 13144K, reserved 1048576K
}
Event: 15.227 GC heap after
{Heap after GC invocations=48 (full 0):
 garbage-first heap   total 239616K, used 99240K [0x0000000080000000, 0x0000000100000000)
  region size 1024K, 2 young (2048K), 2 survivors (2048K)
 Metaspace       used 97157K, capacity 99311K, committed 99416K, reserved 1136640K
  class space    used 12241K, capacity 13070K, committed 13144K, reserved 1048576K
}
Event: 16.966 GC heap before
{Heap before GC invocations=48 (full 0):
 garbage-first heap   total 239616K, used 189352K [0x0000000080000000, 0x0000000100000000)
  region size 1024K, 91 young (93184K), 2 survivors (2048K)
 Metaspace       used 100772K, capacity 102988K, committed 103128K, reserved 1138688K
  class space    used 12632K, capacity 13503K, committed 13528K, reserved 1048576K
}
Event: 16.971 GC heap after
{Heap after GC invocations=49 (full 0):
 garbage-first heap   total 239616K, used 103054K [0x0000000080000000, 0x0000000100000000)
  region size 1024K, 6 young (6144K), 6 survivors (6144K)
 Metaspace       used 100772K, capacity 102988K, committed 103128K, reserved 1138688K
  class space    used 12632K, capacity 13503K, committed 13528K, reserved 1048576K
}
Event: 19.746 GC heap before
{Heap before GC invocations=49 (full 0):
 garbage-first heap   total 239616K, used 191118K [0x0000000080000000, 0x0000000100000000)
  region size 1024K, 93 young (95232K), 6 survivors (6144K)
 Metaspace       used 102716K, capacity 105026K, committed 105176K, reserved 1140736K
  class space    used 12801K, capacity 13682K, committed 13784K, reserved 1048576K
}
Event: 19.754 GC heap after
{Heap after GC invocations=50 (full 0):
 garbage-first heap   total 239616K, used 107418K [0x0000000080000000, 0x0000000100000000)
  region size 1024K, 10 young (10240K), 10 survivors (10240K)
 Metaspace       used 102716K, capacity 105026K, committed 105176K, reserved 1140736K
  class space    used 12801K, capacity 13682K, committed 13784K, reserved 1048576K
}
Event: 20.272 GC heap before
{Heap before GC invocations=50 (full 0):
 garbage-first heap   total 239616K, used 193434K [0x0000000080000000, 0x0000000100000000)
  region size 1024K, 95 young (97280K), 10 survivors (10240K)
 Metaspace       used 108012K, capacity 110472K, committed 110808K, reserved 1144832K
  class space    used 13508K, capacity 14433K, committed 14552K, reserved 1048576K
}
Event: 20.289 GC heap after
{Heap after GC invocations=51 (full 0):
 garbage-first heap   total 239616K, used 123836K [0x0000000080000000, 0x0000000100000000)
  region size 1024K, 12 young (12288K), 12 survivors (12288K)
 Metaspace       used 108012K, capacity 110472K, committed 110808K, reserved 1144832K
  class space    used 13508K, capacity 14433K, committed 14552K, reserved 1048576K
}
Event: 20.511 GC heap before
{Heap before GC invocations=51 (full 0):
 garbage-first heap   total 239616K, used 191420K [0x0000000080000000, 0x0000000100000000)
  region size 1024K, 78 young (79872K), 12 survivors (12288K)
 Metaspace       used 109684K, capacity 112250K, committed 112344K, reserved 1146880K
  class space    used 13760K, capacity 14746K, committed 14808K, reserved 1048576K
}
Event: 20.536 GC heap after
{Heap after GC invocations=52 (full 0):
 garbage-first heap   total 239616K, used 131478K [0x0000000080000000, 0x0000000100000000)
  region size 1024K, 10 young (10240K), 10 survivors (10240K)
 Metaspace       used 109684K, capacity 112250K, committed 112344K, reserved 1146880K
  class space    used 13760K, capacity 14746K, committed 14808K, reserved 1048576K
}
Event: 20.740 GC heap before
{Heap before GC invocations=52 (full 0):
 garbage-first heap   total 239616K, used 188822K [0x0000000080000000, 0x0000000100000000)
  region size 1024K, 68 young (69632K), 10 survivors (10240K)
 Metaspace       used 111310K, capacity 113990K, committed 114136K, reserved 1148928K
  class space    used 14033K, capacity 15050K, committed 15064K, reserved 1048576K
}
Event: 20.757 GC heap after
{Heap after GC invocations=53 (full 0):
 garbage-first heap   total 239616K, used 139109K [0x0000000080000000, 0x0000000100000000)
  region size 1024K, 9 young (9216K), 9 survivors (9216K)
 Metaspace       used 111310K, capacity 113990K, committed 114136K, reserved 1148928K
  class space    used 14033K, capacity 15050K, committed 15064K, reserved 1048576K
}
Event: 21.124 GC heap before
{Heap before GC invocations=54 (full 0):
 garbage-first heap   total 239616K, used 193381K [0x0000000080000000, 0x0000000100000000)
  region size 1024K, 62 young (63488K), 9 survivors (9216K)
 Metaspace       used 113252K, capacity 115918K, committed 116184K, reserved 1150976K
  class space    used 14274K, capacity 15294K, committed 15320K, reserved 1048576K
}
Event: 21.140 GC heap after
{Heap after GC invocations=55 (full 0):
 garbage-first heap   total 239616K, used 142336K [0x0000000080000000, 0x0000000100000000)
  region size 1024K, 3 young (3072K), 3 survivors (3072K)
 Metaspace       used 113252K, capacity 115918K, committed 116184K, reserved 1150976K
  class space    used 14274K, capacity 15294K, committed 15320K, reserved 1048576K
}
Event: 21.323 GC heap before
{Heap before GC invocations=55 (full 0):
 garbage-first heap   total 239616K, used 150528K [0x0000000080000000, 0x0000000100000000)
  region size 1024K, 11 young (11264K), 3 survivors (3072K)
 Metaspace       used 113816K, capacity 116532K, committed 116824K, reserved 1150976K
  class space    used 14282K, capacity 15326K, committed 15448K, reserved 1048576K
}

Deoptimization events (20 events):
Event: 20.795 Thread 0x0000025791381800 DEOPT PACKING pc=0x0000025782510361 sp=0x000000b8917f9800
Event: 20.795 Thread 0x0000025791381800 DEOPT UNPACKING pc=0x000002578004a95e sp=0x000000b8917f90e8 mode 0
Event: 20.865 Thread 0x000002579137c800 Uncommon trap: trap_request=0xffffff4d fr.pc=0x0000025787f44ee0 relative=0x00000000000027c0
Event: 20.865 Thread 0x000002579137c800 Uncommon trap: reason=unstable_if action=reinterpret pc=0x0000025787f44ee0 method=java.util.TreeMap.put(Ljava/lang/Object;Ljava/lang/Object;)Ljava/lang/Object; @ 163 c2
Event: 20.865 Thread 0x000002579137c800 DEOPT PACKING pc=0x0000025787f44ee0 sp=0x000000b8919f9550
Event: 20.865 Thread 0x000002579137c800 DEOPT UNPACKING pc=0x000002578004a1af sp=0x000000b8919f9510 mode 2
Event: 20.892 Thread 0x0000025791376000 Uncommon trap: trap_request=0xffffff7e fr.pc=0x000002578831fd64 relative=0x0000000000000244
Event: 20.892 Thread 0x0000025791376000 Uncommon trap: reason=predicate action=maybe_recompile pc=0x000002578831fd64 method=com.android.tools.r8.graph.d1.a([C)I @ 8 c2
Event: 20.892 Thread 0x0000025791376000 DEOPT PACKING pc=0x000002578831fd64 sp=0x000000b8914f9a70
Event: 20.892 Thread 0x0000025791376000 DEOPT UNPACKING pc=0x000002578004a1af sp=0x000000b8914f99f8 mode 2
Event: 20.931 Thread 0x000002579137c800 Uncommon trap: trap_request=0xffffff4d fr.pc=0x0000025787c7c468 relative=0x0000000000000228
Event: 20.931 Thread 0x000002579137c800 Uncommon trap: reason=unstable_if action=reinterpret pc=0x0000025787c7c468 method=java.util.HashMap.getNode(ILjava/lang/Object;)Ljava/util/HashMap$Node; @ 84 c2
Event: 20.931 Thread 0x000002579137c800 DEOPT PACKING pc=0x0000025787c7c468 sp=0x000000b8919f9670
Event: 20.931 Thread 0x000002579137c800 DEOPT UNPACKING pc=0x000002578004a1af sp=0x000000b8919f9588 mode 2
Event: 20.938 Thread 0x0000025791381800 DEOPT PACKING pc=0x00000257827aa7e3 sp=0x000000b8917f8990
Event: 20.938 Thread 0x0000025791381800 DEOPT UNPACKING pc=0x000002578004a95e sp=0x000000b8917f7e28 mode 0
Event: 20.990 Thread 0x0000025791376000 DEOPT PACKING pc=0x00000257827df1dd sp=0x000000b8914f98c0
Event: 20.990 Thread 0x0000025791376000 DEOPT UNPACKING pc=0x000002578004a95e sp=0x000000b8914f8ef0 mode 0
Event: 21.149 Thread 0x0000025791376000 DEOPT PACKING pc=0x000002578282d74b sp=0x000000b8914f9450
Event: 21.149 Thread 0x0000025791376000 DEOPT UNPACKING pc=0x000002578004a95e sp=0x000000b8914f89e8 mode 0

Classes redefined (0 events):
No events

Internal exceptions (20 events):
Event: 19.617 Thread 0x00000257fd695800 Exception <a 'sun/nio/fs/WindowsException'{0x0000000089ec1c70}> (0x0000000089ec1c70) thrown at [./src/hotspot/share/prims/jni.cpp, line 615]
Event: 19.624 Thread 0x00000257fd695800 Exception <a 'java/lang/NoSuchMethodError'{0x0000000089db8b50}: <clinit>> (0x0000000089db8b50) thrown at [./src/hotspot/share/prims/jni.cpp, line 1365]
Event: 19.627 Thread 0x00000257fd695800 Exception <a 'java/lang/NoSuchMethodError'{0x0000000089c0ad20}: <clinit>> (0x0000000089c0ad20) thrown at [./src/hotspot/share/prims/jni.cpp, line 1365]
Event: 19.627 Thread 0x00000257fd695800 Exception <a 'java/lang/NoSuchMethodError'{0x0000000089c23ed8}: <clinit>> (0x0000000089c23ed8) thrown at [./src/hotspot/share/prims/jni.cpp, line 1365]
Event: 19.726 Thread 0x0000025791636800 Exception <a 'java/lang/NoSuchMethodError'{0x00000000894fab30}: 'int java.lang.invoke.DirectMethodHandle$Holder.invokeSpecialIFC(java.lang.Object, java.lang.Object, java.lang.Object)'> (0x00000000894fab30) thrown at [./src/hotspot/share/interpreter/linkResolver.cpp, line 773]
Event: 19.783 Thread 0x000002579137c800 Exception <a 'sun/nio/fs/WindowsException'{0x000000008dd14d78}> (0x000000008dd14d78) thrown at [./src/hotspot/share/prims/jni.cpp, line 615]
Event: 19.783 Thread 0x0000025791376000 Exception <a 'sun/nio/fs/WindowsException'{0x000000008dd65568}> (0x000000008dd65568) thrown at [./src/hotspot/share/prims/jni.cpp, line 615]
Event: 19.837 Thread 0x0000025791381800 Exception <a 'sun/nio/fs/WindowsException'{0x000000008c9b3530}> (0x000000008c9b3530) thrown at [./src/hotspot/share/prims/jni.cpp, line 615]
Event: 19.930 Thread 0x000002579137c800 Exception <a 'java/lang/NoSuchMethodError'{0x000000008c3c9ef8}: 'java.lang.Object java.lang.invoke.DirectMethodHandle$Holder.invokeStaticInit(java.lang.Object, java.lang.Object, java.lang.Object, java.lang.Object, java.lang.Object, java.lang.Object, java.lang.Object, java.lang.Object, java.lang.Object, java.lang.Object, java.lang.Object, java.lang.Object, java.lang.Object, java.lang.Object, java.lang.Object, java.lang.Object, java.lang.Object, java.lang.Object, int, java.lang.Object, java.lang.Object)'> (0
Event: 19.997 Thread 0x000002579137c800 Exception <a 'java/lang/IncompatibleClassChangeError'{0x000000008c2d02a8}: Found class java.lang.Object, but interface was expected> (0x000000008c2d02a8) thrown at [./src/hotspot/share/interpreter/linkResolver.cpp, line 839]
Event: 19.997 Thread 0x0000025791381800 Exception <a 'java/lang/IncompatibleClassChangeError'{0x000000008c2f71b0}: Found class java.lang.Object, but interface was expected> (0x000000008c2f71b0) thrown at [./src/hotspot/share/interpreter/linkResolver.cpp, line 839]
Event: 19.997 Thread 0x0000025791376000 Exception <a 'java/lang/IncompatibleClassChangeError'{0x000000008c269dd0}: Found class java.lang.Object, but interface was expected> (0x000000008c269dd0) thrown at [./src/hotspot/share/interpreter/linkResolver.cpp, line 839]
Event: 20.192 Thread 0x000002579137c800 Exception <a 'java/lang/IncompatibleClassChangeError'{0x000000008aabeea0}: Found class java.lang.Object, but interface was expected> (0x000000008aabeea0) thrown at [./src/hotspot/share/interpreter/linkResolver.cpp, line 839]
Event: 20.192 Thread 0x0000025791376000 Exception <a 'java/lang/IncompatibleClassChangeError'{0x000000008aacad50}: Found class java.lang.Object, but interface was expected> (0x000000008aacad50) thrown at [./src/hotspot/share/interpreter/linkResolver.cpp, line 839]
Event: 20.323 Thread 0x000002579137c800 Exception <a 'java/lang/NoSuchMethodError'{0x000000008e245618}: 'java.lang.Object java.lang.invoke.DirectMethodHandle$Holder.invokeStatic(java.lang.Object, int, java.lang.Object, java.lang.Object)'> (0x000000008e245618) thrown at [./src/hotspot/share/interpreter/linkResolver.cpp, line 773]
Event: 20.489 Thread 0x000002579137c800 Exception <a 'java/lang/NoSuchMethodError'{0x000000008b5706c8}: 'int java.lang.invoke.DirectMethodHandle$Holder.invokeSpecial(java.lang.Object, java.lang.Object, java.lang.Object, java.lang.Object, java.lang.Object)'> (0x000000008b5706c8) thrown at [./src/hotspot/share/interpreter/linkResolver.cpp, line 773]
Event: 20.509 Thread 0x000002579137c800 Exception <a 'java/lang/IncompatibleClassChangeError'{0x000000008a937598}: Found class java.lang.Object, but interface was expected> (0x000000008a937598) thrown at [./src/hotspot/share/interpreter/linkResolver.cpp, line 839]
Event: 20.510 Thread 0x000002579137c800 Exception <a 'java/lang/IncompatibleClassChangeError'{0x000000008a940598}: Found class java.lang.Object, but interface was expected> (0x000000008a940598) thrown at [./src/hotspot/share/interpreter/linkResolver.cpp, line 839]
Event: 20.591 Thread 0x000002579137c800 Exception <a 'java/lang/NoSuchMethodError'{0x000000008d5a40c0}: 'void java.lang.invoke.DirectMethodHandle$Holder.invokeSpecial(java.lang.Object, java.lang.Object, int, java.lang.Object)'> (0x000000008d5a40c0) thrown at [./src/hotspot/share/interpreter/linkResolver.cpp, line 773]
Event: 20.656 Thread 0x0000025791376000 Exception <a 'java/lang/NoSuchMethodError'{0x000000008c2b4db0}: 'java.lang.Object java.lang.invoke.DirectMethodHandle$Holder.newInvokeSpecial(java.lang.Object, int)'> (0x000000008c2b4db0) thrown at [./src/hotspot/share/interpreter/linkResolver.cpp, line 773]

Events (20 events):
Event: 21.118 loading class com/android/tools/r8/code/G2 done
Event: 21.121 loading class com/android/tools/r8/internal/lE
Event: 21.121 loading class com/android/tools/r8/internal/lE done
Event: 21.123 Executing VM operation: G1CollectForAllocation
Event: 21.140 Executing VM operation: G1CollectForAllocation done
Event: 21.232 loading class com/android/tools/r8/code/a3
Event: 21.232 loading class com/android/tools/r8/code/a3 done
Event: 21.233 loading class com/android/tools/r8/code/e3
Event: 21.233 loading class com/android/tools/r8/code/e3 done
Event: 21.235 loading class com/android/tools/r8/code/b3
Event: 21.235 loading class com/android/tools/r8/code/b3 done
Event: 21.237 loading class com/android/tools/r8/code/Z2
Event: 21.237 loading class com/android/tools/r8/code/Z2 done
Event: 21.238 loading class com/android/tools/r8/code/W2
Event: 21.238 loading class com/android/tools/r8/code/W2 done
Event: 21.240 loading class com/android/tools/r8/code/d3
Event: 21.240 loading class com/android/tools/r8/code/d3 done
Event: 21.246 loading class com/android/tools/r8/code/c3
Event: 21.246 loading class com/android/tools/r8/code/c3 done
Event: 21.323 Executing VM operation: G1CollectForAllocation


Dynamic libraries:
0x00007ff7d8c10000 - 0x00007ff7d8c1a000 	D:\AS\jre\bin\java.exe
0x00007ff8e2110000 - 0x00007ff8e2308000 	C:\WINDOWS\SYSTEM32\ntdll.dll
0x00007ff8e0220000 - 0x00007ff8e02dd000 	C:\WINDOWS\System32\KERNEL32.DLL
0x00007ff8dfb40000 - 0x00007ff8dfe0e000 	C:\WINDOWS\System32\KERNELBASE.dll
0x00007ff8dfe10000 - 0x00007ff8dff10000 	C:\WINDOWS\System32\ucrtbase.dll
0x00007ff8d5050000 - 0x00007ff8d5067000 	D:\AS\jre\bin\VCRUNTIME140.dll
0x00007ff8d5220000 - 0x00007ff8d5239000 	D:\AS\jre\bin\jli.dll
0x00007ff8e0680000 - 0x00007ff8e0820000 	C:\WINDOWS\System32\USER32.dll
0x00007ff8dfae0000 - 0x00007ff8dfb02000 	C:\WINDOWS\System32\win32u.dll
0x00007ff8e1080000 - 0x00007ff8e10aa000 	C:\WINDOWS\System32\GDI32.dll
0x00007ff8bda20000 - 0x00007ff8bdcba000 	C:\WINDOWS\WinSxS\amd64_microsoft.windows.common-controls_6595b64144ccf1df_6.0.19041.1110_none_60b5254171f9507e\COMCTL32.dll
0x00007ff8dff10000 - 0x00007ff8e001b000 	C:\WINDOWS\System32\gdi32full.dll
0x00007ff8e0820000 - 0x00007ff8e08be000 	C:\WINDOWS\System32\msvcrt.dll
0x00007ff8df830000 - 0x00007ff8df8cd000 	C:\WINDOWS\System32\msvcp_win.dll
0x00007ff8e10b0000 - 0x00007ff8e10e0000 	C:\WINDOWS\System32\IMM32.DLL
0x00007ff8c8230000 - 0x00007ff8c82cd000 	D:\AS\jre\bin\msvcp140.dll
0x00007ff883520000 - 0x00007ff884005000 	D:\AS\jre\bin\server\jvm.dll
0x00007ff8e0170000 - 0x00007ff8e021e000 	C:\WINDOWS\System32\ADVAPI32.dll
0x00007ff8e1290000 - 0x00007ff8e132c000 	C:\WINDOWS\System32\sechost.dll
0x00007ff8e0f50000 - 0x00007ff8e1075000 	C:\WINDOWS\System32\RPCRT4.dll
0x00007ff8e1ee0000 - 0x00007ff8e1ee8000 	C:\WINDOWS\System32\PSAPI.DLL
0x00007ff8bafe0000 - 0x00007ff8bafe9000 	C:\WINDOWS\SYSTEM32\WSOCK32.dll
0x00007ff8d3470000 - 0x00007ff8d3497000 	C:\WINDOWS\SYSTEM32\WINMM.dll
0x00007ff8e09f0000 - 0x00007ff8e0a5b000 	C:\WINDOWS\System32\WS2_32.dll
0x00007ff8da900000 - 0x00007ff8da90a000 	C:\WINDOWS\SYSTEM32\VERSION.dll
0x00007ff8dd660000 - 0x00007ff8dd672000 	C:\WINDOWS\SYSTEM32\kernel.appcore.dll
0x00007ff8d4f70000 - 0x00007ff8d4f81000 	D:\AS\jre\bin\verify.dll
0x00007ff8d0fe0000 - 0x00007ff8d11c4000 	C:\WINDOWS\SYSTEM32\DBGHELP.DLL
0x00007ff8d0f60000 - 0x00007ff8d0f8c000 	C:\WINDOWS\SYSTEM32\dbgcore.DLL
0x00007ff8e00e0000 - 0x00007ff8e0162000 	C:\WINDOWS\System32\bcryptPrimitives.dll
0x00007ff8d4d90000 - 0x00007ff8d4db9000 	D:\AS\jre\bin\java.dll
0x00007ff8d52e0000 - 0x00007ff8d52eb000 	D:\AS\jre\bin\jimage.dll
0x00007ff8d4d70000 - 0x00007ff8d4d88000 	D:\AS\jre\bin\zip.dll
0x00007ff8e1410000 - 0x00007ff8e1b53000 	C:\WINDOWS\System32\SHELL32.dll
0x00007ff8dd940000 - 0x00007ff8de0d5000 	C:\WINDOWS\SYSTEM32\windows.storage.dll
0x00007ff8e1b80000 - 0x00007ff8e1ed4000 	C:\WINDOWS\System32\combase.dll
0x00007ff8df1c0000 - 0x00007ff8df1f0000 	C:\WINDOWS\SYSTEM32\Wldp.dll
0x00007ff8e05d0000 - 0x00007ff8e067d000 	C:\WINDOWS\System32\SHCORE.dll
0x00007ff8e0a60000 - 0x00007ff8e0ab5000 	C:\WINDOWS\System32\shlwapi.dll
0x00007ff8df770000 - 0x00007ff8df78f000 	C:\WINDOWS\SYSTEM32\profapi.dll
0x00007ff8d3900000 - 0x00007ff8d391a000 	D:\AS\jre\bin\net.dll
0x00007ff8d59c0000 - 0x00007ff8d5aca000 	C:\WINDOWS\SYSTEM32\WINHTTP.dll
0x00007ff8def20000 - 0x00007ff8def8a000 	C:\WINDOWS\system32\mswsock.dll
0x00007ff8d24f0000 - 0x00007ff8d2504000 	D:\AS\jre\bin\nio.dll
0x00007ff8cf040000 - 0x00007ff8cf067000 	C:\Users\ochuhvitskyy\.gradle\native\e1d6ef7f7dcc3fd88c89a11ec53ec762bb8ba0a96d01ffa2cd45eb1d1d8dd5c5\windows-amd64\native-platform.dll
0x00007ff8be4d0000 - 0x00007ff8be614000 	C:\Users\ochuhvitskyy\.gradle\native\5664cfc778a61ccfe75a443a1ab52a65af34e5dc3c78e0209fed803814484fcb\windows-amd64\native-platform-file-events.dll
0x00007ff8d4ff0000 - 0x00007ff8d4ffa000 	D:\AS\jre\bin\management.dll
0x00007ff8d4f60000 - 0x00007ff8d4f6d000 	D:\AS\jre\bin\management_ext.dll
0x00007ff8df120000 - 0x00007ff8df138000 	C:\WINDOWS\SYSTEM32\CRYPTSP.dll
0x00007ff8de8a0000 - 0x00007ff8de8d4000 	C:\WINDOWS\system32\rsaenh.dll
0x00007ff8dfb10000 - 0x00007ff8dfb37000 	C:\WINDOWS\System32\bcrypt.dll
0x00007ff8df730000 - 0x00007ff8df75e000 	C:\WINDOWS\SYSTEM32\USERENV.dll
0x00007ff8df110000 - 0x00007ff8df11c000 	C:\WINDOWS\SYSTEM32\CRYPTBASE.dll
0x00007ff8dec10000 - 0x00007ff8dec4b000 	C:\WINDOWS\SYSTEM32\IPHLPAPI.DLL
0x00007ff8e0f40000 - 0x00007ff8e0f48000 	C:\WINDOWS\System32\NSI.dll
0x00007ff8d97c0000 - 0x00007ff8d97d7000 	C:\WINDOWS\SYSTEM32\dhcpcsvc6.DLL
0x00007ff8d9540000 - 0x00007ff8d955d000 	C:\WINDOWS\SYSTEM32\dhcpcsvc.DLL
0x00007ff8dec50000 - 0x00007ff8ded1a000 	C:\WINDOWS\SYSTEM32\DNSAPI.dll
0x00007ff8de530000 - 0x00007ff8de563000 	C:\WINDOWS\SYSTEM32\ntmarta.dll
0x00007ff8dd160000 - 0x00007ff8dd1f0000 	C:\WINDOWS\system32\apphelp.dll

dbghelp: loaded successfully - version: 4.0.5 - missing functions: none
symbol engine: initialized successfully - sym options: 0x614 - pdb path: .;D:\AS\jre\bin;C:\WINDOWS\SYSTEM32;C:\WINDOWS\WinSxS\amd64_microsoft.windows.common-controls_6595b64144ccf1df_6.0.19041.1110_none_60b5254171f9507e;D:\AS\jre\bin\server;C:\Users\ochuhvitskyy\.gradle\native\e1d6ef7f7dcc3fd88c89a11ec53ec762bb8ba0a96d01ffa2cd45eb1d1d8dd5c5\windows-amd64;C:\Users\ochuhvitskyy\.gradle\native\5664cfc778a61ccfe75a443a1ab52a65af34e5dc3c78e0209fed803814484fcb\windows-amd64

VM Arguments:
jvm_args: --add-opens=java.base/java.util=ALL-UNNAMED --add-opens=java.base/java.lang=ALL-UNNAMED --add-opens=java.base/java.lang.invoke=ALL-UNNAMED --add-opens=java.base/java.util=ALL-UNNAMED --add-opens=java.prefs/java.util.prefs=ALL-UNNAMED --add-opens=java.prefs/java.util.prefs=ALL-UNNAMED --add-opens=java.base/java.nio.charset=ALL-UNNAMED --add-opens=java.base/java.net=ALL-UNNAMED --add-opens=java.base/java.util.concurrent.atomic=ALL-UNNAMED -Xmx2048m -Dfile.encoding=UTF-8 -Duser.country=UA -Duser.language=uk -Duser.variant 
java_command: org.gradle.launcher.daemon.bootstrap.GradleDaemon 7.3.3
java_class_path (initial): C:\Users\ochuhvitskyy\.gradle\wrapper\dists\gradle-7.3.3-bin\6a41zxkdtcxs8rphpq6y0069z\gradle-7.3.3\lib\gradle-launcher-7.3.3.jar
Launcher Type: SUN_STANDARD

[Global flags]
     intx CICompilerCount                          = 3                                         {product} {ergonomic}
     uint ConcGCThreads                            = 1                                         {product} {ergonomic}
     uint G1ConcRefinementThreads                  = 4                                         {product} {ergonomic}
   size_t G1HeapRegionSize                         = 1048576                                   {product} {ergonomic}
    uintx GCDrainStackTargetSize                   = 64                                        {product} {ergonomic}
   size_t InitialHeapSize                          = 67108864                                  {product} {ergonomic}
   size_t MarkStackSize                            = 4194304                                   {product} {ergonomic}
   size_t MaxHeapSize                              = 2147483648                                {product} {command line}
   size_t MaxNewSize                               = 1287651328                                {product} {ergonomic}
   size_t MinHeapDeltaBytes                        = 1048576                                   {product} {ergonomic}
    uintx NonNMethodCodeHeapSize                   = 5830732                                {pd product} {ergonomic}
    uintx NonProfiledCodeHeapSize                  = 122913754                              {pd product} {ergonomic}
    uintx ProfiledCodeHeapSize                     = 122913754                              {pd product} {ergonomic}
    uintx ReservedCodeCacheSize                    = 251658240                              {pd product} {ergonomic}
     bool SegmentedCodeCache                       = true                                      {product} {ergonomic}
     bool UseCompressedClassPointers               = true                                 {lp64_product} {ergonomic}
     bool UseCompressedOops                        = true                                 {lp64_product} {ergonomic}
     bool UseG1GC                                  = true                                      {product} {ergonomic}
     bool UseLargePagesIndividualAllocation        = false                                  {pd product} {ergonomic}

Logging:
Log output configuration:
 #0: stdout all=warning uptime,level,tags
 #1: stderr all=off uptime,level,tags

Environment Variables:
PATH=C:\Program Files\Common Files\Oracle\Java\javapath;C:\Program Files (x86)\NVIDIA Corporation\PhysX\Common;C:\WINDOWS\system32;C:\WINDOWS;C:\WINDOWS\System32\Wbem;C:\WINDOWS\System32\WindowsPowerShell\v1.0\;C:\WINDOWS\System32\OpenSSH\;C:\Program Files (x86)\Windows Kits\8.1\Windows Performance Toolkit\;C:\Program Files (x86)\IVI Foundation\VISA\WinNT\Bin;C:\Program Files\IVI Foundation\VISA\Win64\Bin\;C:\VISA\WinNTBin;C:\Program Files\Git\cmd;C:\Users\ochuhvitskyy\AppData\Local\Microsoft\WindowsApps;C:\Users\ochuhvitskyy\AppData\Local\GitHubDesktop\bin
USERNAME=ochuhvitskyy
OS=Windows_NT
PROCESSOR_IDENTIFIER=Intel64 Family 6 Model 158 Stepping 11, GenuineIntel



---------------  S Y S T E M  ---------------

OS: Windows 10 , 64 bit Build 19041 (10.0.19041.1889)
OS uptime: 1 days 3:29 hours

CPU:total 4 (initial active 4) (4 cores per cpu, 1 threads per core) family 6 model 158 stepping 11 microcode 0xb4, cmov, cx8, fxsr, mmx, sse, sse2, sse3, ssse3, sse4.1, sse4.2, popcnt, avx, avx2, aes, clmul, erms, 3dnowpref, lzcnt, tsc, tscinvbit, bmi1, bmi2, adx, fma

Memory: 4k page, system-wide physical 4044M (288M free)
TotalPageFile size 8140M (AvailPageFile size 15M)
current process WorkingSet (physical memory assigned to process): 521M, peak: 521M
current process commit charge ("private bytes"): 620M, peak: 667M

vm_info: OpenJDK 64-Bit Server VM (11.0.12+7-b1504.28-7817840) for windows-amd64 JRE (11.0.12+7-b1504.28-7817840), built on Oct 13 2021 22:12:33 by "builder" with MS VC++ 14.0 (VS2015)

END.
