#
# There is insufficient memory for the Java Runtime Environment to continue.
# Native memory allocation (mmap) failed to map 100663296 bytes for Failed to commit area from 0x000000008ea00000 to 0x0000000094a00000 of length 100663296.
# Possible reasons:
#   The system is out of physical RAM or swap space
#   The process is running with CompressedOops enabled, and the Java Heap may be blocking the growth of the native heap
# Possible solutions:
#   Reduce memory load on the system
#   Increase physical memory or swap space
#   Check if swap backing store is full
#   Decrease Java heap size (-Xmx/-Xms)
#   Decrease number of Java threads
#   Decrease Java thread stack sizes (-Xss)
#   Set larger code cache with -XX:ReservedCodeCacheSize=
#   JVM is running with Unscaled Compressed Oops mode in which the Java heap is
#     placed in the first 4GB address space. The Java Heap base address is the
#     maximum limit for the native heap growth. Please use -XX:HeapBaseMinAddress
#     to set the Java Heap base and to place the Java Heap above 4GB virtual address.
# This output file may be truncated or incomplete.
#
#  Out of Memory Error (./src/hotspot/os/windows/os_windows.cpp:3521), pid=7516, tid=7112
#
# JRE version: OpenJDK Runtime Environment (11.0.12+7) (build 11.0.12+7-b1504.28-7817840)
# Java VM: OpenJDK 64-Bit Server VM (11.0.12+7-b1504.28-7817840, mixed mode, tiered, compressed oops, g1 gc, windows-amd64)
# No core dump will be written. Minidumps are not enabled by default on client versions of Windows
#

---------------  S U M M A R Y ------------

Command Line: --add-opens=java.base/java.util=ALL-UNNAMED --add-opens=java.base/java.lang=ALL-UNNAMED --add-opens=java.base/java.lang.invoke=ALL-UNNAMED --add-opens=java.base/java.util=ALL-UNNAMED --add-opens=java.prefs/java.util.prefs=ALL-UNNAMED --add-opens=java.prefs/java.util.prefs=ALL-UNNAMED --add-opens=java.base/java.nio.charset=ALL-UNNAMED --add-opens=java.base/java.net=ALL-UNNAMED --add-opens=java.base/java.util.concurrent.atomic=ALL-UNNAMED -Xmx2048m -Dfile.encoding=UTF-8 -Duser.country=UA -Duser.language=uk -Duser.variant org.gradle.launcher.daemon.bootstrap.GradleDaemon 7.3.3

Host: Intel(R) Core(TM) i3-9100F CPU @ 3.60GHz, 4 cores, 3G,  Windows 10 , 64 bit Build 19041 (10.0.19041.1889)
Time: Thu Oct 13 11:31:42 2022 Ô³íëÿíä³ÿ (ë³òî) elapsed time: 1273.081760 seconds (0d 0h 21m 13s)

---------------  T H R E A D  ---------------

Current thread (0x00000186ff2c4000):  VMThread "VM Thread" [stack: 0x0000004119100000,0x0000004119200000] [id=7112]

Stack: [0x0000004119100000,0x0000004119200000]
[error occurred during error reporting (printing stack bounds), id 0xc0000005, EXCEPTION_ACCESS_VIOLATION (0xc0000005) at pc=0x000001868000112d]

Native frames: (J=compiled Java code, j=interpreted, Vv=VM code, C=native code)
V  [jvm.dll+0x5fbcea]
V  [jvm.dll+0x731905]
V  [jvm.dll+0x732f1d]
V  [jvm.dll+0x733535]
V  [jvm.dll+0x7334eb]
V  [jvm.dll+0x5fb080]
V  [jvm.dll+0x5fb818]
C  [ntdll.dll+0xa235f]
C  [ntdll.dll+0x514a4]
C  [ntdll.dll+0xa0e8e]
C  0x000001868000112d

VM_Operation (0x000000411e6fcbf0): G1CollectForAllocation, mode: safepoint, requested by thread 0x0000018691517000


---------------  P R O C E S S  ---------------

Threads class SMR info:
_java_thread_list=0x0000018699b68e60, length=87, elements={
0x00000186f3f0c000, 0x00000186ff2c9000, 0x00000186ff2d2000, 0x00000186ff2e6800,
0x00000186ff2e7800, 0x00000186ff2e9000, 0x00000186ff2ec000, 0x00000186ff2ed000,
0x00000186ff2f0000, 0x000001868f1cd000, 0x0000018691401000, 0x00000186909f6000,
0x00000186909f5000, 0x0000018691c8e000, 0x0000018691c8f800, 0x0000018691c90800,
0x0000018691c8f000, 0x0000018691c98800, 0x0000018691c9a800, 0x0000018691c96800,
0x0000018691c97000, 0x0000018691c9b000, 0x0000018691c9c000, 0x0000018694395800,
0x000001869133d000, 0x000001869439c000, 0x0000018694396800, 0x000001869439a800,
0x000001869439b800, 0x000001869439d000, 0x0000018694397000, 0x000001869439d800,
0x0000018694398000, 0x00000186943a1000, 0x000001869439e800, 0x00000186943a2000,
0x000001869439f800, 0x00000186943a0000, 0x00000186943a2800, 0x00000186943a3800,
0x0000018691338000, 0x0000018691339800, 0x0000018691339000, 0x0000018691337000,
0x0000018691336800, 0x0000018691335800, 0x0000018691334000, 0x000001869133a800,
0x0000018691334800, 0x000001869133e800, 0x000001869133f800, 0x0000018691342800,
0x0000018691340000, 0x0000018691341000, 0x0000018691342000, 0x0000018691c8d800,
0x0000018691c91800, 0x0000018691c95800, 0x0000018691c94000, 0x0000018691c94800,
0x0000018691c98000, 0x0000018691c92000, 0x0000018691c93000, 0x0000018691c99800,
0x00000186909f7000, 0x00000186909f4800, 0x000001869150a800, 0x000001869150a000,
0x000001869150f800, 0x0000018691511000, 0x000001869150c800, 0x000001869150f000,
0x000001869150d000, 0x000001869150b800, 0x0000018691510800, 0x0000018691512000,
0x0000018691513000, 0x0000018691513800, 0x000001869150e000, 0x0000018691518000,
0x0000018691515800, 0x0000018691514800, 0x0000018691516000, 0x0000018691518800,
0x0000018691517000, 0x000001869d7c4000, 0x000001869d7c5000
}

Java Threads: ( => current thread )
  0x00000186f3f0c000 JavaThread "main" [_thread_blocked, id=3328, stack(0x0000004118b00000,0x0000004118c00000)]
  0x00000186ff2c9000 JavaThread "Reference Handler" daemon [_thread_blocked, id=1180, stack(0x0000004119200000,0x0000004119300000)]
  0x00000186ff2d2000 JavaThread "Finalizer" daemon [_thread_blocked, id=7884, stack(0x0000004119300000,0x0000004119400000)]
  0x00000186ff2e6800 JavaThread "Signal Dispatcher" daemon [_thread_blocked, id=2408, stack(0x0000004119400000,0x0000004119500000)]
  0x00000186ff2e7800 JavaThread "Attach Listener" daemon [_thread_blocked, id=8228, stack(0x0000004119500000,0x0000004119600000)]
  0x00000186ff2e9000 JavaThread "Service Thread" daemon [_thread_blocked, id=12544, stack(0x0000004119600000,0x0000004119700000)]
  0x00000186ff2ec000 JavaThread "C2 CompilerThread0" daemon [_thread_blocked, id=12928, stack(0x0000004119700000,0x0000004119800000)]
  0x00000186ff2ed000 JavaThread "C1 CompilerThread0" daemon [_thread_blocked, id=6036, stack(0x0000004119800000,0x0000004119900000)]
  0x00000186ff2f0000 JavaThread "Sweeper thread" daemon [_thread_blocked, id=5908, stack(0x0000004119900000,0x0000004119a00000)]
  0x000001868f1cd000 JavaThread "Common-Cleaner" daemon [_thread_blocked, id=7212, stack(0x0000004119a00000,0x0000004119b00000)]
  0x0000018691401000 JavaThread "Daemon health stats" [_thread_blocked, id=128, stack(0x0000004119e00000,0x0000004119f00000)]
  0x00000186909f6000 JavaThread "Incoming local TCP Connector on port 61608" [_thread_in_native, id=7680, stack(0x0000004119f00000,0x000000411a000000)]
  0x00000186909f5000 JavaThread "Daemon periodic checks" [_thread_blocked, id=2640, stack(0x000000411a000000,0x000000411a100000)]
  0x0000018691c8e000 JavaThread "Cache worker for journal cache (C:\Users\ochuhvitskyy\.gradle\caches\journal-1)" [_thread_blocked, id=4124, stack(0x000000411aa00000,0x000000411ab00000)]
  0x0000018691c8f800 JavaThread "File lock request listener" [_thread_in_native, id=10640, stack(0x000000411ab00000,0x000000411ac00000)]
  0x0000018691c90800 JavaThread "Cache worker for file hash cache (C:\Users\ochuhvitskyy\.gradle\caches\7.3.3\fileHashes)" [_thread_blocked, id=10568, stack(0x000000411ac00000,0x000000411ad00000)]
  0x0000018691c8f000 JavaThread "File watcher server" daemon [_thread_blocked, id=8692, stack(0x000000411ae00000,0x000000411af00000)]
  0x0000018691c98800 JavaThread "File watcher consumer" daemon [_thread_blocked, id=11260, stack(0x000000411af00000,0x000000411b000000)]
  0x0000018691c9a800 JavaThread "jar transforms" [_thread_blocked, id=7316, stack(0x000000411b000000,0x000000411b100000)]
  0x0000018691c96800 JavaThread "jar transforms Thread 2" [_thread_blocked, id=560, stack(0x000000411b100000,0x000000411b200000)]
  0x0000018691c97000 JavaThread "jar transforms Thread 3" [_thread_blocked, id=6172, stack(0x000000411b200000,0x000000411b300000)]
  0x0000018691c9b000 JavaThread "jar transforms Thread 4" [_thread_blocked, id=7868, stack(0x000000411b300000,0x000000411b400000)]
  0x0000018691c9c000 JavaThread "Cache worker for execution history cache (C:\Users\ochuhvitskyy\.gradle\caches\7.3.3\executionHistory)" [_thread_blocked, id=6748, stack(0x000000411b700000,0x000000411b800000)]
  0x0000018694395800 JavaThread "Cache worker for file content cache (C:\Users\ochuhvitskyy\.gradle\caches\7.3.3\fileContent)" [_thread_blocked, id=9952, stack(0x000000411b800000,0x000000411b900000)]
  0x000001869133d000 JavaThread "Memory manager" [_thread_blocked, id=5736, stack(0x0000004119c00000,0x0000004119d00000)]
  0x000001869439c000 JavaThread "Daemon Thread 3" [_thread_blocked, id=1132, stack(0x0000004118800000,0x0000004118900000)]
  0x0000018694396800 JavaThread "Handler for socket connection from /127.0.0.1:61608 to /127.0.0.1:62007" [_thread_in_native, id=2744, stack(0x0000004118900000,0x0000004118a00000)]
  0x000001869439a800 JavaThread "Cancel handler" [_thread_blocked, id=11140, stack(0x0000004118a00000,0x0000004118b00000)]
  0x000001869439b800 JavaThread "Daemon worker Thread 3" [_thread_blocked, id=8400, stack(0x000000411a100000,0x000000411a200000)]
  0x000001869439d000 JavaThread "Asynchronous log dispatcher for DefaultDaemonConnection: socket connection from /127.0.0.1:61608 to /127.0.0.1:62007" [_thread_blocked, id=9388, stack(0x000000411a200000,0x000000411a300000)]
  0x0000018694397000 JavaThread "Stdin handler" [_thread_blocked, id=10140, stack(0x000000411a300000,0x000000411a400000)]
  0x000001869439d800 JavaThread "Daemon client event forwarder" [_thread_blocked, id=4684, stack(0x000000411a400000,0x000000411a500000)]
  0x0000018694398000 JavaThread "Cache worker for file hash cache (C:\Users\ochuhvitskyy\AndroidStudioProjects\RetrofitVsVolley\.gradle\7.3.3\fileHashes)" [_thread_blocked, id=3704, stack(0x000000411a700000,0x000000411a800000)]
  0x00000186943a1000 JavaThread "Cache worker for checksums cache (C:\Users\ochuhvitskyy\AndroidStudioProjects\RetrofitVsVolley\.gradle\7.3.3\checksums)" [_thread_blocked, id=4448, stack(0x000000411a800000,0x000000411a900000)]
  0x000001869439e800 JavaThread "Cache worker for cache directory md-supplier (C:\Users\ochuhvitskyy\.gradle\caches\7.3.3\md-supplier)" [_thread_blocked, id=2392, stack(0x000000411a900000,0x000000411aa00000)]
  0x00000186943a2000 JavaThread "Cache worker for cache directory md-rule (C:\Users\ochuhvitskyy\.gradle\caches\7.3.3\md-rule)" [_thread_blocked, id=12676, stack(0x000000411ad00000,0x000000411ae00000)]
  0x000001869439f800 JavaThread "Cache worker for dependencies-accessors (C:\Users\ochuhvitskyy\AndroidStudioProjects\RetrofitVsVolley\.gradle\7.3.3\dependencies-accessors)" [_thread_blocked, id=11972, stack(0x000000411b400000,0x000000411b500000)]
  0x00000186943a0000 JavaThread "Cache worker for Build Output Cleanup Cache (C:\Users\ochuhvitskyy\AndroidStudioProjects\RetrofitVsVolley\.gradle\buildOutputCleanup)" [_thread_blocked, id=9960, stack(0x000000411b500000,0x000000411b600000)]
  0x00000186943a2800 JavaThread "Unconstrained build operations" [_thread_blocked, id=6868, stack(0x000000411b600000,0x000000411b700000)]
  0x00000186943a3800 JavaThread "Unconstrained build operations Thread 2" [_thread_blocked, id=12432, stack(0x000000411b900000,0x000000411ba00000)]
  0x0000018691338000 JavaThread "Unconstrained build operations Thread 3" [_thread_blocked, id=9620, stack(0x000000411ba00000,0x000000411bb00000)]
  0x0000018691339800 JavaThread "Unconstrained build operations Thread 4" [_thread_blocked, id=5384, stack(0x000000411bb00000,0x000000411bc00000)]
  0x0000018691339000 JavaThread "Unconstrained build operations Thread 5" [_thread_blocked, id=10852, stack(0x000000411bc00000,0x000000411bd00000)]
  0x0000018691337000 JavaThread "Unconstrained build operations Thread 6" [_thread_blocked, id=8224, stack(0x000000411bd00000,0x000000411be00000)]
  0x0000018691336800 JavaThread "Unconstrained build operations Thread 7" [_thread_blocked, id=12356, stack(0x000000411be00000,0x000000411bf00000)]
  0x0000018691335800 JavaThread "Unconstrained build operations Thread 8" [_thread_blocked, id=2360, stack(0x000000411bf00000,0x000000411c000000)]
  0x0000018691334000 JavaThread "Unconstrained build operations Thread 9" [_thread_blocked, id=12116, stack(0x000000411c000000,0x000000411c100000)]
  0x000001869133a800 JavaThread "Unconstrained build operations Thread 10" [_thread_blocked, id=10044, stack(0x000000411c100000,0x000000411c200000)]
  0x0000018691334800 JavaThread "Unconstrained build operations Thread 11" [_thread_blocked, id=1280, stack(0x000000411c200000,0x000000411c300000)]
  0x000001869133e800 JavaThread "Unconstrained build operations Thread 12" [_thread_blocked, id=4176, stack(0x000000411c300000,0x000000411c400000)]
  0x000001869133f800 JavaThread "Unconstrained build operations Thread 13" [_thread_blocked, id=4260, stack(0x000000411c400000,0x000000411c500000)]
  0x0000018691342800 JavaThread "Unconstrained build operations Thread 14" [_thread_blocked, id=11636, stack(0x000000411c500000,0x000000411c600000)]
  0x0000018691340000 JavaThread "Unconstrained build operations Thread 15" [_thread_blocked, id=10972, stack(0x000000411c600000,0x000000411c700000)]
  0x0000018691341000 JavaThread "Unconstrained build operations Thread 16" [_thread_blocked, id=8696, stack(0x000000411c700000,0x000000411c800000)]
  0x0000018691342000 JavaThread "Unconstrained build operations Thread 17" [_thread_blocked, id=8484, stack(0x000000411c800000,0x000000411c900000)]
  0x0000018691c8d800 JavaThread "Unconstrained build operations Thread 18" [_thread_blocked, id=5288, stack(0x000000411c900000,0x000000411ca00000)]
  0x0000018691c91800 JavaThread "Unconstrained build operations Thread 19" [_thread_blocked, id=11808, stack(0x000000411ca00000,0x000000411cb00000)]
  0x0000018691c95800 JavaThread "Unconstrained build operations Thread 20" [_thread_blocked, id=2728, stack(0x000000411cb00000,0x000000411cc00000)]
  0x0000018691c94000 JavaThread "Unconstrained build operations Thread 21" [_thread_blocked, id=5752, stack(0x000000411cc00000,0x000000411cd00000)]
  0x0000018691c94800 JavaThread "Unconstrained build operations Thread 22" [_thread_blocked, id=6860, stack(0x000000411cd00000,0x000000411ce00000)]
  0x0000018691c98000 JavaThread "Unconstrained build operations Thread 23" [_thread_blocked, id=6616, stack(0x000000411ce00000,0x000000411cf00000)]
  0x0000018691c92000 JavaThread "Unconstrained build operations Thread 24" [_thread_blocked, id=10028, stack(0x000000411cf00000,0x000000411d000000)]
  0x0000018691c93000 JavaThread "Unconstrained build operations Thread 25" [_thread_blocked, id=2124, stack(0x000000411d000000,0x000000411d100000)]
  0x0000018691c99800 JavaThread "Unconstrained build operations Thread 26" [_thread_blocked, id=5172, stack(0x000000411d100000,0x000000411d200000)]
  0x00000186909f7000 JavaThread "Unconstrained build operations Thread 27" [_thread_blocked, id=3332, stack(0x000000411d200000,0x000000411d300000)]
  0x00000186909f4800 JavaThread "Unconstrained build operations Thread 28" [_thread_blocked, id=8468, stack(0x000000411d300000,0x000000411d400000)]
  0x000001869150a800 JavaThread "Unconstrained build operations Thread 29" [_thread_blocked, id=10736, stack(0x000000411d400000,0x000000411d500000)]
  0x000001869150a000 JavaThread "Unconstrained build operations Thread 30" [_thread_blocked, id=9880, stack(0x000000411d500000,0x000000411d600000)]
  0x000001869150f800 JavaThread "Unconstrained build operations Thread 31" [_thread_blocked, id=4092, stack(0x000000411d600000,0x000000411d700000)]
  0x0000018691511000 JavaThread "Unconstrained build operations Thread 32" [_thread_blocked, id=11064, stack(0x000000411d700000,0x000000411d800000)]
  0x000001869150c800 JavaThread "Unconstrained build operations Thread 33" [_thread_blocked, id=7576, stack(0x000000411d800000,0x000000411d900000)]
  0x000001869150f000 JavaThread "Unconstrained build operations Thread 34" [_thread_blocked, id=3040, stack(0x000000411d900000,0x000000411da00000)]
  0x000001869150d000 JavaThread "Unconstrained build operations Thread 35" [_thread_blocked, id=5716, stack(0x000000411da00000,0x000000411db00000)]
  0x000001869150b800 JavaThread "Unconstrained build operations Thread 36" [_thread_blocked, id=11436, stack(0x000000411db00000,0x000000411dc00000)]
  0x0000018691510800 JavaThread "Unconstrained build operations Thread 37" [_thread_blocked, id=12060, stack(0x000000411dc00000,0x000000411dd00000)]
  0x0000018691512000 JavaThread "Unconstrained build operations Thread 38" [_thread_blocked, id=9896, stack(0x000000411dd00000,0x000000411de00000)]
  0x0000018691513000 JavaThread "Unconstrained build operations Thread 39" [_thread_blocked, id=9176, stack(0x000000411de00000,0x000000411df00000)]
  0x0000018691513800 JavaThread "Unconstrained build operations Thread 40" [_thread_blocked, id=13096, stack(0x000000411df00000,0x000000411e000000)]
  0x000001869150e000 JavaThread "build event listener" [_thread_blocked, id=12936, stack(0x000000411e000000,0x000000411e100000)]
  0x0000018691518000 JavaThread "Execution worker for ':'" [_thread_blocked, id=1648, stack(0x000000411e100000,0x000000411e200000)]
  0x0000018691515800 JavaThread "Execution worker for ':' Thread 2" [_thread_blocked, id=10504, stack(0x000000411e200000,0x000000411e300000)]
  0x0000018691514800 JavaThread "Execution worker for ':' Thread 3" [_thread_blocked, id=10556, stack(0x000000411e300000,0x000000411e400000)]
  0x0000018691516000 JavaThread "Cache worker for execution history cache (C:\Users\ochuhvitskyy\AndroidStudioProjects\RetrofitVsVolley\.gradle\7.3.3\executionHistory)" [_thread_blocked, id=13040, stack(0x000000411e400000,0x000000411e500000)]
  0x0000018691518800 JavaThread "WorkerExecutor Queue" [_thread_blocked, id=8304, stack(0x000000411e500000,0x000000411e600000)]
  0x0000018691517000 JavaThread "WorkerExecutor Queue Thread 2" [_thread_blocked, id=11924, stack(0x000000411e600000,0x000000411e700000)]
  0x000001869d7c4000 JavaThread "WorkerExecutor Queue Thread 3" [_thread_blocked, id=8168, stack(0x000000411e700000,0x000000411e800000)]
  0x000001869d7c5000 JavaThread "WorkerExecutor Queue Thread 4" [_thread_blocked, id=7876, stack(0x000000411e800000,0x000000411e900000)]

Other Threads:
=>0x00000186ff2c4000 VMThread "VM Thread" [stack: 0x0000004119100000,0x0000004119200000] [id=7112]
  0x000001868f1e5800 WatcherThread [stack: 0x0000004119b00000,0x0000004119c00000] [id=10236]
  0x00000186f3f24800 GCTaskThread "GC Thread#0" [stack: 0x0000004118c00000,0x0000004118d00000] [id=9932]
  0x000001868f26b000 GCTaskThread "GC Thread#1" [stack: 0x0000004119d00000,0x0000004119e00000] [id=5084]
  0x0000018691f29800 GCTaskThread "GC Thread#2" [stack: 0x000000411a500000,0x000000411a600000] [id=3420]
  0x0000018691ff1800 GCTaskThread "GC Thread#3" [stack: 0x000000411a600000,0x000000411a700000] [id=10784]
  0x00000186f3f59800 ConcurrentGCThread "G1 Main Marker" [stack: 0x0000004118d00000,0x0000004118e00000] [id=6536]
  0x00000186f3f5a800 ConcurrentGCThread "G1 Conc#0" [stack: 0x0000004118e00000,0x0000004118f00000] [id=12408]
  0x00000186ff120800 ConcurrentGCThread "G1 Refine#0" [stack: 0x0000004118f00000,0x0000004119000000] [id=2884]
  0x00000186ff121000 ConcurrentGCThread "G1 Young RemSet Sampling" [stack: 0x0000004119000000,0x0000004119100000] [id=3144]

Threads with active compile tasks:
C2 CompilerThread01273155 17986   !   4       java.io.ObjectOutputStream::writeObject0 (619 bytes)
C1 CompilerThread01273155 18760       2       com.android.aapt.Resources$Visibility::getSerializedSize (112 bytes)

VM state:at safepoint (normal execution)

VM Mutex/Monitor currently owned by a thread:  ([mutex/lock_event])
[0x00000186f3f093f0] Threads_lock - owner thread: 0x00000186ff2c4000
[0x00000186f3f085e0] Heap_lock - owner thread: 0x0000018691517000

Heap address: 0x0000000080000000, size: 2048 MB, Compressed Oops mode: 32-bit
Narrow klass base: 0x0000000000000000, Narrow klass shift: 3
Compressed class space size: 1073741824 Address: 0x0000000100000000

Heap:
 garbage-first heap   total 337920K, used 182990K [0x0000000080000000, 0x0000000100000000)
  region size 1024K, 4 young (4096K), 4 survivors (4096K)
 Metaspace       used 122421K, capacity 125902K, committed 126028K, reserved 1159168K
  class space    used 15206K, capacity 16432K, committed 16460K, reserved 1048576K
Heap Regions: E=young(eden), S=young(survivor), O=old, HS=humongous(starts), HC=humongous(continues), CS=collection set, F=free, A=archive, TAMS=top-at-mark-start (previous, next)
|   0|0x0000000080000000, 0x0000000080100000, 0x0000000080100000|100%|HS|  |TAMS 0x0000000080100000, 0x0000000080100000| Complete 
|   1|0x0000000080100000, 0x0000000080200000, 0x0000000080200000|100%|HC|  |TAMS 0x0000000080200000, 0x0000000080200000| Complete 
|   2|0x0000000080200000, 0x0000000080300000, 0x0000000080300000|100%|HC|  |TAMS 0x0000000080300000, 0x0000000080300000| Complete 
|   3|0x0000000080300000, 0x0000000080400000, 0x0000000080400000|100%| O|  |TAMS 0x0000000080400000, 0x0000000080400000| Untracked 
|   4|0x0000000080400000, 0x0000000080500000, 0x0000000080500000|100%| O|  |TAMS 0x0000000080500000, 0x0000000080500000| Untracked 
|   5|0x0000000080500000, 0x0000000080600000, 0x0000000080600000|100%| O|  |TAMS 0x0000000080600000, 0x0000000080600000| Untracked 
|   6|0x0000000080600000, 0x0000000080700000, 0x0000000080700000|100%| O|  |TAMS 0x0000000080700000, 0x0000000080700000| Untracked 
|   7|0x0000000080700000, 0x0000000080800000, 0x0000000080800000|100%| O|  |TAMS 0x0000000080800000, 0x0000000080800000| Untracked 
|   8|0x0000000080800000, 0x0000000080900000, 0x0000000080900000|100%| O|  |TAMS 0x0000000080900000, 0x0000000080900000| Untracked 
|   9|0x0000000080900000, 0x0000000080a00000, 0x0000000080a00000|100%| O|  |TAMS 0x0000000080a00000, 0x0000000080a00000| Untracked 
|  10|0x0000000080a00000, 0x0000000080b00000, 0x0000000080b00000|100%| O|  |TAMS 0x0000000080b00000, 0x0000000080b00000| Untracked 
|  11|0x0000000080b00000, 0x0000000080c00000, 0x0000000080c00000|100%| O|  |TAMS 0x0000000080c00000, 0x0000000080c00000| Untracked 
|  12|0x0000000080c00000, 0x0000000080d00000, 0x0000000080d00000|100%| O|  |TAMS 0x0000000080d00000, 0x0000000080d00000| Untracked 
|  13|0x0000000080d00000, 0x0000000080e00000, 0x0000000080e00000|100%| O|  |TAMS 0x0000000080e00000, 0x0000000080e00000| Untracked 
|  14|0x0000000080e00000, 0x0000000080f00000, 0x0000000080f00000|100%| O|  |TAMS 0x0000000080f00000, 0x0000000080f00000| Untracked 
|  15|0x0000000080f00000, 0x0000000081000000, 0x0000000081000000|100%| O|  |TAMS 0x0000000081000000, 0x0000000081000000| Untracked 
|  16|0x0000000081000000, 0x0000000081100000, 0x0000000081100000|100%|HS|  |TAMS 0x0000000081100000, 0x0000000081100000| Complete 
|  17|0x0000000081100000, 0x0000000081200000, 0x0000000081200000|100%|HC|  |TAMS 0x0000000081200000, 0x0000000081200000| Complete 
|  18|0x0000000081200000, 0x0000000081300000, 0x0000000081300000|100%|HS|  |TAMS 0x0000000081300000, 0x0000000081300000| Complete 
|  19|0x0000000081300000, 0x0000000081400000, 0x0000000081400000|100%|HC|  |TAMS 0x0000000081400000, 0x0000000081400000| Complete 
|  20|0x0000000081400000, 0x0000000081500000, 0x0000000081500000|100%|HC|  |TAMS 0x0000000081500000, 0x0000000081500000| Complete 
|  21|0x0000000081500000, 0x0000000081600000, 0x0000000081600000|100%|HS|  |TAMS 0x0000000081600000, 0x0000000081600000| Complete 
|  22|0x0000000081600000, 0x0000000081700000, 0x0000000081700000|100%|HS|  |TAMS 0x0000000081700000, 0x0000000081700000| Complete 
|  23|0x0000000081700000, 0x0000000081800000, 0x0000000081800000|100%|HC|  |TAMS 0x0000000081800000, 0x0000000081800000| Complete 
|  24|0x0000000081800000, 0x0000000081900000, 0x0000000081900000|100%|HC|  |TAMS 0x0000000081900000, 0x0000000081900000| Complete 
|  25|0x0000000081900000, 0x0000000081a00000, 0x0000000081a00000|100%|HC|  |TAMS 0x0000000081a00000, 0x0000000081a00000| Complete 
|  26|0x0000000081a00000, 0x0000000081b00000, 0x0000000081b00000|100%| O|  |TAMS 0x0000000081b00000, 0x0000000081b00000| Untracked 
|  27|0x0000000081b00000, 0x0000000081c00000, 0x0000000081c00000|100%| O|  |TAMS 0x0000000081c00000, 0x0000000081c00000| Untracked 
|  28|0x0000000081c00000, 0x0000000081d00000, 0x0000000081d00000|100%| O|  |TAMS 0x0000000081d00000, 0x0000000081d00000| Untracked 
|  29|0x0000000081d00000, 0x0000000081e00000, 0x0000000081e00000|100%| O|  |TAMS 0x0000000081e00000, 0x0000000081e00000| Untracked 
|  30|0x0000000081e00000, 0x0000000081f00000, 0x0000000081f00000|100%| O|  |TAMS 0x0000000081f00000, 0x0000000081f00000| Untracked 
|  31|0x0000000081f00000, 0x0000000082000000, 0x0000000082000000|100%| O|  |TAMS 0x0000000082000000, 0x0000000082000000| Untracked 
|  32|0x0000000082000000, 0x0000000082100000, 0x0000000082100000|100%| O|  |TAMS 0x0000000082100000, 0x0000000082100000| Untracked 
|  33|0x0000000082100000, 0x0000000082200000, 0x0000000082200000|100%| O|  |TAMS 0x0000000082200000, 0x0000000082200000| Untracked 
|  34|0x0000000082200000, 0x0000000082300000, 0x0000000082300000|100%| O|  |TAMS 0x0000000082300000, 0x0000000082300000| Untracked 
|  35|0x0000000082300000, 0x0000000082400000, 0x0000000082400000|100%|HS|  |TAMS 0x0000000082400000, 0x0000000082400000| Complete 
|  36|0x0000000082400000, 0x0000000082500000, 0x0000000082500000|100%| O|  |TAMS 0x0000000082500000, 0x0000000082500000| Untracked 
|  37|0x0000000082500000, 0x0000000082600000, 0x0000000082600000|100%| O|  |TAMS 0x0000000082600000, 0x0000000082600000| Untracked 
|  38|0x0000000082600000, 0x0000000082700000, 0x0000000082700000|100%| O|  |TAMS 0x0000000082700000, 0x0000000082700000| Untracked 
|  39|0x0000000082700000, 0x0000000082800000, 0x0000000082800000|100%| O|  |TAMS 0x0000000082800000, 0x0000000082800000| Untracked 
|  40|0x0000000082800000, 0x0000000082900000, 0x0000000082900000|100%| O|  |TAMS 0x0000000082900000, 0x0000000082900000| Untracked 
|  41|0x0000000082900000, 0x0000000082a00000, 0x0000000082a00000|100%| O|  |TAMS 0x0000000082a00000, 0x0000000082a00000| Untracked 
|  42|0x0000000082a00000, 0x0000000082b00000, 0x0000000082b00000|100%|HS|  |TAMS 0x0000000082b00000, 0x0000000082b00000| Complete 
|  43|0x0000000082b00000, 0x0000000082c00000, 0x0000000082c00000|100%|HC|  |TAMS 0x0000000082c00000, 0x0000000082c00000| Complete 
|  44|0x0000000082c00000, 0x0000000082d00000, 0x0000000082d00000|100%|HC|  |TAMS 0x0000000082d00000, 0x0000000082d00000| Complete 
|  45|0x0000000082d00000, 0x0000000082e00000, 0x0000000082e00000|100%| O|  |TAMS 0x0000000082e00000, 0x0000000082e00000| Untracked 
|  46|0x0000000082e00000, 0x0000000082f00000, 0x0000000082f00000|100%| O|  |TAMS 0x0000000082f00000, 0x0000000082f00000| Untracked 
|  47|0x0000000082f00000, 0x0000000083000000, 0x0000000083000000|100%| O|  |TAMS 0x0000000083000000, 0x0000000083000000| Untracked 
|  48|0x0000000083000000, 0x0000000083100000, 0x0000000083100000|100%| O|  |TAMS 0x0000000083100000, 0x0000000083100000| Untracked 
|  49|0x0000000083100000, 0x0000000083200000, 0x0000000083200000|100%| O|  |TAMS 0x0000000083200000, 0x0000000083200000| Untracked 
|  50|0x0000000083200000, 0x0000000083300000, 0x0000000083300000|100%| O|  |TAMS 0x0000000083300000, 0x0000000083300000| Untracked 
|  51|0x0000000083300000, 0x0000000083400000, 0x0000000083400000|100%|HS|  |TAMS 0x0000000083400000, 0x0000000083400000| Complete 
|  52|0x0000000083400000, 0x0000000083500000, 0x0000000083500000|100%|HC|  |TAMS 0x0000000083500000, 0x0000000083500000| Complete 
|  53|0x0000000083500000, 0x0000000083600000, 0x0000000083600000|100%|HC|  |TAMS 0x0000000083600000, 0x0000000083600000| Complete 
|  54|0x0000000083600000, 0x0000000083700000, 0x0000000083700000|100%|HC|  |TAMS 0x0000000083700000, 0x0000000083700000| Complete 
|  55|0x0000000083700000, 0x0000000083800000, 0x0000000083800000|100%| O|  |TAMS 0x0000000083800000, 0x0000000083800000| Untracked 
|  56|0x0000000083800000, 0x0000000083900000, 0x0000000083900000|100%|HS|  |TAMS 0x0000000083900000, 0x0000000083900000| Complete 
|  57|0x0000000083900000, 0x0000000083a00000, 0x0000000083a00000|100%|HS|  |TAMS 0x0000000083a00000, 0x0000000083a00000| Complete 
|  58|0x0000000083a00000, 0x0000000083b00000, 0x0000000083b00000|100%|HS|  |TAMS 0x0000000083b00000, 0x0000000083b00000| Complete 
|  59|0x0000000083b00000, 0x0000000083c00000, 0x0000000083c00000|100%| O|  |TAMS 0x0000000083c00000, 0x0000000083c00000| Untracked 
|  60|0x0000000083c00000, 0x0000000083d00000, 0x0000000083d00000|100%| O|  |TAMS 0x0000000083d00000, 0x0000000083d00000| Untracked 
|  61|0x0000000083d00000, 0x0000000083e00000, 0x0000000083e00000|100%| O|  |TAMS 0x0000000083e00000, 0x0000000083e00000| Untracked 
|  62|0x0000000083e00000, 0x0000000083f00000, 0x0000000083f00000|100%|HS|  |TAMS 0x0000000083f00000, 0x0000000083f00000| Complete 
|  63|0x0000000083f00000, 0x0000000084000000, 0x0000000084000000|100%|HC|  |TAMS 0x0000000084000000, 0x0000000084000000| Complete 
|  64|0x0000000084000000, 0x0000000084100000, 0x0000000084100000|100%|HC|  |TAMS 0x0000000084100000, 0x0000000084100000| Complete 
|  65|0x0000000084100000, 0x0000000084200000, 0x0000000084200000|100%| O|  |TAMS 0x0000000084200000, 0x0000000084200000| Untracked 
|  66|0x0000000084200000, 0x0000000084300000, 0x0000000084300000|100%| O|  |TAMS 0x0000000084300000, 0x0000000084300000| Untracked 
|  67|0x0000000084300000, 0x0000000084400000, 0x0000000084400000|100%| O|  |TAMS 0x0000000084400000, 0x0000000084400000| Untracked 
|  68|0x0000000084400000, 0x0000000084500000, 0x0000000084500000|100%| O|  |TAMS 0x0000000084500000, 0x0000000084500000| Untracked 
|  69|0x0000000084500000, 0x0000000084600000, 0x0000000084600000|100%| O|  |TAMS 0x0000000084600000, 0x0000000084600000| Untracked 
|  70|0x0000000084600000, 0x0000000084700000, 0x0000000084700000|100%| O|  |TAMS 0x0000000084700000, 0x0000000084700000| Untracked 
|  71|0x0000000084700000, 0x0000000084800000, 0x0000000084800000|100%|HS|  |TAMS 0x0000000084800000, 0x0000000084800000| Complete 
|  72|0x0000000084800000, 0x0000000084900000, 0x0000000084900000|100%|HC|  |TAMS 0x0000000084900000, 0x0000000084900000| Complete 
|  73|0x0000000084900000, 0x0000000084a00000, 0x0000000084a00000|100%| O|  |TAMS 0x0000000084a00000, 0x0000000084a00000| Untracked 
|  74|0x0000000084a00000, 0x0000000084b00000, 0x0000000084b00000|100%| O|  |TAMS 0x0000000084b00000, 0x0000000084b00000| Untracked 
|  75|0x0000000084b00000, 0x0000000084c00000, 0x0000000084c00000|100%| O|  |TAMS 0x0000000084c00000, 0x0000000084c00000| Untracked 
|  76|0x0000000084c00000, 0x0000000084d00000, 0x0000000084d00000|100%| O|  |TAMS 0x0000000084d00000, 0x0000000084d00000| Untracked 
|  77|0x0000000084d00000, 0x0000000084e00000, 0x0000000084e00000|100%| O|  |TAMS 0x0000000084e00000, 0x0000000084e00000| Untracked 
|  78|0x0000000084e00000, 0x0000000084f00000, 0x0000000084f00000|100%| O|  |TAMS 0x0000000084f00000, 0x0000000084f00000| Untracked 
|  79|0x0000000084f00000, 0x0000000085000000, 0x0000000085000000|100%| O|  |TAMS 0x0000000085000000, 0x0000000085000000| Untracked 
|  80|0x0000000085000000, 0x0000000085100000, 0x0000000085100000|100%| O|  |TAMS 0x0000000085100000, 0x0000000085100000| Untracked 
|  81|0x0000000085100000, 0x0000000085200000, 0x0000000085200000|100%| O|  |TAMS 0x0000000085200000, 0x0000000085200000| Untracked 
|  82|0x0000000085200000, 0x0000000085300000, 0x0000000085300000|100%| O|  |TAMS 0x0000000085300000, 0x0000000085300000| Untracked 
|  83|0x0000000085300000, 0x0000000085400000, 0x0000000085400000|100%| O|  |TAMS 0x0000000085400000, 0x0000000085400000| Untracked 
|  84|0x0000000085400000, 0x0000000085500000, 0x0000000085500000|100%| O|  |TAMS 0x0000000085500000, 0x0000000085500000| Untracked 
|  85|0x0000000085500000, 0x0000000085600000, 0x0000000085600000|100%| O|  |TAMS 0x0000000085600000, 0x0000000085600000| Untracked 
|  86|0x0000000085600000, 0x0000000085700000, 0x0000000085700000|100%| O|  |TAMS 0x0000000085700000, 0x0000000085700000| Untracked 
|  87|0x0000000085700000, 0x0000000085800000, 0x0000000085800000|100%| O|  |TAMS 0x0000000085800000, 0x0000000085800000| Untracked 
|  88|0x0000000085800000, 0x0000000085900000, 0x0000000085900000|100%| O|  |TAMS 0x0000000085900000, 0x0000000085900000| Untracked 
|  89|0x0000000085900000, 0x0000000085a00000, 0x0000000085a00000|100%|HS|  |TAMS 0x0000000085a00000, 0x0000000085a00000| Complete 
|  90|0x0000000085a00000, 0x0000000085b00000, 0x0000000085b00000|100%|HC|  |TAMS 0x0000000085b00000, 0x0000000085b00000| Complete 
|  91|0x0000000085b00000, 0x0000000085c00000, 0x0000000085c00000|100%|HS|  |TAMS 0x0000000085c00000, 0x0000000085c00000| Complete 
|  92|0x0000000085c00000, 0x0000000085d00000, 0x0000000085d00000|100%|HC|  |TAMS 0x0000000085d00000, 0x0000000085d00000| Complete 
|  93|0x0000000085d00000, 0x0000000085e00000, 0x0000000085e00000|100%|HC|  |TAMS 0x0000000085e00000, 0x0000000085e00000| Complete 
|  94|0x0000000085e00000, 0x0000000085f00000, 0x0000000085f00000|100%|HS|  |TAMS 0x0000000085f00000, 0x0000000085f00000| Complete 
|  95|0x0000000085f00000, 0x0000000086000000, 0x0000000086000000|100%| O|  |TAMS 0x0000000086000000, 0x0000000086000000| Untracked 
|  96|0x0000000086000000, 0x0000000086100000, 0x0000000086100000|100%| O|  |TAMS 0x0000000086100000, 0x0000000086100000| Untracked 
|  97|0x0000000086100000, 0x0000000086200000, 0x0000000086200000|100%|HS|  |TAMS 0x0000000086200000, 0x0000000086200000| Complete 
|  98|0x0000000086200000, 0x0000000086300000, 0x0000000086300000|100%|HC|  |TAMS 0x0000000086300000, 0x0000000086300000| Complete 
|  99|0x0000000086300000, 0x0000000086400000, 0x0000000086400000|100%|HC|  |TAMS 0x0000000086400000, 0x0000000086400000| Complete 
| 100|0x0000000086400000, 0x0000000086500000, 0x0000000086500000|100%|HC|  |TAMS 0x0000000086500000, 0x0000000086500000| Complete 
| 101|0x0000000086500000, 0x0000000086600000, 0x0000000086600000|100%| O|  |TAMS 0x0000000086600000, 0x0000000086600000| Untracked 
| 102|0x0000000086600000, 0x0000000086700000, 0x0000000086700000|100%| O|  |TAMS 0x0000000086700000, 0x0000000086700000| Untracked 
| 103|0x0000000086700000, 0x0000000086800000, 0x0000000086800000|100%| O|  |TAMS 0x0000000086800000, 0x0000000086800000| Untracked 
| 104|0x0000000086800000, 0x0000000086900000, 0x0000000086900000|100%| O|  |TAMS 0x0000000086900000, 0x0000000086900000| Untracked 
| 105|0x0000000086900000, 0x0000000086a00000, 0x0000000086a00000|100%| O|  |TAMS 0x0000000086a00000, 0x0000000086a00000| Untracked 
| 106|0x0000000086a00000, 0x0000000086b00000, 0x0000000086b00000|100%| O|  |TAMS 0x0000000086b00000, 0x0000000086b00000| Untracked 
| 107|0x0000000086b00000, 0x0000000086c00000, 0x0000000086c00000|100%| O|  |TAMS 0x0000000086c00000, 0x0000000086c00000| Untracked 
| 108|0x0000000086c00000, 0x0000000086d00000, 0x0000000086d00000|100%| O|  |TAMS 0x0000000086d00000, 0x0000000086d00000| Untracked 
| 109|0x0000000086d00000, 0x0000000086e00000, 0x0000000086e00000|100%| O|  |TAMS 0x0000000086e00000, 0x0000000086e00000| Untracked 
| 110|0x0000000086e00000, 0x0000000086f00000, 0x0000000086f00000|100%| O|  |TAMS 0x0000000086f00000, 0x0000000086f00000| Untracked 
| 111|0x0000000086f00000, 0x0000000087000000, 0x0000000087000000|100%| O|  |TAMS 0x0000000087000000, 0x0000000087000000| Untracked 
| 112|0x0000000087000000, 0x0000000087100000, 0x0000000087100000|100%| O|  |TAMS 0x0000000087100000, 0x0000000087100000| Untracked 
| 113|0x0000000087100000, 0x0000000087200000, 0x0000000087200000|100%| O|  |TAMS 0x0000000087200000, 0x0000000087200000| Untracked 
| 114|0x0000000087200000, 0x0000000087300000, 0x0000000087300000|100%| O|  |TAMS 0x0000000087300000, 0x0000000087300000| Untracked 
| 115|0x0000000087300000, 0x0000000087400000, 0x0000000087400000|100%| O|  |TAMS 0x0000000087400000, 0x0000000087400000| Untracked 
| 116|0x0000000087400000, 0x0000000087500000, 0x0000000087500000|100%| O|  |TAMS 0x0000000087500000, 0x0000000087500000| Untracked 
| 117|0x0000000087500000, 0x0000000087600000, 0x0000000087600000|100%| O|  |TAMS 0x0000000087600000, 0x0000000087600000| Untracked 
| 118|0x0000000087600000, 0x0000000087700000, 0x0000000087700000|100%| O|  |TAMS 0x0000000087700000, 0x0000000087700000| Untracked 
| 119|0x0000000087700000, 0x0000000087800000, 0x0000000087800000|100%| O|  |TAMS 0x0000000087800000, 0x0000000087800000| Untracked 
| 120|0x0000000087800000, 0x0000000087900000, 0x0000000087900000|100%| O|  |TAMS 0x0000000087900000, 0x0000000087900000| Untracked 
| 121|0x0000000087900000, 0x0000000087a00000, 0x0000000087a00000|100%| O|  |TAMS 0x0000000087a00000, 0x0000000087a00000| Untracked 
| 122|0x0000000087a00000, 0x0000000087b00000, 0x0000000087b00000|100%| O|  |TAMS 0x0000000087b00000, 0x0000000087b00000| Untracked 
| 123|0x0000000087b00000, 0x0000000087c00000, 0x0000000087c00000|100%| O|  |TAMS 0x0000000087c00000, 0x0000000087c00000| Untracked 
| 124|0x0000000087c00000, 0x0000000087d00000, 0x0000000087d00000|100%| O|  |TAMS 0x0000000087d00000, 0x0000000087d00000| Untracked 
| 125|0x0000000087d00000, 0x0000000087e00000, 0x0000000087e00000|100%| O|  |TAMS 0x0000000087e00000, 0x0000000087e00000| Untracked 
| 126|0x0000000087e00000, 0x0000000087f00000, 0x0000000087f00000|100%| O|  |TAMS 0x0000000087f00000, 0x0000000087f00000| Untracked 
| 127|0x0000000087f00000, 0x0000000088000000, 0x0000000088000000|100%| O|  |TAMS 0x0000000088000000, 0x0000000088000000| Untracked 
| 128|0x0000000088000000, 0x0000000088100000, 0x0000000088100000|100%| O|  |TAMS 0x0000000088100000, 0x0000000088100000| Untracked 
| 129|0x0000000088100000, 0x0000000088200000, 0x0000000088200000|100%| O|  |TAMS 0x0000000088200000, 0x0000000088200000| Untracked 
| 130|0x0000000088200000, 0x0000000088300000, 0x0000000088300000|100%| O|  |TAMS 0x0000000088300000, 0x0000000088300000| Untracked 
| 131|0x0000000088300000, 0x0000000088400000, 0x0000000088400000|100%| O|  |TAMS 0x0000000088400000, 0x0000000088400000| Untracked 
| 132|0x0000000088400000, 0x0000000088500000, 0x0000000088500000|100%| O|  |TAMS 0x0000000088500000, 0x0000000088500000| Untracked 
| 133|0x0000000088500000, 0x0000000088600000, 0x0000000088600000|100%| O|  |TAMS 0x0000000088600000, 0x0000000088600000| Untracked 
| 134|0x0000000088600000, 0x0000000088700000, 0x0000000088700000|100%| O|  |TAMS 0x0000000088700000, 0x0000000088700000| Untracked 
| 135|0x0000000088700000, 0x0000000088800000, 0x0000000088800000|100%| O|  |TAMS 0x0000000088800000, 0x0000000088800000| Untracked 
| 136|0x0000000088800000, 0x0000000088900000, 0x0000000088900000|100%| O|  |TAMS 0x0000000088900000, 0x0000000088900000| Untracked 
| 137|0x0000000088900000, 0x0000000088a00000, 0x0000000088a00000|100%|HS|  |TAMS 0x0000000088a00000, 0x0000000088a00000| Complete 
| 138|0x0000000088a00000, 0x0000000088b00000, 0x0000000088b00000|100%| O|  |TAMS 0x0000000088b00000, 0x0000000088b00000| Untracked 
| 139|0x0000000088b00000, 0x0000000088c00000, 0x0000000088c00000|100%| O|  |TAMS 0x0000000088c00000, 0x0000000088c00000| Untracked 
| 140|0x0000000088c00000, 0x0000000088d00000, 0x0000000088d00000|100%| O|  |TAMS 0x0000000088d00000, 0x0000000088d00000| Untracked 
| 141|0x0000000088d00000, 0x0000000088e00000, 0x0000000088e00000|100%| O|  |TAMS 0x0000000088e00000, 0x0000000088e00000| Untracked 
| 142|0x0000000088e00000, 0x0000000088f00000, 0x0000000088f00000|100%| O|  |TAMS 0x0000000088f00000, 0x0000000088f00000| Untracked 
| 143|0x0000000088f00000, 0x0000000089000000, 0x0000000089000000|100%| O|  |TAMS 0x0000000089000000, 0x0000000089000000| Untracked 
| 144|0x0000000089000000, 0x0000000089100000, 0x0000000089100000|100%| O|  |TAMS 0x0000000089100000, 0x0000000089100000| Untracked 
| 145|0x0000000089100000, 0x0000000089200000, 0x0000000089200000|100%| O|  |TAMS 0x0000000089200000, 0x0000000089200000| Untracked 
| 146|0x0000000089200000, 0x0000000089300000, 0x0000000089300000|100%| O|  |TAMS 0x0000000089300000, 0x0000000089300000| Untracked 
| 147|0x0000000089300000, 0x0000000089400000, 0x0000000089400000|100%| O|  |TAMS 0x0000000089400000, 0x0000000089400000| Untracked 
| 148|0x0000000089400000, 0x0000000089500000, 0x0000000089500000|100%| O|  |TAMS 0x0000000089500000, 0x0000000089500000| Untracked 
| 149|0x0000000089500000, 0x0000000089600000, 0x0000000089600000|100%| O|  |TAMS 0x0000000089600000, 0x0000000089600000| Untracked 
| 150|0x0000000089600000, 0x0000000089700000, 0x0000000089700000|100%| O|  |TAMS 0x0000000089700000, 0x0000000089700000| Untracked 
| 151|0x0000000089700000, 0x0000000089800000, 0x0000000089800000|100%| O|  |TAMS 0x0000000089800000, 0x0000000089800000| Untracked 
| 152|0x0000000089800000, 0x0000000089900000, 0x0000000089900000|100%| O|  |TAMS 0x0000000089900000, 0x0000000089900000| Untracked 
| 153|0x0000000089900000, 0x0000000089a00000, 0x0000000089a00000|100%| O|  |TAMS 0x0000000089a00000, 0x0000000089a00000| Untracked 
| 154|0x0000000089a00000, 0x0000000089b00000, 0x0000000089b00000|100%| O|  |TAMS 0x0000000089b00000, 0x0000000089b00000| Untracked 
| 155|0x0000000089b00000, 0x0000000089c00000, 0x0000000089c00000|100%| O|  |TAMS 0x0000000089c00000, 0x0000000089c00000| Untracked 
| 156|0x0000000089c00000, 0x0000000089d00000, 0x0000000089d00000|100%| O|  |TAMS 0x0000000089cbac00, 0x0000000089d00000| Untracked 
| 157|0x0000000089d00000, 0x0000000089e00000, 0x0000000089e00000|100%| O|  |TAMS 0x0000000089e00000, 0x0000000089e00000| Untracked 
| 158|0x0000000089e00000, 0x0000000089f00000, 0x0000000089f00000|100%| O|  |TAMS 0x0000000089f00000, 0x0000000089f00000| Untracked 
| 159|0x0000000089f00000, 0x000000008a000000, 0x000000008a000000|100%| O|  |TAMS 0x000000008a000000, 0x000000008a000000| Untracked 
| 160|0x000000008a000000, 0x000000008a100000, 0x000000008a100000|100%| O|  |TAMS 0x000000008a100000, 0x000000008a100000| Untracked 
| 161|0x000000008a100000, 0x000000008a200000, 0x000000008a200000|100%| O|  |TAMS 0x000000008a200000, 0x000000008a200000| Untracked 
| 162|0x000000008a200000, 0x000000008a300000, 0x000000008a300000|100%| O|  |TAMS 0x000000008a300000, 0x000000008a300000| Untracked 
| 163|0x000000008a300000, 0x000000008a400000, 0x000000008a400000|100%| O|  |TAMS 0x000000008a300000, 0x000000008a400000| Untracked 
| 164|0x000000008a400000, 0x000000008a500000, 0x000000008a500000|100%| O|  |TAMS 0x000000008a400000, 0x000000008a500000| Untracked 
| 165|0x000000008a500000, 0x000000008a600000, 0x000000008a600000|100%| O|  |TAMS 0x000000008a500000, 0x000000008a600000| Untracked 
| 166|0x000000008a600000, 0x000000008a700000, 0x000000008a700000|100%| O|  |TAMS 0x000000008a600000, 0x000000008a700000| Untracked 
| 167|0x000000008a700000, 0x000000008a800000, 0x000000008a800000|100%| O|  |TAMS 0x000000008a700000, 0x000000008a800000| Untracked 
| 168|0x000000008a800000, 0x000000008a900000, 0x000000008a900000|100%| O|  |TAMS 0x000000008a800000, 0x000000008a900000| Untracked 
| 169|0x000000008a900000, 0x000000008aa00000, 0x000000008aa00000|100%| O|  |TAMS 0x000000008a900000, 0x000000008aa00000| Untracked 
| 170|0x000000008aa00000, 0x000000008aab3a00, 0x000000008ab00000| 70%| O|  |TAMS 0x000000008aa00000, 0x000000008aab3a00| Untracked 
| 171|0x000000008ab00000, 0x000000008ab00000, 0x000000008ac00000|  0%| F|  |TAMS 0x000000008ab00000, 0x000000008ab00000| Untracked 
| 172|0x000000008ac00000, 0x000000008ac00000, 0x000000008ad00000|  0%| F|  |TAMS 0x000000008ac00000, 0x000000008ac00000| Untracked 
| 173|0x000000008ad00000, 0x000000008ad00000, 0x000000008ae00000|  0%| F|  |TAMS 0x000000008ad00000, 0x000000008ad00000| Untracked 
| 174|0x000000008ae00000, 0x000000008ae00000, 0x000000008af00000|  0%| F|  |TAMS 0x000000008ae00000, 0x000000008ae00000| Untracked 
| 175|0x000000008af00000, 0x000000008af00000, 0x000000008b000000|  0%| F|  |TAMS 0x000000008af00000, 0x000000008af00000| Untracked 
| 176|0x000000008b000000, 0x000000008b000000, 0x000000008b100000|  0%| F|  |TAMS 0x000000008b000000, 0x000000008b000000| Untracked 
| 177|0x000000008b100000, 0x000000008b100000, 0x000000008b200000|  0%| F|  |TAMS 0x000000008b100000, 0x000000008b100000| Untracked 
| 178|0x000000008b200000, 0x000000008b300000, 0x000000008b300000|100%| O|  |TAMS 0x000000008b200000, 0x000000008b300000| Untracked 
| 179|0x000000008b300000, 0x000000008b400000, 0x000000008b400000|100%| O|  |TAMS 0x000000008b300000, 0x000000008b400000| Untracked 
| 180|0x000000008b400000, 0x000000008b500000, 0x000000008b500000|100%| O|  |TAMS 0x000000008b400000, 0x000000008b500000| Untracked 
| 181|0x000000008b500000, 0x000000008b600000, 0x000000008b600000|100%| O|  |TAMS 0x000000008b500000, 0x000000008b600000| Untracked 
| 182|0x000000008b600000, 0x000000008b600000, 0x000000008b700000|  0%| F|  |TAMS 0x000000008b600000, 0x000000008b600000| Untracked 
| 183|0x000000008b700000, 0x000000008b700000, 0x000000008b800000|  0%| F|  |TAMS 0x000000008b700000, 0x000000008b700000| Untracked 
| 184|0x000000008b800000, 0x000000008b800000, 0x000000008b900000|  0%| F|  |TAMS 0x000000008b800000, 0x000000008b800000| Untracked 
| 185|0x000000008b900000, 0x000000008b900000, 0x000000008ba00000|  0%| F|  |TAMS 0x000000008b900000, 0x000000008b900000| Untracked 
| 186|0x000000008ba00000, 0x000000008ba00000, 0x000000008bb00000|  0%| F|  |TAMS 0x000000008ba00000, 0x000000008ba00000| Untracked 
| 187|0x000000008bb00000, 0x000000008bb00000, 0x000000008bc00000|  0%| F|  |TAMS 0x000000008bb00000, 0x000000008bb00000| Untracked 
| 188|0x000000008bc00000, 0x000000008bc00000, 0x000000008bd00000|  0%| F|  |TAMS 0x000000008bc00000, 0x000000008bc00000| Untracked 
| 189|0x000000008bd00000, 0x000000008bd00000, 0x000000008be00000|  0%| F|  |TAMS 0x000000008bd00000, 0x000000008bd00000| Untracked 
| 190|0x000000008be00000, 0x000000008be00000, 0x000000008bf00000|  0%| F|  |TAMS 0x000000008be00000, 0x000000008be00000| Untracked 
| 191|0x000000008bf00000, 0x000000008bf00000, 0x000000008c000000|  0%| F|  |TAMS 0x000000008bf00000, 0x000000008bf00000| Untracked 
| 192|0x000000008c000000, 0x000000008c000000, 0x000000008c100000|  0%| F|  |TAMS 0x000000008c000000, 0x000000008c000000| Untracked 
| 193|0x000000008c100000, 0x000000008c100000, 0x000000008c200000|  0%| F|  |TAMS 0x000000008c100000, 0x000000008c100000| Untracked 
| 194|0x000000008c200000, 0x000000008c200000, 0x000000008c300000|  0%| F|  |TAMS 0x000000008c200000, 0x000000008c200000| Untracked 
| 195|0x000000008c300000, 0x000000008c300000, 0x000000008c400000|  0%| F|  |TAMS 0x000000008c300000, 0x000000008c300000| Untracked 
| 196|0x000000008c400000, 0x000000008c400000, 0x000000008c500000|  0%| F|  |TAMS 0x000000008c400000, 0x000000008c400000| Untracked 
| 197|0x000000008c500000, 0x000000008c500000, 0x000000008c600000|  0%| F|  |TAMS 0x000000008c500000, 0x000000008c500000| Untracked 
| 198|0x000000008c600000, 0x000000008c600000, 0x000000008c700000|  0%| F|  |TAMS 0x000000008c600000, 0x000000008c600000| Untracked 
| 199|0x000000008c700000, 0x000000008c700000, 0x000000008c800000|  0%| F|  |TAMS 0x000000008c700000, 0x000000008c700000| Untracked 
| 200|0x000000008c800000, 0x000000008c800000, 0x000000008c900000|  0%| F|  |TAMS 0x000000008c800000, 0x000000008c800000| Untracked 
| 201|0x000000008c900000, 0x000000008c900000, 0x000000008ca00000|  0%| F|  |TAMS 0x000000008c900000, 0x000000008c900000| Untracked 
| 202|0x000000008ca00000, 0x000000008ca00000, 0x000000008cb00000|  0%| F|  |TAMS 0x000000008ca00000, 0x000000008ca00000| Untracked 
| 203|0x000000008cb00000, 0x000000008cb00000, 0x000000008cc00000|  0%| F|  |TAMS 0x000000008cb00000, 0x000000008cb00000| Untracked 
| 204|0x000000008cc00000, 0x000000008cc00000, 0x000000008cd00000|  0%| F|  |TAMS 0x000000008cc00000, 0x000000008cc00000| Untracked 
| 205|0x000000008cd00000, 0x000000008cd00000, 0x000000008ce00000|  0%| F|  |TAMS 0x000000008cd00000, 0x000000008cd00000| Untracked 
| 206|0x000000008ce00000, 0x000000008ce00000, 0x000000008cf00000|  0%| F|  |TAMS 0x000000008ce00000, 0x000000008ce00000| Untracked 
| 207|0x000000008cf00000, 0x000000008d000000, 0x000000008d000000|100%| S|CS|TAMS 0x000000008cf00000, 0x000000008cf00000| Complete 
| 208|0x000000008d000000, 0x000000008d100000, 0x000000008d100000|100%| S|CS|TAMS 0x000000008d000000, 0x000000008d000000| Complete 
| 209|0x000000008d100000, 0x000000008d200000, 0x000000008d200000|100%| S|CS|TAMS 0x000000008d100000, 0x000000008d100000| Complete 
| 210|0x000000008d200000, 0x000000008d200000, 0x000000008d300000|  0%| F|  |TAMS 0x000000008d200000, 0x000000008d200000| Untracked 
| 211|0x000000008d300000, 0x000000008d300000, 0x000000008d400000|  0%| F|  |TAMS 0x000000008d300000, 0x000000008d300000| Untracked 
| 212|0x000000008d400000, 0x000000008d500000, 0x000000008d500000|100%| S|CS|TAMS 0x000000008d400000, 0x000000008d400000| Complete 
| 213|0x000000008d500000, 0x000000008d500000, 0x000000008d600000|  0%| F|  |TAMS 0x000000008d500000, 0x000000008d500000| Untracked 
| 214|0x000000008d600000, 0x000000008d600000, 0x000000008d700000|  0%| F|  |TAMS 0x000000008d600000, 0x000000008d600000| Untracked 
| 215|0x000000008d700000, 0x000000008d700000, 0x000000008d800000|  0%| F|  |TAMS 0x000000008d700000, 0x000000008d700000| Untracked 
| 216|0x000000008d800000, 0x000000008d800000, 0x000000008d900000|  0%| F|  |TAMS 0x000000008d800000, 0x000000008d800000| Untracked 
| 217|0x000000008d900000, 0x000000008d900000, 0x000000008da00000|  0%| F|  |TAMS 0x000000008d900000, 0x000000008d900000| Untracked 
| 218|0x000000008da00000, 0x000000008da00000, 0x000000008db00000|  0%| F|  |TAMS 0x000000008da00000, 0x000000008da00000| Untracked 
| 219|0x000000008db00000, 0x000000008db00000, 0x000000008dc00000|  0%| F|  |TAMS 0x000000008db00000, 0x000000008db00000| Untracked 
| 220|0x000000008dc00000, 0x000000008dc00000, 0x000000008dd00000|  0%| F|  |TAMS 0x000000008dc00000, 0x000000008dc00000| Untracked 
| 221|0x000000008dd00000, 0x000000008dd00000, 0x000000008de00000|  0%| F|  |TAMS 0x000000008dd00000, 0x000000008dd00000| Untracked 
| 222|0x000000008de00000, 0x000000008de00000, 0x000000008df00000|  0%| F|  |TAMS 0x000000008de00000, 0x000000008de00000| Untracked 
| 223|0x000000008df00000, 0x000000008df00000, 0x000000008e000000|  0%| F|  |TAMS 0x000000008df00000, 0x000000008df00000| Untracked 
| 224|0x000000008e000000, 0x000000008e000000, 0x000000008e100000|  0%| F|  |TAMS 0x000000008e000000, 0x000000008e000000| Untracked 
| 225|0x000000008e100000, 0x000000008e100000, 0x000000008e200000|  0%| F|  |TAMS 0x000000008e100000, 0x000000008e100000| Untracked 
| 226|0x000000008e200000, 0x000000008e200000, 0x000000008e300000|  0%| F|  |TAMS 0x000000008e200000, 0x000000008e200000| Untracked 
| 227|0x000000008e300000, 0x000000008e300000, 0x000000008e400000|  0%| F|  |TAMS 0x000000008e300000, 0x000000008e300000| Untracked 
| 228|0x000000008e400000, 0x000000008e400000, 0x000000008e500000|  0%| F|  |TAMS 0x000000008e400000, 0x000000008e400000| Untracked 
| 229|0x000000008e500000, 0x000000008e500000, 0x000000008e600000|  0%| F|  |TAMS 0x000000008e500000, 0x000000008e500000| Untracked 
| 230|0x000000008e600000, 0x000000008e600000, 0x000000008e700000|  0%| F|  |TAMS 0x000000008e600000, 0x000000008e600000| Untracked 
| 231|0x000000008e700000, 0x000000008e700000, 0x000000008e800000|  0%| F|  |TAMS 0x000000008e700000, 0x000000008e700000| Untracked 
| 232|0x000000008e800000, 0x000000008e800000, 0x000000008e900000|  0%| F|  |TAMS 0x000000008e800000, 0x000000008e800000| Untracked 
| 233|0x000000008e900000, 0x000000008e900000, 0x000000008ea00000|  0%| F|  |TAMS 0x000000008e900000, 0x000000008e900000| Untracked 

Card table byte_map: [0x00000186f8470000,0x00000186f8870000] _byte_map_base: 0x00000186f8070000

Marking Bits (Prev, Next): (CMBitMap*) 0x00000186f3f50980, (CMBitMap*) 0x00000186f3f50948
 Prev Bits: [0x00000186fac70000, 0x00000186fcc70000)
 Next Bits: [0x00000186f8c70000, 0x00000186fac70000)

Polling page: 0x00000186f7a20000

Metaspace:

Usage:
  Non-class:    106.90 MB capacity,   104.70 MB ( 98%) used,     1.84 MB (  2%) free+waste,   374.31 KB ( <1%) overhead. 
      Class:     16.05 MB capacity,    14.85 MB ( 93%) used,     1.04 MB (  6%) free+waste,   165.31 KB (  1%) overhead. 
       Both:    122.95 MB capacity,   119.55 MB ( 97%) used,     2.87 MB (  2%) free+waste,   539.63 KB ( <1%) overhead. 

Virtual space:
  Non-class space:      108.00 MB reserved,     107.00 MB (>99%) committed 
      Class space:        1.00 GB reserved,      16.07 MB (  2%) committed 
             Both:        1.11 GB reserved,     123.07 MB ( 11%) committed 

Chunk freelists:
   Non-Class:  98.00 KB
       Class:  16.00 KB
        Both:  114.00 KB

MaxMetaspaceSize: 17179869184.00 GB
CompressedClassSpaceSize: 1.00 GB
Initial GC threshold: 20.80 MB
Current GC threshold: 199.71 MB
CDS: off

CodeHeap 'non-profiled nmethods': size=120064Kb used=11410Kb max_used=11410Kb free=108653Kb
 bounds [0x0000018687ac0000, 0x00000186885f0000, 0x000001868f000000]
CodeHeap 'profiled nmethods': size=120000Kb used=42693Kb max_used=42693Kb free=77306Kb
 bounds [0x0000018680590000, 0x0000018682f50000, 0x0000018687ac0000]
CodeHeap 'non-nmethods': size=5696Kb used=2462Kb max_used=2517Kb free=3233Kb
 bounds [0x0000018680000000, 0x0000018680280000, 0x0000018680590000]
 total_blobs=19494 nmethods=18506 adapters=899
 compilation: enabled
              stopped_count=0, restarted_count=0
 full_count=0

Compilation events (20 events):
Event: 1273.020 Thread 0x00000186ff2ed000 nmethod 18770 0x0000018682f3e510 code [0x0000018682f3e720, 0x0000018682f3ed28]
Event: 1273.020 Thread 0x00000186ff2ed000 18771       2       com.android.aapt.Resources$Style$Entry::<init> (6 bytes)
Event: 1273.020 Thread 0x00000186ff2ed000 nmethod 18771 0x0000018682f3ee90 code [0x0000018682f3f040, 0x0000018682f3f1b8]
Event: 1273.020 Thread 0x00000186ff2ed000 18772       2       com.android.aapt.Resources$Style$Entry::<init> (11 bytes)
Event: 1273.020 Thread 0x00000186ff2ed000 nmethod 18772 0x0000018682f3f290 code [0x0000018682f3f440, 0x0000018682f3f598]
Event: 1273.020 Thread 0x00000186ff2ed000 18773       2       com.android.aapt.Resources$Style$Entry::access$41302 (7 bytes)
Event: 1273.020 Thread 0x00000186ff2ed000 nmethod 18773 0x0000018682f3f690 code [0x0000018682f3f840, 0x0000018682f3f978]
Event: 1273.020 Thread 0x00000186ff2ed000 18778       2       com.android.aapt.Resources$Style$Builder::addEntry (52 bytes)
Event: 1273.021 Thread 0x00000186ff2ed000 nmethod 18778 0x0000018682f3fa90 code [0x0000018682f3fc80, 0x0000018682f40008]
Event: 1273.021 Thread 0x00000186ff2ed000 18779       2       com.android.aapt.Resources$Style$Builder::ensureEntryIsMutable (35 bytes)
Event: 1273.021 Thread 0x00000186ff2ed000 nmethod 18779 0x0000018682f40190 code [0x0000018682f40340, 0x0000018682f40528]
Event: 1273.021 Thread 0x00000186ff2ed000 18774       2       com.android.aapt.Resources$Style$Entry::access$41402 (7 bytes)
Event: 1273.021 Thread 0x00000186ff2ed000 nmethod 18774 0x0000018682f40610 code [0x0000018682f407c0, 0x0000018682f408f8]
Event: 1273.021 Thread 0x00000186ff2ed000 18775       2       com.android.aapt.Resources$Style$Entry::access$41502 (7 bytes)
Event: 1273.021 Thread 0x00000186ff2ed000 nmethod 18775 0x0000018682f40a10 code [0x0000018682f40bc0, 0x0000018682f40cf8]
Event: 1273.021 Thread 0x00000186ff2ed000 18776       2       com.android.aapt.Resources$Style$Entry::access$41602 (7 bytes)
Event: 1273.021 Thread 0x00000186ff2ed000 nmethod 18776 0x0000018682f40e10 code [0x0000018682f40fc0, 0x0000018682f410f8]
Event: 1273.021 Thread 0x00000186ff2ed000 18777       2       com.android.aapt.Resources$Style$Entry::isInitialized (25 bytes)
Event: 1273.021 Thread 0x00000186ff2ed000 nmethod 18777 0x0000018682f41210 code [0x0000018682f413c0, 0x0000018682f414f8]
Event: 1273.021 Thread 0x00000186ff2ed000 18760       2       com.android.aapt.Resources$Visibility::getSerializedSize (112 bytes)

GC Heap History (20 events):
Event: 1271.267 GC heap after
{Heap after GC invocations=98 (full 0):
 garbage-first heap   total 199680K, used 156450K [0x0000000080000000, 0x0000000100000000)
  region size 1024K, 3 young (3072K), 3 survivors (3072K)
 Metaspace       used 116896K, capacity 120297K, committed 120524K, reserved 1153024K
  class space    used 14769K, capacity 15947K, committed 16076K, reserved 1048576K
}
Event: 1271.336 GC heap before
{Heap before GC invocations=98 (full 0):
 garbage-first heap   total 199680K, used 162594K [0x0000000080000000, 0x0000000100000000)
  region size 1024K, 9 young (9216K), 3 survivors (3072K)
 Metaspace       used 116965K, capacity 120425K, committed 120780K, reserved 1155072K
  class space    used 14769K, capacity 15947K, committed 16076K, reserved 1048576K
}
Event: 1271.353 GC heap after
{Heap after GC invocations=99 (full 0):
 garbage-first heap   total 199680K, used 159098K [0x0000000080000000, 0x0000000100000000)
  region size 1024K, 2 young (2048K), 2 survivors (2048K)
 Metaspace       used 116965K, capacity 120425K, committed 120780K, reserved 1155072K
  class space    used 14769K, capacity 15947K, committed 16076K, reserved 1048576K
}
Event: 1271.457 GC heap before
{Heap before GC invocations=99 (full 0):
 garbage-first heap   total 199680K, used 168314K [0x0000000080000000, 0x0000000100000000)
  region size 1024K, 12 young (12288K), 2 survivors (2048K)
 Metaspace       used 116974K, capacity 120425K, committed 120780K, reserved 1155072K
  class space    used 14769K, capacity 15947K, committed 16076K, reserved 1048576K
}
Event: 1271.473 GC heap after
{Heap after GC invocations=100 (full 0):
 garbage-first heap   total 199680K, used 162783K [0x0000000080000000, 0x0000000100000000)
  region size 1024K, 2 young (2048K), 2 survivors (2048K)
 Metaspace       used 116974K, capacity 120425K, committed 120780K, reserved 1155072K
  class space    used 14769K, capacity 15947K, committed 16076K, reserved 1048576K
}
Event: 1271.590 GC heap before
{Heap before GC invocations=100 (full 0):
 garbage-first heap   total 199680K, used 170975K [0x0000000080000000, 0x0000000100000000)
  region size 1024K, 10 young (10240K), 2 survivors (2048K)
 Metaspace       used 117668K, capacity 121161K, committed 121292K, reserved 1155072K
  class space    used 14842K, capacity 16043K, committed 16076K, reserved 1048576K
}
Event: 1271.609 GC heap after
{Heap after GC invocations=101 (full 0):
 garbage-first heap   total 199680K, used 163933K [0x0000000080000000, 0x0000000100000000)
  region size 1024K, 1 young (1024K), 1 survivors (1024K)
 Metaspace       used 117668K, capacity 121161K, committed 121292K, reserved 1155072K
  class space    used 14842K, capacity 16043K, committed 16076K, reserved 1048576K
}
Event: 1271.696 GC heap before
{Heap before GC invocations=101 (full 0):
 garbage-first heap   total 199680K, used 172125K [0x0000000080000000, 0x0000000100000000)
  region size 1024K, 9 young (9216K), 1 survivors (1024K)
 Metaspace       used 117975K, capacity 121412K, committed 121548K, reserved 1155072K
  class space    used 14875K, capacity 16064K, committed 16076K, reserved 1048576K
}
Event: 1271.698 GC heap after
{Heap after GC invocations=102 (full 0):
 garbage-first heap   total 199680K, used 164486K [0x0000000080000000, 0x0000000100000000)
  region size 1024K, 2 young (2048K), 2 survivors (2048K)
 Metaspace       used 117975K, capacity 121412K, committed 121548K, reserved 1155072K
  class space    used 14875K, capacity 16064K, committed 16076K, reserved 1048576K
}
Event: 1271.831 GC heap before
{Heap before GC invocations=103 (full 0):
 garbage-first heap   total 199680K, used 179846K [0x0000000080000000, 0x0000000100000000)
  region size 1024K, 9 young (9216K), 2 survivors (2048K)
 Metaspace       used 118226K, capacity 121700K, committed 121932K, reserved 1155072K
  class space    used 14895K, capacity 16096K, committed 16204K, reserved 1048576K
}
Event: 1271.839 GC heap after
{Heap after GC invocations=104 (full 0):
 garbage-first heap   total 199680K, used 167172K [0x0000000080000000, 0x0000000100000000)
  region size 1024K, 2 young (2048K), 2 survivors (2048K)
 Metaspace       used 118226K, capacity 121700K, committed 121932K, reserved 1155072K
  class space    used 14895K, capacity 16096K, committed 16204K, reserved 1048576K
}
Event: 1271.971 GC heap before
{Heap before GC invocations=104 (full 0):
 garbage-first heap   total 199680K, used 174340K [0x0000000080000000, 0x0000000100000000)
  region size 1024K, 9 young (9216K), 2 survivors (2048K)
 Metaspace       used 118256K, capacity 121700K, committed 121932K, reserved 1155072K
  class space    used 14896K, capacity 16096K, committed 16204K, reserved 1048576K
}
Event: 1271.983 GC heap after
{Heap after GC invocations=105 (full 0):
 garbage-first heap   total 239616K, used 163956K [0x0000000080000000, 0x0000000100000000)
  region size 1024K, 2 young (2048K), 2 survivors (2048K)
 Metaspace       used 118256K, capacity 121700K, committed 121932K, reserved 1155072K
  class space    used 14896K, capacity 16096K, committed 16204K, reserved 1048576K
}
Event: 1272.423 GC heap before
{Heap before GC invocations=105 (full 0):
 garbage-first heap   total 239616K, used 190580K [0x0000000080000000, 0x0000000100000000)
  region size 1024K, 29 young (29696K), 2 survivors (2048K)
 Metaspace       used 118376K, capacity 121838K, committed 122188K, reserved 1155072K
  class space    used 14904K, capacity 16099K, committed 16204K, reserved 1048576K
}
Event: 1272.443 GC heap after
{Heap after GC invocations=106 (full 0):
 garbage-first heap   total 239616K, used 170731K [0x0000000080000000, 0x0000000100000000)
  region size 1024K, 4 young (4096K), 4 survivors (4096K)
 Metaspace       used 118376K, capacity 121838K, committed 122188K, reserved 1155072K
  class space    used 14904K, capacity 16099K, committed 16204K, reserved 1048576K
}
Event: 1272.601 GC heap before
{Heap before GC invocations=106 (full 0):
 garbage-first heap   total 239616K, used 210667K [0x0000000080000000, 0x0000000100000000)
  region size 1024K, 28 young (28672K), 4 survivors (4096K)
 Metaspace       used 118704K, capacity 122160K, committed 122444K, reserved 1155072K
  class space    used 14928K, capacity 16111K, committed 16204K, reserved 1048576K
}
Event: 1272.609 GC heap after
{Heap after GC invocations=107 (full 0):
 garbage-first heap   total 239616K, used 174713K [0x0000000080000000, 0x0000000100000000)
  region size 1024K, 4 young (4096K), 4 survivors (4096K)
 Metaspace       used 118704K, capacity 122160K, committed 122444K, reserved 1155072K
  class space    used 14928K, capacity 16111K, committed 16204K, reserved 1048576K
}
Event: 1272.870 GC heap before
{Heap before GC invocations=108 (full 0):
 garbage-first heap   total 239616K, used 197241K [0x0000000080000000, 0x0000000100000000)
  region size 1024K, 26 young (26624K), 4 survivors (4096K)
 Metaspace       used 120654K, capacity 124142K, committed 124364K, reserved 1157120K
  class space    used 15062K, capacity 16272K, committed 16332K, reserved 1048576K
}
Event: 1272.876 GC heap after
{Heap after GC invocations=109 (full 0):
 garbage-first heap   total 239616K, used 178928K [0x0000000080000000, 0x0000000100000000)
  region size 1024K, 4 young (4096K), 4 survivors (4096K)
 Metaspace       used 120654K, capacity 124142K, committed 124364K, reserved 1157120K
  class space    used 15062K, capacity 16272K, committed 16332K, reserved 1048576K
}
Event: 1273.022 GC heap before
{Heap before GC invocations=109 (full 0):
 garbage-first heap   total 239616K, used 199408K [0x0000000080000000, 0x0000000100000000)
  region size 1024K, 25 young (25600K), 4 survivors (4096K)
 Metaspace       used 122421K, capacity 125902K, committed 126028K, reserved 1159168K
  class space    used 15206K, capacity 16432K, committed 16460K, reserved 1048576K
}

Deoptimization events (20 events):
Event: 1272.834 Thread 0x0000018691517000 DEOPT PACKING pc=0x0000018682e7bdff sp=0x000000411e6fd020
Event: 1272.834 Thread 0x0000018691517000 DEOPT UNPACKING pc=0x000001868004a95e sp=0x000000411e6fc568 mode 0
Event: 1272.835 Thread 0x0000018691517000 DEOPT PACKING pc=0x0000018682e7d512 sp=0x000000411e6fd570
Event: 1272.835 Thread 0x0000018691517000 DEOPT UNPACKING pc=0x000001868004a95e sp=0x000000411e6fcaa0 mode 0
Event: 1272.933 Thread 0x0000018691517000 DEOPT PACKING pc=0x0000018682e0cc6e sp=0x000000411e6fd140
Event: 1272.933 Thread 0x0000018691517000 DEOPT UNPACKING pc=0x000001868004a95e sp=0x000000411e6fc5f0 mode 0
Event: 1272.940 Thread 0x0000018691517000 DEOPT PACKING pc=0x0000018682e249b1 sp=0x000000411e6fcf10
Event: 1272.940 Thread 0x0000018691517000 DEOPT UNPACKING pc=0x000001868004a95e sp=0x000000411e6fc380 mode 0
Event: 1272.947 Thread 0x0000018691517000 DEOPT PACKING pc=0x0000018682e74dc0 sp=0x000000411e6fcdb0
Event: 1272.947 Thread 0x0000018691517000 DEOPT UNPACKING pc=0x000001868004a95e sp=0x000000411e6fc2b8 mode 0
Event: 1272.949 Thread 0x0000018691518800 Uncommon trap: trap_request=0xffffff4d fr.pc=0x000001868839de18 relative=0x00000000000001d8
Event: 1272.949 Thread 0x0000018691518800 Uncommon trap: reason=unstable_if action=reinterpret pc=0x000001868839de18 method=java.lang.StringCoding.encodeUTF8(B[BZ)[B @ 18 c2
Event: 1272.949 Thread 0x0000018691518800 DEOPT PACKING pc=0x000001868839de18 sp=0x000000411e5fce90
Event: 1272.949 Thread 0x0000018691518800 DEOPT UNPACKING pc=0x000001868004a1af sp=0x000000411e5fce28 mode 2
Event: 1272.949 Thread 0x0000018691517000 DEOPT PACKING pc=0x0000018682e74dc0 sp=0x000000411e6fd270
Event: 1272.949 Thread 0x0000018691517000 DEOPT UNPACKING pc=0x000001868004a95e sp=0x000000411e6fc778 mode 0
Event: 1272.954 Thread 0x000001869d7c5000 DEOPT PACKING pc=0x0000018682e74dc0 sp=0x000000411e8fd010
Event: 1272.954 Thread 0x000001869d7c5000 DEOPT UNPACKING pc=0x000001868004a95e sp=0x000000411e8fc518 mode 0
Event: 1272.965 Thread 0x0000018691518800 DEOPT PACKING pc=0x0000018682e74dc0 sp=0x000000411e5fcab0
Event: 1272.965 Thread 0x0000018691518800 DEOPT UNPACKING pc=0x000001868004a95e sp=0x000000411e5fbfb8 mode 0

Classes redefined (0 events):
No events

Internal exceptions (20 events):
Event: 1269.850 Thread 0x000001869439b800 Exception <a 'java/lang/NoSuchMethodError'{0x000000008b76f938}: <clinit>> (0x000000008b76f938) thrown at [./src/hotspot/share/prims/jni.cpp, line 1365]
Event: 1271.680 Thread 0x0000018691518000 Exception <a 'java/lang/NoSuchMethodError'{0x000000008bc2dea8}: <clinit>> (0x000000008bc2dea8) thrown at [./src/hotspot/share/prims/jni.cpp, line 1365]
Event: 1271.680 Thread 0x0000018691518000 Exception <a 'java/lang/NoSuchMethodError'{0x000000008bc3e168}: <clinit>> (0x000000008bc3e168) thrown at [./src/hotspot/share/prims/jni.cpp, line 1365]
Event: 1271.685 Thread 0x0000018691518000 Exception <a 'java/lang/NoSuchMethodError'{0x000000008bcae028}: <clinit>> (0x000000008bcae028) thrown at [./src/hotspot/share/prims/jni.cpp, line 1365]
Event: 1271.685 Thread 0x0000018691518000 Exception <a 'java/lang/NoSuchMethodError'{0x000000008bcb0bf0}: <clinit>> (0x000000008bcb0bf0) thrown at [./src/hotspot/share/prims/jni.cpp, line 1365]
Event: 1271.685 Thread 0x0000018691518000 Exception <a 'java/lang/NoSuchMethodError'{0x000000008bcb55d0}: <clinit>> (0x000000008bcb55d0) thrown at [./src/hotspot/share/prims/jni.cpp, line 1365]
Event: 1271.685 Thread 0x0000018691518000 Exception <a 'java/lang/NoSuchMethodError'{0x000000008bcc0d70}: <clinit>> (0x000000008bcc0d70) thrown at [./src/hotspot/share/prims/jni.cpp, line 1365]
Event: 1271.690 Thread 0x0000018691518000 Exception <a 'java/lang/NoSuchMethodError'{0x000000008bb19b50}: <clinit>> (0x000000008bb19b50) thrown at [./src/hotspot/share/prims/jni.cpp, line 1365]
Event: 1271.691 Thread 0x0000018691518000 Exception <a 'java/lang/NoSuchMethodError'{0x000000008bb4bc10}: <clinit>> (0x000000008bb4bc10) thrown at [./src/hotspot/share/prims/jni.cpp, line 1365]
Event: 1271.691 Thread 0x0000018691518000 Exception <a 'java/lang/NoSuchMethodError'{0x000000008bb4f078}: <clinit>> (0x000000008bb4f078) thrown at [./src/hotspot/share/prims/jni.cpp, line 1365]
Event: 1271.691 Thread 0x0000018691518000 Exception <a 'java/lang/NoSuchMethodError'{0x000000008bb51ce8}: <clinit>> (0x000000008bb51ce8) thrown at [./src/hotspot/share/prims/jni.cpp, line 1365]
Event: 1271.692 Thread 0x0000018691518000 Exception <a 'java/lang/NoSuchMethodError'{0x000000008bb69cf8}: <clinit>> (0x000000008bb69cf8) thrown at [./src/hotspot/share/prims/jni.cpp, line 1365]
Event: 1271.692 Thread 0x0000018691518000 Exception <a 'java/lang/NoSuchMethodError'{0x000000008bb81640}: <clinit>> (0x000000008bb81640) thrown at [./src/hotspot/share/prims/jni.cpp, line 1365]
Event: 1271.693 Thread 0x0000018691518000 Exception <a 'java/lang/NoSuchMethodError'{0x000000008bb960c0}: <clinit>> (0x000000008bb960c0) thrown at [./src/hotspot/share/prims/jni.cpp, line 1365]
Event: 1271.694 Thread 0x0000018691518000 Exception <a 'java/lang/NoSuchMethodError'{0x000000008bbb8e98}: <clinit>> (0x000000008bbb8e98) thrown at [./src/hotspot/share/prims/jni.cpp, line 1365]
Event: 1271.695 Thread 0x0000018691518000 Exception <a 'java/lang/NoSuchMethodError'{0x000000008bbde2e0}: <clinit>> (0x000000008bbde2e0) thrown at [./src/hotspot/share/prims/jni.cpp, line 1365]
Event: 1271.695 Thread 0x0000018691518000 Exception <a 'java/lang/NoSuchMethodError'{0x000000008bbf2b00}: <clinit>> (0x000000008bbf2b00) thrown at [./src/hotspot/share/prims/jni.cpp, line 1365]
Event: 1272.474 Thread 0x0000018691518000 Implicit null exception at 0x00000186885980c0 to 0x000001868859c858
Event: 1272.519 Thread 0x0000018691518000 Exception <a 'java/lang/NoSuchMethodError'{0x000000008e77e5c8}: <clinit>> (0x000000008e77e5c8) thrown at [./src/hotspot/share/prims/jni.cpp, line 1365]
Event: 1272.528 Thread 0x0000018691518000 Exception <a 'java/lang/NoSuchMethodError'{0x000000008e6e7f48}: <clinit>> (0x000000008e6e7f48) thrown at [./src/hotspot/share/prims/jni.cpp, line 1365]

Events (20 events):
Event: 1272.971 loading class com/android/aapt/Resources$Attribute$Symbol$Builder done
Event: 1272.995 loading class com/android/aaptcompiler/FileReference
Event: 1272.995 loading class com/android/aaptcompiler/FileReference done
Event: 1272.995 loading class com/android/aapt/Resources$Primitive$NullTypeOrBuilder
Event: 1272.995 loading class com/android/aapt/Resources$Primitive$NullTypeOrBuilder done
Event: 1272.995 loading class com/android/aapt/Resources$Primitive$EmptyTypeOrBuilder
Event: 1272.995 loading class com/android/aapt/Resources$Primitive$EmptyTypeOrBuilder done
Event: 1272.996 loading class com/android/aapt/Resources$Primitive$1
Event: 1272.996 loading class com/android/aapt/Resources$Primitive$1 done
Event: 1272.996 loading class com/android/aapt/Resources$Primitive$Builder
Event: 1272.996 loading class com/android/aapt/Resources$Primitive$Builder done
Event: 1272.997 loading class com/android/aapt/Resources$Primitive$EmptyType
Event: 1272.997 loading class com/android/aapt/Resources$Primitive$EmptyType done
Event: 1272.998 loading class com/android/aapt/Resources$Primitive$NullType
Event: 1272.998 loading class com/android/aapt/Resources$Primitive$NullType done
Event: 1273.012 loading class com/android/aapt/Resources$Id$1
Event: 1273.012 loading class com/android/aapt/Resources$Id$1 done
Event: 1273.012 loading class com/android/aapt/Resources$Id$Builder
Event: 1273.012 loading class com/android/aapt/Resources$Id$Builder done
Event: 1273.022 Executing VM operation: G1CollectForAllocation


Dynamic libraries:
0x00007ff7d8c10000 - 0x00007ff7d8c1a000 	D:\AS\jre\bin\java.exe
0x00007ff8e2110000 - 0x00007ff8e2308000 	C:\WINDOWS\SYSTEM32\ntdll.dll
0x00007ff8e0220000 - 0x00007ff8e02dd000 	C:\WINDOWS\System32\KERNEL32.DLL
0x00007ff8dfb40000 - 0x00007ff8dfe0e000 	C:\WINDOWS\System32\KERNELBASE.dll
0x00007ff8dfe10000 - 0x00007ff8dff10000 	C:\WINDOWS\System32\ucrtbase.dll
0x00007ff8d5220000 - 0x00007ff8d5239000 	D:\AS\jre\bin\jli.dll
0x00007ff8d5050000 - 0x00007ff8d5067000 	D:\AS\jre\bin\VCRUNTIME140.dll
0x00007ff8e0680000 - 0x00007ff8e0820000 	C:\WINDOWS\System32\USER32.dll
0x00007ff8dfae0000 - 0x00007ff8dfb02000 	C:\WINDOWS\System32\win32u.dll
0x00007ff8e1080000 - 0x00007ff8e10aa000 	C:\WINDOWS\System32\GDI32.dll
0x00007ff8bda20000 - 0x00007ff8bdcba000 	C:\WINDOWS\WinSxS\amd64_microsoft.windows.common-controls_6595b64144ccf1df_6.0.19041.1110_none_60b5254171f9507e\COMCTL32.dll
0x00007ff8dff10000 - 0x00007ff8e001b000 	C:\WINDOWS\System32\gdi32full.dll
0x00007ff8e0820000 - 0x00007ff8e08be000 	C:\WINDOWS\System32\msvcrt.dll
0x00007ff8df830000 - 0x00007ff8df8cd000 	C:\WINDOWS\System32\msvcp_win.dll
0x00007ff8e10b0000 - 0x00007ff8e10e0000 	C:\WINDOWS\System32\IMM32.DLL
0x00007ff8c8230000 - 0x00007ff8c82cd000 	D:\AS\jre\bin\msvcp140.dll
0x00007ff883520000 - 0x00007ff884005000 	D:\AS\jre\bin\server\jvm.dll
0x00007ff8e0170000 - 0x00007ff8e021e000 	C:\WINDOWS\System32\ADVAPI32.dll
0x00007ff8e1290000 - 0x00007ff8e132c000 	C:\WINDOWS\System32\sechost.dll
0x00007ff8e0f50000 - 0x00007ff8e1075000 	C:\WINDOWS\System32\RPCRT4.dll
0x00007ff8e1ee0000 - 0x00007ff8e1ee8000 	C:\WINDOWS\System32\PSAPI.DLL
0x00007ff8bafe0000 - 0x00007ff8bafe9000 	C:\WINDOWS\SYSTEM32\WSOCK32.dll
0x00007ff8d3470000 - 0x00007ff8d3497000 	C:\WINDOWS\SYSTEM32\WINMM.dll
0x00007ff8da900000 - 0x00007ff8da90a000 	C:\WINDOWS\SYSTEM32\VERSION.dll
0x00007ff8e09f0000 - 0x00007ff8e0a5b000 	C:\WINDOWS\System32\WS2_32.dll
0x00007ff8dd660000 - 0x00007ff8dd672000 	C:\WINDOWS\SYSTEM32\kernel.appcore.dll
0x00007ff8d4f70000 - 0x00007ff8d4f81000 	D:\AS\jre\bin\verify.dll
0x00007ff8d0fe0000 - 0x00007ff8d11c4000 	C:\WINDOWS\SYSTEM32\DBGHELP.DLL
0x00007ff8d0f60000 - 0x00007ff8d0f8c000 	C:\WINDOWS\SYSTEM32\dbgcore.DLL
0x00007ff8e00e0000 - 0x00007ff8e0162000 	C:\WINDOWS\System32\bcryptPrimitives.dll
0x00007ff8d4d90000 - 0x00007ff8d4db9000 	D:\AS\jre\bin\java.dll
0x00007ff8d52e0000 - 0x00007ff8d52eb000 	D:\AS\jre\bin\jimage.dll
0x00007ff8d4d70000 - 0x00007ff8d4d88000 	D:\AS\jre\bin\zip.dll
0x00007ff8e1410000 - 0x00007ff8e1b53000 	C:\WINDOWS\System32\SHELL32.dll
0x00007ff8dd940000 - 0x00007ff8de0d5000 	C:\WINDOWS\SYSTEM32\windows.storage.dll
0x00007ff8e1b80000 - 0x00007ff8e1ed4000 	C:\WINDOWS\System32\combase.dll
0x00007ff8df1c0000 - 0x00007ff8df1f0000 	C:\WINDOWS\SYSTEM32\Wldp.dll
0x00007ff8e05d0000 - 0x00007ff8e067d000 	C:\WINDOWS\System32\SHCORE.dll
0x00007ff8e0a60000 - 0x00007ff8e0ab5000 	C:\WINDOWS\System32\shlwapi.dll
0x00007ff8df770000 - 0x00007ff8df78f000 	C:\WINDOWS\SYSTEM32\profapi.dll
0x00007ff8d3900000 - 0x00007ff8d391a000 	D:\AS\jre\bin\net.dll
0x00007ff8d59c0000 - 0x00007ff8d5aca000 	C:\WINDOWS\SYSTEM32\WINHTTP.dll
0x00007ff8def20000 - 0x00007ff8def8a000 	C:\WINDOWS\system32\mswsock.dll
0x00007ff8d24f0000 - 0x00007ff8d2504000 	D:\AS\jre\bin\nio.dll
0x00007ff8cf040000 - 0x00007ff8cf067000 	C:\Users\ochuhvitskyy\.gradle\native\e1d6ef7f7dcc3fd88c89a11ec53ec762bb8ba0a96d01ffa2cd45eb1d1d8dd5c5\windows-amd64\native-platform.dll
0x00007ff8be3a0000 - 0x00007ff8be4e4000 	C:\Users\ochuhvitskyy\.gradle\native\5664cfc778a61ccfe75a443a1ab52a65af34e5dc3c78e0209fed803814484fcb\windows-amd64\native-platform-file-events.dll
0x00007ff8d4ff0000 - 0x00007ff8d4ffa000 	D:\AS\jre\bin\management.dll
0x00007ff8d4f60000 - 0x00007ff8d4f6d000 	D:\AS\jre\bin\management_ext.dll
0x00007ff8df120000 - 0x00007ff8df138000 	C:\WINDOWS\SYSTEM32\CRYPTSP.dll
0x00007ff8de8a0000 - 0x00007ff8de8d4000 	C:\WINDOWS\system32\rsaenh.dll
0x00007ff8dfb10000 - 0x00007ff8dfb37000 	C:\WINDOWS\System32\bcrypt.dll
0x00007ff8df730000 - 0x00007ff8df75e000 	C:\WINDOWS\SYSTEM32\USERENV.dll
0x00007ff8df110000 - 0x00007ff8df11c000 	C:\WINDOWS\SYSTEM32\CRYPTBASE.dll
0x00007ff8dec10000 - 0x00007ff8dec4b000 	C:\WINDOWS\SYSTEM32\IPHLPAPI.DLL
0x00007ff8e0f40000 - 0x00007ff8e0f48000 	C:\WINDOWS\System32\NSI.dll
0x00007ff8d97c0000 - 0x00007ff8d97d7000 	C:\WINDOWS\SYSTEM32\dhcpcsvc6.DLL
0x00007ff8d9540000 - 0x00007ff8d955d000 	C:\WINDOWS\SYSTEM32\dhcpcsvc.DLL
0x00007ff8dec50000 - 0x00007ff8ded1a000 	C:\WINDOWS\SYSTEM32\DNSAPI.dll

dbghelp: loaded successfully - version: 4.0.5 - missing functions: none
symbol engine: initialized successfully - sym options: 0x614 - pdb path: .;D:\AS\jre\bin;C:\WINDOWS\SYSTEM32;C:\WINDOWS\WinSxS\amd64_microsoft.windows.common-controls_6595b64144ccf1df_6.0.19041.1110_none_60b5254171f9507e;D:\AS\jre\bin\server;C:\Users\ochuhvitskyy\.gradle\native\e1d6ef7f7dcc3fd88c89a11ec53ec762bb8ba0a96d01ffa2cd45eb1d1d8dd5c5\windows-amd64;C:\Users\ochuhvitskyy\.gradle\native\5664cfc778a61ccfe75a443a1ab52a65af34e5dc3c78e0209fed803814484fcb\windows-amd64

VM Arguments:
jvm_args: --add-opens=java.base/java.util=ALL-UNNAMED --add-opens=java.base/java.lang=ALL-UNNAMED --add-opens=java.base/java.lang.invoke=ALL-UNNAMED --add-opens=java.base/java.util=ALL-UNNAMED --add-opens=java.prefs/java.util.prefs=ALL-UNNAMED --add-opens=java.prefs/java.util.prefs=ALL-UNNAMED --add-opens=java.base/java.nio.charset=ALL-UNNAMED --add-opens=java.base/java.net=ALL-UNNAMED --add-opens=java.base/java.util.concurrent.atomic=ALL-UNNAMED -Xmx2048m -Dfile.encoding=UTF-8 -Duser.country=UA -Duser.language=uk -Duser.variant 
java_command: org.gradle.launcher.daemon.bootstrap.GradleDaemon 7.3.3
java_class_path (initial): C:\Users\ochuhvitskyy\.gradle\wrapper\dists\gradle-7.3.3-bin\6a41zxkdtcxs8rphpq6y0069z\gradle-7.3.3\lib\gradle-launcher-7.3.3.jar
Launcher Type: SUN_STANDARD

[Global flags]
     intx CICompilerCount                          = 3                                         {product} {ergonomic}
     uint ConcGCThreads                            = 1                                         {product} {ergonomic}
     uint G1ConcRefinementThreads                  = 4                                         {product} {ergonomic}
   size_t G1HeapRegionSize                         = 1048576                                   {product} {ergonomic}
    uintx GCDrainStackTargetSize                   = 64                                        {product} {ergonomic}
   size_t InitialHeapSize                          = 67108864                                  {product} {ergonomic}
   size_t MarkStackSize                            = 4194304                                   {product} {ergonomic}
   size_t MaxHeapSize                              = 2147483648                                {product} {command line}
   size_t MaxNewSize                               = 1287651328                                {product} {ergonomic}
   size_t MinHeapDeltaBytes                        = 1048576                                   {product} {ergonomic}
    uintx NonNMethodCodeHeapSize                   = 5830732                                {pd product} {ergonomic}
    uintx NonProfiledCodeHeapSize                  = 122913754                              {pd product} {ergonomic}
    uintx ProfiledCodeHeapSize                     = 122913754                              {pd product} {ergonomic}
    uintx ReservedCodeCacheSize                    = 251658240                              {pd product} {ergonomic}
     bool SegmentedCodeCache                       = true                                      {product} {ergonomic}
     bool UseCompressedClassPointers               = true                                 {lp64_product} {ergonomic}
     bool UseCompressedOops                        = true                                 {lp64_product} {ergonomic}
     bool UseG1GC                                  = true                                      {product} {ergonomic}
     bool UseLargePagesIndividualAllocation        = false                                  {pd product} {ergonomic}

Logging:
Log output configuration:
 #0: stdout all=warning uptime,level,tags
 #1: stderr all=off uptime,level,tags

Environment Variables:
PATH=C:\Program Files\Common Files\Oracle\Java\javapath;C:\Program Files (x86)\NVIDIA Corporation\PhysX\Common;C:\WINDOWS\system32;C:\WINDOWS;C:\WINDOWS\System32\Wbem;C:\WINDOWS\System32\WindowsPowerShell\v1.0\;C:\WINDOWS\System32\OpenSSH\;C:\Program Files (x86)\Windows Kits\8.1\Windows Performance Toolkit\;C:\Program Files (x86)\IVI Foundation\VISA\WinNT\Bin;C:\Program Files\IVI Foundation\VISA\Win64\Bin\;C:\VISA\WinNTBin;C:\Program Files\Git\cmd;C:\Users\ochuhvitskyy\AppData\Local\Microsoft\WindowsApps;C:\Users\ochuhvitskyy\AppData\Local\GitHubDesktop\bin
USERNAME=ochuhvitskyy
OS=Windows_NT
PROCESSOR_IDENTIFIER=Intel64 Family 6 Model 158 Stepping 11, GenuineIntel



---------------  S Y S T E M  ---------------

OS: Windows 10 , 64 bit Build 19041 (10.0.19041.1889)
OS uptime: 1 days 3:28 hours

CPU:total 4 (initial active 4) (4 cores per cpu, 1 threads per core) family 6 model 158 stepping 11 microcode 0xb4, cmov, cx8, fxsr, mmx, sse, sse2, sse3, ssse3, sse4.1, sse4.2, popcnt, avx, avx2, aes, clmul, erms, 3dnowpref, lzcnt, tsc, tscinvbit, bmi1, bmi2, adx, fma

Memory: 4k page, system-wide physical 4044M (268M free)
TotalPageFile size 8140M (AvailPageFile size 90M)
current process WorkingSet (physical memory assigned to process): 407M, peak: 471M
current process commit charge ("private bytes"): 588M, peak: 684M

vm_info: OpenJDK 64-Bit Server VM (11.0.12+7-b1504.28-7817840) for windows-amd64 JRE (11.0.12+7-b1504.28-7817840), built on Oct 13 2021 22:12:33 by "builder" with MS VC++ 14.0 (VS2015)

END.
